{"/home/ayanworks/app/src/constants.ts": {"path":"/home/ayanworks/app/src/constants.ts","statementMap":{"0":{"start":{"line":1,"column":31},"end":{"line":1,"column":35}},"1":{"start":{"line":3,"column":28},"end":{"line":3,"column":41}},"2":{"start":{"line":6,"column":2},"end":{"line":6,"column":153}},"3":{"start":{"line":9,"column":2},"end":{"line":9,"column":68}},"4":{"start":{"line":26,"column":4},"end":{"line":30,"column":1}}},"fnMap":{},"branchMap":{},"s":{"0":11,"1":11,"2":11,"3":11,"4":11},"f":{},"b":{},"_coverageSchema":"1a1c01bbd47fc00a2c39e90264f33305004495a9","hash":"cdb3860cf84d8ec12004bef4fbaf516a5ed0d6c6"}
,"/home/ayanworks/app/src/api/index.ts": {"path":"/home/ayanworks/app/src/api/index.ts","statementMap":{"0":{"start":{"line":5,"column":17},"end":{"line":10,"column":2}},"1":{"start":{"line":12,"column":18},"end":{"line":14,"column":1}},"2":{"start":{"line":13,"column":2},"end":{"line":13,"column":15}},"3":{"start":{"line":16,"column":23},"end":{"line":18,"column":1}},"4":{"start":{"line":17,"column":2},"end":{"line":17,"column":14}},"5":{"start":{"line":20,"column":19},"end":{"line":22,"column":1}},"6":{"start":{"line":21,"column":2},"end":{"line":21,"column":22}},"7":{"start":{"line":24,"column":24},"end":{"line":26,"column":1}},"8":{"start":{"line":25,"column":2},"end":{"line":25,"column":14}},"9":{"start":{"line":28,"column":0},"end":{"line":28,"column":60}},"10":{"start":{"line":29,"column":0},"end":{"line":29,"column":63}}},"fnMap":{"0":{"name":"(anonymous_0)","decl":{"start":{"line":12,"column":18},"end":{"line":12,"column":19}},"loc":{"start":{"line":12,"column":70},"end":{"line":14,"column":1}},"line":12},"1":{"name":"(anonymous_1)","decl":{"start":{"line":16,"column":23},"end":{"line":16,"column":24}},"loc":{"start":{"line":16,"column":58},"end":{"line":18,"column":1}},"line":16},"2":{"name":"(anonymous_2)","decl":{"start":{"line":20,"column":19},"end":{"line":20,"column":20}},"loc":{"start":{"line":20,"column":63},"end":{"line":22,"column":1}},"line":20},"3":{"name":"(anonymous_3)","decl":{"start":{"line":24,"column":24},"end":{"line":24,"column":25}},"loc":{"start":{"line":24,"column":59},"end":{"line":26,"column":1}},"line":24}},"branchMap":{},"s":{"0":1,"1":1,"2":0,"3":1,"4":0,"5":1,"6":0,"7":1,"8":0,"9":1,"10":1},"f":{"0":0,"1":0,"2":0,"3":0},"b":{},"_coverageSchema":"1a1c01bbd47fc00a2c39e90264f33305004495a9","hash":"7707b93b3b28de3d4eaa40eff08aab49323a69f5"}
,"/home/ayanworks/app/src/api/auth/index.ts": {"path":"/home/ayanworks/app/src/api/auth/index.ts","statementMap":{"0":{"start":{"line":9,"column":13},"end":{"line":21,"column":1}},"1":{"start":{"line":10,"column":2},"end":{"line":20,"column":3}},"2":{"start":{"line":15,"column":6},"end":{"line":15,"column":67}},"3":{"start":{"line":18,"column":6},"end":{"line":18,"column":69}}},"fnMap":{"0":{"name":"(anonymous_0)","decl":{"start":{"line":9,"column":13},"end":{"line":9,"column":14}},"loc":{"start":{"line":9,"column":42},"end":{"line":21,"column":1}},"line":9},"1":{"name":"(anonymous_1)","decl":{"start":{"line":11,"column":4},"end":{"line":11,"column":5}},"loc":{"start":{"line":14,"column":37},"end":{"line":16,"column":5}},"line":14},"2":{"name":"(anonymous_2)","decl":{"start":{"line":17,"column":4},"end":{"line":17,"column":5}},"loc":{"start":{"line":17,"column":79},"end":{"line":19,"column":5}},"line":17}},"branchMap":{"0":{"loc":{"start":{"line":13,"column":6},"end":{"line":13,"column":17}},"type":"default-arg","locations":[{"start":{"line":13,"column":15},"end":{"line":13,"column":17}}],"line":13},"1":{"loc":{"start":{"line":17,"column":38},"end":{"line":17,"column":49}},"type":"default-arg","locations":[{"start":{"line":17,"column":47},"end":{"line":17,"column":49}}],"line":17}},"s":{"0":1,"1":1,"2":0,"3":0},"f":{"0":1,"1":0,"2":0},"b":{"0":[0],"1":[0]},"_coverageSchema":"1a1c01bbd47fc00a2c39e90264f33305004495a9","hash":"04371dac93c96bdbf02873baad51abbf5da8b24c"}
,"/home/ayanworks/app/src/components/index.ts": {"path":"/home/ayanworks/app/src/components/index.ts","statementMap":{},"fnMap":{},"branchMap":{},"s":{},"f":{},"b":{},"_coverageSchema":"1a1c01bbd47fc00a2c39e90264f33305004495a9","hash":"8a8f231af3acd1515f9225988c194456d775543c"}
,"/home/ayanworks/app/src/components/button/Button.tsx": {"path":"/home/ayanworks/app/src/components/button/Button.tsx","statementMap":{"0":{"start":{"line":20,"column":38},"end":{"line":37,"column":1}},"1":{"start":{"line":27,"column":2},"end":{"line":36,"column":3}}},"fnMap":{"0":{"name":"(anonymous_0)","decl":{"start":{"line":20,"column":38},"end":{"line":20,"column":39}},"loc":{"start":{"line":26,"column":6},"end":{"line":37,"column":1}},"line":26}},"branchMap":{"0":{"loc":{"start":{"line":22,"column":2},"end":{"line":22,"column":33}},"type":"default-arg","locations":[{"start":{"line":22,"column":15},"end":{"line":22,"column":33}}],"line":22},"1":{"loc":{"start":{"line":25,"column":2},"end":{"line":25,"column":18}},"type":"default-arg","locations":[{"start":{"line":25,"column":13},"end":{"line":25,"column":18}}],"line":25}},"s":{"0":7,"1":1},"f":{"0":1},"b":{"0":[0],"1":[1]},"_coverageSchema":"1a1c01bbd47fc00a2c39e90264f33305004495a9","hash":"9e7bbec9c9b42283be9c407f93af7ba12d34452d"}
,"/home/ayanworks/app/src/components/checkbox/CheckBoxRow.tsx": {"path":"/home/ayanworks/app/src/components/checkbox/CheckBoxRow.tsx","statementMap":{"0":{"start":{"line":14,"column":14},"end":{"line":26,"column":2}},"1":{"start":{"line":28,"column":37},"end":{"line":57,"column":1}},"2":{"start":{"line":34,"column":21},"end":{"line":34,"column":72}},"3":{"start":{"line":36,"column":2},"end":{"line":56,"column":3}}},"fnMap":{"0":{"name":"(anonymous_0)","decl":{"start":{"line":28,"column":37},"end":{"line":28,"column":38}},"loc":{"start":{"line":33,"column":6},"end":{"line":57,"column":1}},"line":33}},"branchMap":{"0":{"loc":{"start":{"line":34,"column":24},"end":{"line":34,"column":71}},"type":"binary-expr","locations":[{"start":{"line":34,"column":24},"end":{"line":34,"column":42}},{"start":{"line":34,"column":46},"end":{"line":34,"column":71}}],"line":34},"1":{"loc":{"start":{"line":44,"column":9},"end":{"line":52,"column":9}},"type":"cond-expr","locations":[{"start":{"line":45,"column":10},"end":{"line":45,"column":79}},{"start":{"line":47,"column":10},"end":{"line":51,"column":12}}],"line":44}},"s":{"0":1,"1":1,"2":1,"3":1},"f":{"0":1},"b":{"0":[1,0],"1":[0,1]},"_coverageSchema":"1a1c01bbd47fc00a2c39e90264f33305004495a9","hash":"0d47794c2757379affed638b1e4426eed23ef262"}
,"/home/ayanworks/app/src/components/inputs/SearchBar.tsx": {"path":"/home/ayanworks/app/src/components/inputs/SearchBar.tsx","statementMap":{"0":{"start":{"line":6,"column":15},"end":{"line":37,"column":2}},"1":{"start":{"line":45,"column":35},"end":{"line":108,"column":1}},"2":{"start":{"line":51,"column":2},"end":{"line":107,"column":3}},"3":{"start":{"line":76,"column":12},"end":{"line":76,"column":28}},"4":{"start":{"line":87,"column":14},"end":{"line":87,"column":33}},"5":{"start":{"line":88,"column":14},"end":{"line":88,"column":31}},"6":{"start":{"line":99,"column":14},"end":{"line":99,"column":32}},"7":{"start":{"line":100,"column":14},"end":{"line":100,"column":31}},"8":{"start":{"line":101,"column":14},"end":{"line":101,"column":33}}},"fnMap":{"0":{"name":"(anonymous_0)","decl":{"start":{"line":45,"column":35},"end":{"line":45,"column":36}},"loc":{"start":{"line":50,"column":6},"end":{"line":108,"column":1}},"line":50},"1":{"name":"(anonymous_1)","decl":{"start":{"line":75,"column":19},"end":{"line":75,"column":20}},"loc":{"start":{"line":75,"column":25},"end":{"line":77,"column":11}},"line":75},"2":{"name":"(anonymous_2)","decl":{"start":{"line":86,"column":21},"end":{"line":86,"column":22}},"loc":{"start":{"line":86,"column":27},"end":{"line":89,"column":13}},"line":86},"3":{"name":"(anonymous_3)","decl":{"start":{"line":98,"column":21},"end":{"line":98,"column":22}},"loc":{"start":{"line":98,"column":27},"end":{"line":102,"column":13}},"line":98}},"branchMap":{"0":{"loc":{"start":{"line":54,"column":15},"end":{"line":54,"column":76}},"type":"cond-expr","locations":[{"start":{"line":54,"column":25},"end":{"line":54,"column":48}},{"start":{"line":54,"column":51},"end":{"line":54,"column":76}}],"line":54},"1":{"loc":{"start":{"line":80,"column":9},"end":{"line":91,"column":9}},"type":"binary-expr","locations":[{"start":{"line":80,"column":9},"end":{"line":80,"column":16}},{"start":{"line":81,"column":10},"end":{"line":90,"column":12}}],"line":80},"2":{"loc":{"start":{"line":94,"column":7},"end":{"line":105,"column":7}},"type":"binary-expr","locations":[{"start":{"line":94,"column":7},"end":{"line":94,"column":14}},{"start":{"line":95,"column":8},"end":{"line":104,"column":15}}],"line":94}},"s":{"0":1,"1":1,"2":2,"3":0,"4":0,"5":0,"6":0,"7":0,"8":0},"f":{"0":2,"1":0,"2":0,"3":0},"b":{"0":[0,2],"1":[2,0],"2":[2,0]},"_coverageSchema":"1a1c01bbd47fc00a2c39e90264f33305004495a9","hash":"a7523c4ce5cbfd136c24575524c3d437ef386740"}
,"/home/ayanworks/app/src/components/inputs/SingleSelectBlock.tsx": {"path":"/home/ayanworks/app/src/components/inputs/SingleSelectBlock.tsx","statementMap":{"0":{"start":{"line":12,"column":15},"end":{"line":26,"column":2}},"1":{"start":{"line":38,"column":43},"end":{"line":66,"column":1}},"2":{"start":{"line":43,"column":34},"end":{"line":43,"column":73}},"3":{"start":{"line":45,"column":23},"end":{"line":48,"column":3}},"4":{"start":{"line":46,"column":4},"end":{"line":46,"column":25}},"5":{"start":{"line":47,"column":4},"end":{"line":47,"column":22}},"6":{"start":{"line":50,"column":2},"end":{"line":65,"column":3}},"7":{"start":{"line":53,"column":8},"end":{"line":62,"column":27}},"8":{"start":{"line":56,"column":25},"end":{"line":56,"column":43}}},"fnMap":{"0":{"name":"(anonymous_0)","decl":{"start":{"line":38,"column":43},"end":{"line":38,"column":44}},"loc":{"start":{"line":42,"column":6},"end":{"line":66,"column":1}},"line":42},"1":{"name":"(anonymous_1)","decl":{"start":{"line":45,"column":23},"end":{"line":45,"column":24}},"loc":{"start":{"line":45,"column":53},"end":{"line":48,"column":3}},"line":45},"2":{"name":"(anonymous_2)","decl":{"start":{"line":52,"column":21},"end":{"line":52,"column":22}},"loc":{"start":{"line":53,"column":8},"end":{"line":62,"column":27}},"line":53},"3":{"name":"(anonymous_3)","decl":{"start":{"line":56,"column":19},"end":{"line":56,"column":20}},"loc":{"start":{"line":56,"column":25},"end":{"line":56,"column":43}},"line":56}},"branchMap":{"0":{"loc":{"start":{"line":43,"column":43},"end":{"line":43,"column":72}},"type":"binary-expr","locations":[{"start":{"line":43,"column":43},"end":{"line":43,"column":56}},{"start":{"line":43,"column":60},"end":{"line":43,"column":72}}],"line":43},"1":{"loc":{"start":{"line":59,"column":11},"end":{"line":61,"column":18}},"type":"cond-expr","locations":[{"start":{"line":60,"column":12},"end":{"line":60,"column":77}},{"start":{"line":61,"column":14},"end":{"line":61,"column":18}}],"line":59}},"s":{"0":6,"1":6,"2":0,"3":0,"4":0,"5":0,"6":0,"7":0,"8":0},"f":{"0":0,"1":0,"2":0,"3":0},"b":{"0":[0,0],"1":[0,0]},"_coverageSchema":"1a1c01bbd47fc00a2c39e90264f33305004495a9","hash":"4d411b53e666005f41c79b47b15b3bd03b873dee"}
,"/home/ayanworks/app/src/components/inputs/TextInput.tsx": {"path":"/home/ayanworks/app/src/components/inputs/TextInput.tsx","statementMap":{"0":{"start":{"line":16,"column":15},"end":{"line":33,"column":2}},"1":{"start":{"line":35,"column":35},"end":{"line":53,"column":1}},"2":{"start":{"line":36,"column":32},"end":{"line":36,"column":47}},"3":{"start":{"line":38,"column":2},"end":{"line":52,"column":3}},"4":{"start":{"line":47,"column":23},"end":{"line":47,"column":39}},"5":{"start":{"line":48,"column":22},"end":{"line":48,"column":39}}},"fnMap":{"0":{"name":"(anonymous_0)","decl":{"start":{"line":35,"column":35},"end":{"line":35,"column":36}},"loc":{"start":{"line":35,"column":69},"end":{"line":53,"column":1}},"line":35},"1":{"name":"(anonymous_1)","decl":{"start":{"line":47,"column":17},"end":{"line":47,"column":18}},"loc":{"start":{"line":47,"column":23},"end":{"line":47,"column":39}},"line":47},"2":{"name":"(anonymous_2)","decl":{"start":{"line":48,"column":16},"end":{"line":48,"column":17}},"loc":{"start":{"line":48,"column":22},"end":{"line":48,"column":39}},"line":48}},"branchMap":{"0":{"loc":{"start":{"line":44,"column":10},"end":{"line":44,"column":63}},"type":"binary-expr","locations":[{"start":{"line":44,"column":10},"end":{"line":44,"column":17}},{"start":{"line":44,"column":21},"end":{"line":44,"column":63}}],"line":44}},"s":{"0":7,"1":7,"2":1,"3":1,"4":0,"5":0},"f":{"0":1,"1":0,"2":0},"b":{"0":[1,0]},"_coverageSchema":"1a1c01bbd47fc00a2c39e90264f33305004495a9","hash":"291fa5fdab9822f0d8060b2bd1be0be7dd4e6c74"}
,"/home/ayanworks/app/src/components/listItems/ContactListItem.tsx": {"path":"/home/ayanworks/app/src/components/listItems/ContactListItem.tsx","statementMap":{"0":{"start":{"line":17,"column":15},"end":{"line":28,"column":2}},"1":{"start":{"line":30,"column":41},"end":{"line":51,"column":1}},"2":{"start":{"line":31,"column":21},"end":{"line":31,"column":77}},"3":{"start":{"line":33,"column":2},"end":{"line":50,"column":3}},"4":{"start":{"line":36,"column":8},"end":{"line":38,"column":10}}},"fnMap":{"0":{"name":"(anonymous_0)","decl":{"start":{"line":30,"column":41},"end":{"line":30,"column":42}},"loc":{"start":{"line":30,"column":58},"end":{"line":51,"column":1}},"line":30},"1":{"name":"(anonymous_1)","decl":{"start":{"line":35,"column":15},"end":{"line":35,"column":16}},"loc":{"start":{"line":36,"column":8},"end":{"line":38,"column":10}},"line":36}},"branchMap":{"0":{"loc":{"start":{"line":43,"column":14},"end":{"line":43,"column":58}},"type":"binary-expr","locations":[{"start":{"line":43,"column":14},"end":{"line":43,"column":28}},{"start":{"line":43,"column":32},"end":{"line":43,"column":58}}],"line":43}},"s":{"0":6,"1":6,"2":0,"3":0,"4":0},"f":{"0":0,"1":0},"b":{"0":[0,0]},"_coverageSchema":"1a1c01bbd47fc00a2c39e90264f33305004495a9","hash":"9291b2fef75e0c7fc7d40b9bf7af2ebdfb1d5921"}
,"/home/ayanworks/app/src/components/listItems/CredentialListItem.tsx": {"path":"/home/ayanworks/app/src/components/listItems/CredentialListItem.tsx","statementMap":{"0":{"start":{"line":13,"column":62},"end":{"line":29,"column":1}},"1":{"start":{"line":16,"column":21},"end":{"line":16,"column":80}},"2":{"start":{"line":18,"column":2},"end":{"line":28,"column":3}},"3":{"start":{"line":21,"column":8},"end":{"line":23,"column":10}}},"fnMap":{"0":{"name":"(anonymous_0)","decl":{"start":{"line":13,"column":62},"end":{"line":13,"column":63}},"loc":{"start":{"line":15,"column":6},"end":{"line":29,"column":1}},"line":15},"1":{"name":"(anonymous_1)","decl":{"start":{"line":20,"column":15},"end":{"line":20,"column":16}},"loc":{"start":{"line":21,"column":8},"end":{"line":23,"column":10}},"line":21}},"branchMap":{},"s":{"0":1,"1":6,"2":6,"3":1},"f":{"0":6,"1":1},"b":{},"_coverageSchema":"1a1c01bbd47fc00a2c39e90264f33305004495a9","hash":"9b1111b14a7ff97f19f33279792e1758e57f9ae0"}
,"/home/ayanworks/app/src/components/listItems/NotificationListItem.tsx": {"path":"/home/ayanworks/app/src/components/listItems/NotificationListItem.tsx","statementMap":{"0":{"start":{"line":24,"column":17},"end":{"line":24,"column":19}},"1":{"start":{"line":36,"column":15},"end":{"line":74,"column":2}},"2":{"start":{"line":76,"column":66},"end":{"line":177,"column":1}},"3":{"start":{"line":80,"column":21},"end":{"line":80,"column":74}},"4":{"start":{"line":81,"column":16},"end":{"line":81,"column":32}},"5":{"start":{"line":82,"column":32},"end":{"line":82,"column":44}},"6":{"start":{"line":83,"column":21},"end":{"line":85,"column":3}},"7":{"start":{"line":86,"column":20},"end":{"line":86,"column":30}},"8":{"start":{"line":88,"column":28},"end":{"line":93,"column":3}},"9":{"start":{"line":89,"column":18},"end":{"line":91,"column":5}},"10":{"start":{"line":92,"column":4},"end":{"line":92,"column":31}},"11":{"start":{"line":94,"column":31},"end":{"line":116,"column":3}},"12":{"start":{"line":96,"column":6},"end":{"line":96,"column":74}},"13":{"start":{"line":97,"column":25},"end":{"line":99,"column":5}},"14":{"start":{"line":100,"column":36},"end":{"line":102,"column":5}},"15":{"start":{"line":103,"column":4},"end":{"line":115,"column":6}},"16":{"start":{"line":104,"column":6},"end":{"line":114,"column":7}},"17":{"start":{"line":105,"column":8},"end":{"line":111,"column":10}},"18":{"start":{"line":106,"column":41},"end":{"line":108,"column":11}},"19":{"start":{"line":109,"column":10},"end":{"line":109,"column":44}},"20":{"start":{"line":110,"column":10},"end":{"line":110,"column":45}},"21":{"start":{"line":113,"column":8},"end":{"line":113,"column":32}},"22":{"start":{"line":117,"column":16},"end":{"line":117,"column":45}},"23":{"start":{"line":118,"column":2},"end":{"line":118,"column":21}},"24":{"start":{"line":120,"column":4},"end":{"line":120,"column":36}},"25":{"start":{"line":121,"column":18},"end":{"line":121,"column":59}},"26":{"start":{"line":124,"column":14},"end":{"line":124,"column":16}},"27":{"start":{"line":125,"column":13},"end":{"line":125,"column":15}},"28":{"start":{"line":127,"column":2},"end":{"line":153,"column":3}},"29":{"start":{"line":129,"column":32},"end":{"line":129,"column":78}},"30":{"start":{"line":130,"column":6},"end":{"line":133,"column":10}},"31":{"start":{"line":131,"column":8},"end":{"line":133,"column":10}},"32":{"start":{"line":134,"column":6},"end":{"line":134,"column":50}},"33":{"start":{"line":135,"column":6},"end":{"line":135,"column":34}},"34":{"start":{"line":136,"column":6},"end":{"line":136,"column":11}},"35":{"start":{"line":139,"column":6},"end":{"line":139,"column":44}},"36":{"start":{"line":140,"column":6},"end":{"line":144,"column":7}},"37":{"start":{"line":141,"column":8},"end":{"line":141,"column":22}},"38":{"start":{"line":143,"column":8},"end":{"line":143,"column":43}},"39":{"start":{"line":145,"column":6},"end":{"line":145,"column":48}},"40":{"start":{"line":146,"column":6},"end":{"line":146,"column":49}},"41":{"start":{"line":147,"column":6},"end":{"line":148,"column":79}},"42":{"start":{"line":148,"column":8},"end":{"line":148,"column":79}},"43":{"start":{"line":149,"column":6},"end":{"line":149,"column":11}},"44":{"start":{"line":152,"column":6},"end":{"line":152,"column":64}},"45":{"start":{"line":155,"column":2},"end":{"line":176,"column":3}}},"fnMap":{"0":{"name":"(anonymous_0)","decl":{"start":{"line":76,"column":66},"end":{"line":76,"column":67}},"loc":{"start":{"line":79,"column":6},"end":{"line":177,"column":1}},"line":79},"1":{"name":"(anonymous_1)","decl":{"start":{"line":88,"column":28},"end":{"line":88,"column":29}},"loc":{"start":{"line":88,"column":40},"end":{"line":93,"column":3}},"line":88},"2":{"name":"(anonymous_2)","decl":{"start":{"line":94,"column":31},"end":{"line":94,"column":32}},"loc":{"start":{"line":94,"column":70},"end":{"line":116,"column":3}},"line":94},"3":{"name":"(anonymous_3)","decl":{"start":{"line":103,"column":36},"end":{"line":103,"column":37}},"loc":{"start":{"line":103,"column":43},"end":{"line":115,"column":5}},"line":103},"4":{"name":"(anonymous_4)","decl":{"start":{"line":105,"column":47},"end":{"line":105,"column":48}},"loc":{"start":{"line":105,"column":64},"end":{"line":111,"column":9}},"line":105},"5":{"name":"(anonymous_5)","decl":{"start":{"line":130,"column":16},"end":{"line":130,"column":17}},"loc":{"start":{"line":131,"column":8},"end":{"line":133,"column":10}},"line":131},"6":{"name":"(anonymous_6)","decl":{"start":{"line":147,"column":16},"end":{"line":147,"column":17}},"loc":{"start":{"line":148,"column":8},"end":{"line":148,"column":79}},"line":148}},"branchMap":{"0":{"loc":{"start":{"line":84,"column":4},"end":{"line":84,"column":53}},"type":"binary-expr","locations":[{"start":{"line":84,"column":4},"end":{"line":84,"column":47}},{"start":{"line":84,"column":51},"end":{"line":84,"column":53}}],"line":84},"1":{"loc":{"start":{"line":104,"column":6},"end":{"line":114,"column":7}},"type":"if","locations":[{"start":{"line":104,"column":6},"end":{"line":114,"column":7}},{"start":{"line":112,"column":13},"end":{"line":114,"column":7}}],"line":104},"2":{"loc":{"start":{"line":127,"column":2},"end":{"line":153,"column":3}},"type":"switch","locations":[{"start":{"line":128,"column":4},"end":{"line":137,"column":5}},{"start":{"line":138,"column":4},"end":{"line":150,"column":5}},{"start":{"line":151,"column":4},"end":{"line":152,"column":64}}],"line":127},"3":{"loc":{"start":{"line":140,"column":6},"end":{"line":144,"column":7}},"type":"if","locations":[{"start":{"line":140,"column":6},"end":{"line":144,"column":7}},{"start":{"line":142,"column":13},"end":{"line":144,"column":7}}],"line":140},"4":{"loc":{"start":{"line":143,"column":15},"end":{"line":143,"column":43}},"type":"binary-expr","locations":[{"start":{"line":143,"column":15},"end":{"line":143,"column":37}},{"start":{"line":143,"column":41},"end":{"line":143,"column":43}}],"line":143}},"s":{"0":6,"1":6,"2":6,"3":0,"4":0,"5":0,"6":0,"7":0,"8":0,"9":0,"10":0,"11":0,"12":0,"13":0,"14":0,"15":0,"16":0,"17":0,"18":0,"19":0,"20":0,"21":0,"22":0,"23":0,"24":0,"25":0,"26":0,"27":0,"28":0,"29":0,"30":0,"31":0,"32":0,"33":0,"34":0,"35":0,"36":0,"37":0,"38":0,"39":0,"40":0,"41":0,"42":0,"43":0,"44":0,"45":0},"f":{"0":0,"1":0,"2":0,"3":0,"4":0,"5":0,"6":0},"b":{"0":[0,0],"1":[0,0],"2":[0,0,0],"3":[0,0],"4":[0,0]},"_coverageSchema":"1a1c01bbd47fc00a2c39e90264f33305004495a9","hash":"6a1a6ef4084d73adfd1643edcb1aed8e4329978a"}
,"/home/ayanworks/app/src/components/listItems/SettingListItem.tsx": {"path":"/home/ayanworks/app/src/components/listItems/SettingListItem.tsx","statementMap":{"0":{"start":{"line":12,"column":15},"end":{"line":26,"column":2}},"1":{"start":{"line":28,"column":41},"end":{"line":35,"column":1}},"2":{"start":{"line":29,"column":2},"end":{"line":34,"column":3}}},"fnMap":{"0":{"name":"(anonymous_0)","decl":{"start":{"line":28,"column":41},"end":{"line":28,"column":42}},"loc":{"start":{"line":28,"column":65},"end":{"line":35,"column":1}},"line":28}},"branchMap":{},"s":{"0":6,"1":6,"2":5},"f":{"0":5},"b":{},"_coverageSchema":"1a1c01bbd47fc00a2c39e90264f33305004495a9","hash":"e87a2cc5eafdfd11e4a329b3d67726f663e4d83f"}
,"/home/ayanworks/app/src/components/loader/Loader.tsx": {"path":"/home/ayanworks/app/src/components/loader/Loader.tsx","statementMap":{"0":{"start":{"line":9,"column":15},"end":{"line":16,"column":2}},"1":{"start":{"line":18,"column":38},"end":{"line":26,"column":1}},"2":{"start":{"line":19,"column":2},"end":{"line":25,"column":3}}},"fnMap":{"0":{"name":"(anonymous_0)","decl":{"start":{"line":18,"column":38},"end":{"line":18,"column":39}},"loc":{"start":{"line":18,"column":55},"end":{"line":26,"column":1}},"line":18}},"branchMap":{},"s":{"0":7,"1":7,"2":1},"f":{"0":1},"b":{},"_coverageSchema":"1a1c01bbd47fc00a2c39e90264f33305004495a9","hash":"ef427fd042fff36654c0fbf24170324d29400cb7"}
,"/home/ayanworks/app/src/components/misc/AvatarView.tsx": {"path":"/home/ayanworks/app/src/components/misc/AvatarView.tsx","statementMap":{"0":{"start":{"line":11,"column":15},"end":{"line":22,"column":2}},"1":{"start":{"line":24,"column":46},"end":{"line":32,"column":1}},"2":{"start":{"line":25,"column":2},"end":{"line":31,"column":3}}},"fnMap":{"0":{"name":"(anonymous_0)","decl":{"start":{"line":24,"column":46},"end":{"line":24,"column":47}},"loc":{"start":{"line":24,"column":60},"end":{"line":32,"column":1}},"line":24}},"branchMap":{},"s":{"0":1,"1":1,"2":6},"f":{"0":6},"b":{},"_coverageSchema":"1a1c01bbd47fc00a2c39e90264f33305004495a9","hash":"750c890718960ff89eade29bbb1e5f43c0a192c2"}
,"/home/ayanworks/app/src/components/misc/CredentialCard.tsx": {"path":"/home/ayanworks/app/src/components/misc/CredentialCard.tsx","statementMap":{"0":{"start":{"line":17,"column":15},"end":{"line":30,"column":2}},"1":{"start":{"line":32,"column":54},"end":{"line":55,"column":1}},"2":{"start":{"line":36,"column":16},"end":{"line":36,"column":32}},"3":{"start":{"line":38,"column":2},"end":{"line":54,"column":3}}},"fnMap":{"0":{"name":"(anonymous_0)","decl":{"start":{"line":32,"column":54},"end":{"line":32,"column":55}},"loc":{"start":{"line":35,"column":6},"end":{"line":55,"column":1}},"line":35}},"branchMap":{"0":{"loc":{"start":{"line":34,"column":2},"end":{"line":34,"column":12}},"type":"default-arg","locations":[{"start":{"line":34,"column":10},"end":{"line":34,"column":12}}],"line":34}},"s":{"0":1,"1":1,"2":6,"3":6},"f":{"0":6},"b":{"0":[6]},"_coverageSchema":"1a1c01bbd47fc00a2c39e90264f33305004495a9","hash":"971729c3e6b75350ff7440a16da15c56a54c137b"}
,"/home/ayanworks/app/src/components/text/HighlightTextBox.tsx": {"path":"/home/ayanworks/app/src/components/text/HighlightTextBox.tsx","statementMap":{"0":{"start":{"line":9,"column":15},"end":{"line":9,"column":17}},"1":{"start":{"line":11,"column":14},"end":{"line":28,"column":2}},"2":{"start":{"line":30,"column":49},"end":{"line":44,"column":1}},"3":{"start":{"line":31,"column":2},"end":{"line":43,"column":3}}},"fnMap":{"0":{"name":"(anonymous_0)","decl":{"start":{"line":30,"column":49},"end":{"line":30,"column":50}},"loc":{"start":{"line":30,"column":67},"end":{"line":44,"column":1}},"line":30}},"branchMap":{},"s":{"0":7,"1":7,"2":7,"3":1},"f":{"0":1},"b":{},"_coverageSchema":"1a1c01bbd47fc00a2c39e90264f33305004495a9","hash":"e07be966b5688cb2c91f4b01d1f5e207010dd64b"}
,"/home/ayanworks/app/src/components/text/InfoTextBox.tsx": {"path":"/home/ayanworks/app/src/components/text/InfoTextBox.tsx","statementMap":{"0":{"start":{"line":11,"column":17},"end":{"line":11,"column":19}},"1":{"start":{"line":12,"column":15},"end":{"line":12,"column":17}},"2":{"start":{"line":14,"column":15},"end":{"line":34,"column":2}},"3":{"start":{"line":36,"column":44},"end":{"line":49,"column":1}},"4":{"start":{"line":37,"column":2},"end":{"line":48,"column":3}}},"fnMap":{"0":{"name":"(anonymous_0)","decl":{"start":{"line":36,"column":44},"end":{"line":36,"column":45}},"loc":{"start":{"line":36,"column":62},"end":{"line":49,"column":1}},"line":36}},"branchMap":{},"s":{"0":2,"1":2,"2":2,"3":2,"4":2},"f":{"0":2},"b":{},"_coverageSchema":"1a1c01bbd47fc00a2c39e90264f33305004495a9","hash":"ff5cc1e0a046d9615d57572b26b63842e18ab2f2"}
,"/home/ayanworks/app/src/components/text/Label.tsx": {"path":"/home/ayanworks/app/src/components/text/Label.tsx","statementMap":{"0":{"start":{"line":12,"column":15},"end":{"line":35,"column":2}},"1":{"start":{"line":37,"column":31},"end":{"line":47,"column":1}},"2":{"start":{"line":38,"column":2},"end":{"line":46,"column":3}}},"fnMap":{"0":{"name":"(anonymous_0)","decl":{"start":{"line":37,"column":31},"end":{"line":37,"column":32}},"loc":{"start":{"line":37,"column":73},"end":{"line":47,"column":1}},"line":37}},"branchMap":{"0":{"loc":{"start":{"line":37,"column":41},"end":{"line":37,"column":54}},"type":"default-arg","locations":[{"start":{"line":37,"column":52},"end":{"line":37,"column":54}}],"line":37},"1":{"loc":{"start":{"line":37,"column":56},"end":{"line":37,"column":66}},"type":"default-arg","locations":[{"start":{"line":37,"column":64},"end":{"line":37,"column":66}}],"line":37}},"s":{"0":6,"1":6,"2":5},"f":{"0":5},"b":{"0":[0],"1":[5]},"_coverageSchema":"1a1c01bbd47fc00a2c39e90264f33305004495a9","hash":"1cc830c3041221b75f0cb8d5d0ffd1c0618ab32c"}
,"/home/ayanworks/app/src/components/text/Text.tsx": {"path":"/home/ayanworks/app/src/components/text/Text.tsx","statementMap":{"0":{"start":{"line":5,"column":15},"end":{"line":9,"column":2}},"1":{"start":{"line":16,"column":30},"end":{"line":18,"column":1}},"2":{"start":{"line":17,"column":2},"end":{"line":17,"column":55}}},"fnMap":{"0":{"name":"(anonymous_0)","decl":{"start":{"line":16,"column":30},"end":{"line":16,"column":31}},"loc":{"start":{"line":16,"column":55},"end":{"line":18,"column":1}},"line":16}},"branchMap":{},"s":{"0":6,"1":6,"2":24},"f":{"0":24},"b":{},"_coverageSchema":"1a1c01bbd47fc00a2c39e90264f33305004495a9","hash":"f0e7b49f10acb4e7e9b62e4f1068831ed36819a4"}
,"/home/ayanworks/app/src/components/text/Title.tsx": {"path":"/home/ayanworks/app/src/components/text/Title.tsx","statementMap":{"0":{"start":{"line":10,"column":15},"end":{"line":16,"column":2}},"1":{"start":{"line":18,"column":31},"end":{"line":20,"column":1}},"2":{"start":{"line":19,"column":2},"end":{"line":19,"column":62}}},"fnMap":{"0":{"name":"(anonymous_0)","decl":{"start":{"line":18,"column":31},"end":{"line":18,"column":32}},"loc":{"start":{"line":18,"column":56},"end":{"line":20,"column":1}},"line":18}},"branchMap":{},"s":{"0":6,"1":6,"2":12},"f":{"0":12},"b":{},"_coverageSchema":"1a1c01bbd47fc00a2c39e90264f33305004495a9","hash":"ddec2e7673f930a50b380ac4bb95e8388e5ff77c"}
,"/home/ayanworks/app/src/components/toast/BaseToast.tsx": {"path":"/home/ayanworks/app/src/components/toast/BaseToast.tsx","statementMap":{"0":{"start":{"line":25,"column":15},"end":{"line":48,"column":2}},"1":{"start":{"line":50,"column":44},"end":{"line":119,"column":1}},"2":{"start":{"line":51,"column":20},"end":{"line":51,"column":41}},"3":{"start":{"line":52,"column":19},"end":{"line":52,"column":21}},"4":{"start":{"line":53,"column":17},"end":{"line":53,"column":19}},"5":{"start":{"line":54,"column":24},"end":{"line":54,"column":26}},"6":{"start":{"line":55,"column":20},"end":{"line":55,"column":22}},"7":{"start":{"line":56,"column":18},"end":{"line":56,"column":20}},"8":{"start":{"line":57,"column":18},"end":{"line":57,"column":20}},"9":{"start":{"line":59,"column":2},"end":{"line":94,"column":3}},"10":{"start":{"line":61,"column":6},"end":{"line":61,"column":31}},"11":{"start":{"line":62,"column":6},"end":{"line":62,"column":56}},"12":{"start":{"line":63,"column":6},"end":{"line":63,"column":58}},"13":{"start":{"line":64,"column":6},"end":{"line":64,"column":54}},"14":{"start":{"line":65,"column":6},"end":{"line":65,"column":54}},"15":{"start":{"line":66,"column":6},"end":{"line":66,"column":11}},"16":{"start":{"line":69,"column":6},"end":{"line":69,"column":23}},"17":{"start":{"line":70,"column":6},"end":{"line":70,"column":53}},"18":{"start":{"line":71,"column":6},"end":{"line":71,"column":55}},"19":{"start":{"line":72,"column":6},"end":{"line":72,"column":51}},"20":{"start":{"line":73,"column":6},"end":{"line":73,"column":51}},"21":{"start":{"line":74,"column":6},"end":{"line":74,"column":11}},"22":{"start":{"line":77,"column":6},"end":{"line":77,"column":33}},"23":{"start":{"line":78,"column":6},"end":{"line":78,"column":53}},"24":{"start":{"line":79,"column":6},"end":{"line":79,"column":55}},"25":{"start":{"line":80,"column":6},"end":{"line":80,"column":51}},"26":{"start":{"line":81,"column":6},"end":{"line":81,"column":51}},"27":{"start":{"line":82,"column":6},"end":{"line":82,"column":11}},"28":{"start":{"line":85,"column":6},"end":{"line":85,"column":24}},"29":{"start":{"line":86,"column":6},"end":{"line":86,"column":54}},"30":{"start":{"line":87,"column":6},"end":{"line":87,"column":56}},"31":{"start":{"line":88,"column":6},"end":{"line":88,"column":52}},"32":{"start":{"line":89,"column":6},"end":{"line":89,"column":52}},"33":{"start":{"line":90,"column":6},"end":{"line":90,"column":11}},"34":{"start":{"line":93,"column":6},"end":{"line":93,"column":57}},"35":{"start":{"line":96,"column":2},"end":{"line":118,"column":3}}},"fnMap":{"0":{"name":"(anonymous_0)","decl":{"start":{"line":50,"column":44},"end":{"line":50,"column":45}},"loc":{"start":{"line":50,"column":76},"end":{"line":119,"column":1}},"line":50}},"branchMap":{"0":{"loc":{"start":{"line":59,"column":2},"end":{"line":94,"column":3}},"type":"switch","locations":[{"start":{"line":60,"column":4},"end":{"line":66,"column":11}},{"start":{"line":68,"column":4},"end":{"line":74,"column":11}},{"start":{"line":76,"column":4},"end":{"line":82,"column":11}},{"start":{"line":84,"column":4},"end":{"line":90,"column":11}},{"start":{"line":92,"column":4},"end":{"line":93,"column":57}}],"line":59}},"s":{"0":4,"1":4,"2":4,"3":4,"4":4,"5":4,"6":4,"7":4,"8":4,"9":4,"10":1,"11":1,"12":1,"13":1,"14":1,"15":1,"16":1,"17":1,"18":1,"19":1,"20":1,"21":1,"22":1,"23":1,"24":1,"25":1,"26":1,"27":1,"28":1,"29":1,"30":1,"31":1,"32":1,"33":1,"34":0,"35":4},"f":{"0":4},"b":{"0":[1,1,1,1,0]},"_coverageSchema":"1a1c01bbd47fc00a2c39e90264f33305004495a9","hash":"b9f522fba92052820607962e41a12d8bf15eb12a"}
,"/home/ayanworks/app/src/components/views/SafeAreaScrollView.tsx": {"path":"/home/ayanworks/app/src/components/views/SafeAreaScrollView.tsx","statementMap":{"0":{"start":{"line":11,"column":15},"end":{"line":19,"column":2}},"1":{"start":{"line":21,"column":44},"end":{"line":29,"column":1}},"2":{"start":{"line":22,"column":2},"end":{"line":28,"column":3}}},"fnMap":{"0":{"name":"(anonymous_0)","decl":{"start":{"line":21,"column":44},"end":{"line":21,"column":45}},"loc":{"start":{"line":21,"column":62},"end":{"line":29,"column":1}},"line":21}},"branchMap":{},"s":{"0":6,"1":6,"2":1},"f":{"0":1},"b":{},"_coverageSchema":"1a1c01bbd47fc00a2c39e90264f33305004495a9","hash":"eb969b5f284f584e46c33ebdcd7c58b1d5158a0d"}
,"/home/ayanworks/app/src/hooks/notifcations.ts": {"path":"/home/ayanworks/app/src/hooks/notifcations.ts","statementMap":{"0":{"start":{"line":17,"column":25},"end":{"line":26,"column":1}},"1":{"start":{"line":18,"column":17},"end":{"line":18,"column":68}},"2":{"start":{"line":19,"column":17},"end":{"line":19,"column":60}},"3":{"start":{"line":21,"column":24},"end":{"line":23,"column":3}},"4":{"start":{"line":22,"column":14},"end":{"line":22,"column":79}},"5":{"start":{"line":25,"column":2},"end":{"line":25,"column":76}}},"fnMap":{"0":{"name":"(anonymous_0)","decl":{"start":{"line":17,"column":25},"end":{"line":17,"column":26}},"loc":{"start":{"line":17,"column":46},"end":{"line":26,"column":1}},"line":17},"1":{"name":"(anonymous_1)","decl":{"start":{"line":22,"column":4},"end":{"line":22,"column":5}},"loc":{"start":{"line":22,"column":14},"end":{"line":22,"column":79}},"line":22}},"branchMap":{"0":{"loc":{"start":{"line":25,"column":55},"end":{"line":25,"column":74}},"type":"binary-expr","locations":[{"start":{"line":25,"column":55},"end":{"line":25,"column":68}},{"start":{"line":25,"column":72},"end":{"line":25,"column":74}}],"line":25}},"s":{"0":1,"1":1,"2":1,"3":1,"4":0,"5":1},"f":{"0":1,"1":0},"b":{"0":[1,0]},"_coverageSchema":"1a1c01bbd47fc00a2c39e90264f33305004495a9","hash":"f5cd406bcdb9a038812d96bba14e407c11c37eff"}
,"/home/ayanworks/app/src/screens/Home.tsx": {"path":"/home/ayanworks/app/src/screens/Home.tsx","statementMap":{"0":{"start":{"line":21,"column":18},"end":{"line":21,"column":42}},"1":{"start":{"line":25,"column":15},"end":{"line":25,"column":17}},"2":{"start":{"line":26,"column":22},"end":{"line":26,"column":23}},"3":{"start":{"line":28,"column":15},"end":{"line":56,"column":2}},"4":{"start":{"line":58,"column":34},"end":{"line":184,"column":1}},"5":{"start":{"line":59,"column":16},"end":{"line":59,"column":32}},"6":{"start":{"line":60,"column":28},"end":{"line":60,"column":46}},"7":{"start":{"line":61,"column":22},"end":{"line":64,"column":3}},"8":{"start":{"line":66,"column":2},"end":{"line":66,"column":52}},"9":{"start":{"line":67,"column":29},"end":{"line":73,"column":3}},"10":{"start":{"line":68,"column":4},"end":{"line":72,"column":11}},"11":{"start":{"line":75,"column":25},"end":{"line":121,"column":3}},"12":{"start":{"line":76,"column":4},"end":{"line":78,"column":5}},"13":{"start":{"line":77,"column":6},"end":{"line":77,"column":61}},"14":{"start":{"line":82,"column":4},"end":{"line":100,"column":5}},"15":{"start":{"line":83,"column":6},"end":{"line":89,"column":7}},"16":{"start":{"line":90,"column":11},"end":{"line":100,"column":5}},"17":{"start":{"line":91,"column":6},"end":{"line":97,"column":7}},"18":{"start":{"line":99,"column":6},"end":{"line":99,"column":45}},"19":{"start":{"line":102,"column":4},"end":{"line":120,"column":5}},"20":{"start":{"line":123,"column":2},"end":{"line":183,"column":3}},"21":{"start":{"line":134,"column":27},"end":{"line":134,"column":69}},"22":{"start":{"line":150,"column":16},"end":{"line":150,"column":58}},"23":{"start":{"line":157,"column":30},"end":{"line":157,"column":37}},"24":{"start":{"line":159,"column":10},"end":{"line":178,"column":17}}},"fnMap":{"0":{"name":"(anonymous_0)","decl":{"start":{"line":58,"column":34},"end":{"line":58,"column":35}},"loc":{"start":{"line":58,"column":54},"end":{"line":184,"column":1}},"line":58},"1":{"name":"(anonymous_1)","decl":{"start":{"line":67,"column":29},"end":{"line":67,"column":30}},"loc":{"start":{"line":68,"column":4},"end":{"line":72,"column":11}},"line":68},"2":{"name":"(anonymous_2)","decl":{"start":{"line":75,"column":25},"end":{"line":75,"column":26}},"loc":{"start":{"line":75,"column":54},"end":{"line":121,"column":3}},"line":75},"3":{"name":"(anonymous_3)","decl":{"start":{"line":134,"column":21},"end":{"line":134,"column":22}},"loc":{"start":{"line":134,"column":27},"end":{"line":134,"column":69}},"line":134},"4":{"name":"(anonymous_4)","decl":{"start":{"line":149,"column":14},"end":{"line":149,"column":15}},"loc":{"start":{"line":150,"column":16},"end":{"line":150,"column":58}},"line":150},"5":{"name":"(anonymous_5)","decl":{"start":{"line":157,"column":22},"end":{"line":157,"column":23}},"loc":{"start":{"line":157,"column":30},"end":{"line":157,"column":37}},"line":157},"6":{"name":"(anonymous_6)","decl":{"start":{"line":158,"column":20},"end":{"line":158,"column":21}},"loc":{"start":{"line":159,"column":10},"end":{"line":178,"column":17}},"line":159}},"branchMap":{"0":{"loc":{"start":{"line":76,"column":4},"end":{"line":78,"column":5}},"type":"if","locations":[{"start":{"line":76,"column":4},"end":{"line":78,"column":5}},{"start":{},"end":{}}],"line":76},"1":{"loc":{"start":{"line":82,"column":4},"end":{"line":100,"column":5}},"type":"if","locations":[{"start":{"line":82,"column":4},"end":{"line":100,"column":5}},{"start":{"line":90,"column":11},"end":{"line":100,"column":5}}],"line":82},"2":{"loc":{"start":{"line":90,"column":11},"end":{"line":100,"column":5}},"type":"if","locations":[{"start":{"line":90,"column":11},"end":{"line":100,"column":5}},{"start":{"line":98,"column":11},"end":{"line":100,"column":5}}],"line":90},"3":{"loc":{"start":{"line":104,"column":9},"end":{"line":113,"column":16}},"type":"cond-expr","locations":[{"start":{"line":105,"column":10},"end":{"line":112,"column":17}},{"start":{"line":113,"column":12},"end":{"line":113,"column":16}}],"line":104},"4":{"loc":{"start":{"line":128,"column":11},"end":{"line":128,"column":67}},"type":"cond-expr","locations":[{"start":{"line":128,"column":34},"end":{"line":128,"column":62}},{"start":{"line":128,"column":65},"end":{"line":128,"column":67}}],"line":128},"5":{"loc":{"start":{"line":130,"column":9},"end":{"line":138,"column":16}},"type":"cond-expr","locations":[{"start":{"line":131,"column":10},"end":{"line":137,"column":29}},{"start":{"line":138,"column":12},"end":{"line":138,"column":16}}],"line":130},"6":{"loc":{"start":{"line":162,"column":26},"end":{"line":162,"column":57}},"type":"cond-expr","locations":[{"start":{"line":162,"column":35},"end":{"line":162,"column":41}},{"start":{"line":162,"column":44},"end":{"line":162,"column":57}}],"line":162},"7":{"loc":{"start":{"line":164,"column":16},"end":{"line":164,"column":75}},"type":"cond-expr","locations":[{"start":{"line":164,"column":53},"end":{"line":164,"column":59}},{"start":{"line":164,"column":62},"end":{"line":164,"column":75}}],"line":164},"8":{"loc":{"start":{"line":167,"column":13},"end":{"line":177,"column":13}},"type":"cond-expr","locations":[{"start":{"line":168,"column":14},"end":{"line":171,"column":16}},{"start":{"line":173,"column":14},"end":{"line":176,"column":16}}],"line":167}},"s":{"0":1,"1":1,"2":1,"3":1,"4":1,"5":1,"6":1,"7":1,"8":1,"9":1,"10":1,"11":1,"12":1,"13":0,"14":1,"15":0,"16":1,"17":0,"18":1,"19":1,"20":1,"21":0,"22":0,"23":0,"24":0},"f":{"0":1,"1":1,"2":1,"3":0,"4":0,"5":0,"6":0},"b":{"0":[0,1],"1":[0,1],"2":[0,1],"3":[1,0],"4":[0,1],"5":[0,1],"6":[0,0],"7":[0,0],"8":[0,0]},"_coverageSchema":"1a1c01bbd47fc00a2c39e90264f33305004495a9","hash":"60309464c35769ae8480361192ab8ebc86d9ed6c"}
,"/home/ayanworks/app/src/screens/ListCredentials.tsx": {"path":"/home/ayanworks/app/src/screens/ListCredentials.tsx","statementMap":{"0":{"start":{"line":15,"column":15},"end":{"line":27,"column":2}},"1":{"start":{"line":29,"column":34},"end":{"line":96,"column":1}},"2":{"start":{"line":35,"column":22},"end":{"line":35,"column":64}},"3":{"start":{"line":37,"column":16},"end":{"line":37,"column":32}},"4":{"start":{"line":38,"column":42},"end":{"line":38,"column":54}},"5":{"start":{"line":39,"column":32},"end":{"line":39,"column":47}},"6":{"start":{"line":40,"column":42},"end":{"line":40,"column":63}},"7":{"start":{"line":42,"column":30},"end":{"line":44,"column":19}},"8":{"start":{"line":43,"column":4},"end":{"line":43,"column":32}},"9":{"start":{"line":46,"column":2},"end":{"line":50,"column":68}},"10":{"start":{"line":47,"column":4},"end":{"line":49,"column":5}},"11":{"start":{"line":48,"column":6},"end":{"line":48,"column":27}},"12":{"start":{"line":52,"column":17},"end":{"line":61,"column":3}},"13":{"start":{"line":53,"column":25},"end":{"line":57,"column":6}},"14":{"start":{"line":54,"column":23},"end":{"line":54,"column":46}},"15":{"start":{"line":55,"column":23},"end":{"line":55,"column":41}},"16":{"start":{"line":56,"column":6},"end":{"line":56,"column":44}},"17":{"start":{"line":59,"column":4},"end":{"line":59,"column":33}},"18":{"start":{"line":60,"column":4},"end":{"line":60,"column":25}},"19":{"start":{"line":63,"column":29},"end":{"line":67,"column":3}},"20":{"start":{"line":64,"column":4},"end":{"line":66,"column":11}},"21":{"start":{"line":69,"column":2},"end":{"line":95,"column":3}},"22":{"start":{"line":73,"column":44},"end":{"line":73,"column":67}},"23":{"start":{"line":80,"column":50},"end":{"line":80,"column":78}},"24":{"start":{"line":83,"column":10},"end":{"line":91,"column":17}}},"fnMap":{"0":{"name":"(anonymous_0)","decl":{"start":{"line":29,"column":34},"end":{"line":29,"column":35}},"loc":{"start":{"line":29,"column":40},"end":{"line":96,"column":1}},"line":29},"1":{"name":"(anonymous_1)","decl":{"start":{"line":42,"column":42},"end":{"line":42,"column":43}},"loc":{"start":{"line":42,"column":48},"end":{"line":44,"column":3}},"line":42},"2":{"name":"(anonymous_2)","decl":{"start":{"line":46,"column":12},"end":{"line":46,"column":13}},"loc":{"start":{"line":46,"column":18},"end":{"line":50,"column":3}},"line":46},"3":{"name":"(anonymous_3)","decl":{"start":{"line":52,"column":17},"end":{"line":52,"column":18}},"loc":{"start":{"line":52,"column":25},"end":{"line":61,"column":3}},"line":52},"4":{"name":"(anonymous_4)","decl":{"start":{"line":53,"column":44},"end":{"line":53,"column":45}},"loc":{"start":{"line":53,"column":52},"end":{"line":57,"column":5}},"line":53},"5":{"name":"(anonymous_5)","decl":{"start":{"line":63,"column":29},"end":{"line":63,"column":30}},"loc":{"start":{"line":64,"column":4},"end":{"line":66,"column":11}},"line":64},"6":{"name":"(anonymous_6)","decl":{"start":{"line":73,"column":25},"end":{"line":73,"column":26}},"loc":{"start":{"line":73,"column":44},"end":{"line":73,"column":67}},"line":73},"7":{"name":"(anonymous_7)","decl":{"start":{"line":80,"column":22},"end":{"line":80,"column":23}},"loc":{"start":{"line":80,"column":50},"end":{"line":80,"column":78}},"line":80},"8":{"name":"(anonymous_8)","decl":{"start":{"line":82,"column":20},"end":{"line":82,"column":21}},"loc":{"start":{"line":83,"column":10},"end":{"line":91,"column":17}},"line":83}},"branchMap":{"0":{"loc":{"start":{"line":47,"column":4},"end":{"line":49,"column":5}},"type":"if","locations":[{"start":{"line":47,"column":4},"end":{"line":49,"column":5}},{"start":{},"end":{}}],"line":47},"1":{"loc":{"start":{"line":80,"column":50},"end":{"line":80,"column":78}},"type":"binary-expr","locations":[{"start":{"line":80,"column":50},"end":{"line":80,"column":67}},{"start":{"line":80,"column":71},"end":{"line":80,"column":78}}],"line":80},"2":{"loc":{"start":{"line":87,"column":28},"end":{"line":87,"column":70}},"type":"cond-expr","locations":[{"start":{"line":87,"column":64},"end":{"line":87,"column":66}},{"start":{"line":87,"column":69},"end":{"line":87,"column":70}}],"line":87}},"s":{"0":1,"1":1,"2":2,"3":2,"4":2,"5":2,"6":2,"7":2,"8":0,"9":2,"10":2,"11":0,"12":2,"13":0,"14":0,"15":0,"16":0,"17":0,"18":0,"19":2,"20":0,"21":2,"22":0,"23":6,"24":6},"f":{"0":2,"1":0,"2":2,"3":0,"4":0,"5":0,"6":0,"7":6,"8":6},"b":{"0":[0,2],"1":[6,0],"2":[2,4]},"_coverageSchema":"1a1c01bbd47fc00a2c39e90264f33305004495a9","hash":"2c787e93c61fbc7ce74cb0aa750d9746a3bd16b0"}
,"/home/ayanworks/app/src/screens/PinCreate.tsx": {"path":"/home/ayanworks/app/src/screens/PinCreate.tsx","statementMap":{"0":{"start":{"line":29,"column":14},"end":{"line":43,"column":2}},"1":{"start":{"line":45,"column":44},"end":{"line":336,"column":1}},"2":{"start":{"line":46,"column":53},"end":{"line":46,"column":65}},"3":{"start":{"line":47,"column":14},"end":{"line":47,"column":29}},"4":{"start":{"line":48,"column":24},"end":{"line":48,"column":36}},"5":{"start":{"line":49,"column":30},"end":{"line":49,"column":42}},"6":{"start":{"line":51,"column":4},"end":{"line":51,"column":19}},"7":{"start":{"line":52,"column":38},"end":{"line":52,"column":53}},"8":{"start":{"line":53,"column":50},"end":{"line":53,"column":65}},"9":{"start":{"line":54,"column":32},"end":{"line":54,"column":47}},"10":{"start":{"line":55,"column":28},"end":{"line":55,"column":40}},"11":{"start":{"line":56,"column":38},"end":{"line":56,"column":50}},"12":{"start":{"line":57,"column":16},"end":{"line":57,"column":32}},"13":{"start":{"line":59,"column":21},"end":{"line":81,"column":3}},"14":{"start":{"line":60,"column":4},"end":{"line":80,"column":5}},"15":{"start":{"line":61,"column":19},"end":{"line":61,"column":55}},"16":{"start":{"line":62,"column":23},"end":{"line":62,"column":40}},"17":{"start":{"line":63,"column":6},"end":{"line":63,"column":22}},"18":{"start":{"line":64,"column":6},"end":{"line":64,"column":43}},"19":{"start":{"line":65,"column":6},"end":{"line":65,"column":42}},"20":{"start":{"line":66,"column":6},"end":{"line":66,"column":23}},"21":{"start":{"line":67,"column":6},"end":{"line":71,"column":8}},"22":{"start":{"line":72,"column":6},"end":{"line":72,"column":28}},"23":{"start":{"line":74,"column":6},"end":{"line":74,"column":23}},"24":{"start":{"line":75,"column":6},"end":{"line":79,"column":8}},"25":{"start":{"line":82,"column":39},"end":{"line":84,"column":3}},"26":{"start":{"line":83,"column":4},"end":{"line":83,"column":80}},"27":{"start":{"line":86,"column":2},"end":{"line":93,"column":4}},"28":{"start":{"line":87,"column":4},"end":{"line":92,"column":6}},"29":{"start":{"line":88,"column":42},"end":{"line":88,"column":54}},"30":{"start":{"line":89,"column":6},"end":{"line":91,"column":7}},"31":{"start":{"line":90,"column":8},"end":{"line":90,"column":41}},"32":{"start":{"line":95,"column":2},"end":{"line":126,"column":34}},"33":{"start":{"line":96,"column":23},"end":{"line":114,"column":5}},"34":{"start":{"line":97,"column":6},"end":{"line":112,"column":7}},"35":{"start":{"line":103,"column":27},"end":{"line":103,"column":31}},"36":{"start":{"line":109,"column":14},"end":{"line":109,"column":77}},"37":{"start":{"line":113,"column":6},"end":{"line":113,"column":17}},"38":{"start":{"line":116,"column":37},"end":{"line":119,"column":5}},"39":{"start":{"line":117,"column":6},"end":{"line":117,"column":36}},"40":{"start":{"line":118,"column":6},"end":{"line":118,"column":17}},"41":{"start":{"line":120,"column":24},"end":{"line":123,"column":5}},"42":{"start":{"line":125,"column":4},"end":{"line":125,"column":37}},"43":{"start":{"line":125,"column":17},"end":{"line":125,"column":37}},"44":{"start":{"line":128,"column":25},"end":{"line":163,"column":3}},"45":{"start":{"line":129,"column":24},"end":{"line":129,"column":60}},"46":{"start":{"line":130,"column":4},"end":{"line":162,"column":5}},"47":{"start":{"line":131,"column":6},"end":{"line":133,"column":8}},"48":{"start":{"line":136,"column":25},"end":{"line":138,"column":8}},"49":{"start":{"line":139,"column":30},"end":{"line":141,"column":8}},"50":{"start":{"line":142,"column":6},"end":{"line":145,"column":7}},"51":{"start":{"line":143,"column":8},"end":{"line":143,"column":37}},"52":{"start":{"line":144,"column":8},"end":{"line":144,"column":47}},"53":{"start":{"line":146,"column":6},"end":{"line":146,"column":48}},"54":{"start":{"line":147,"column":6},"end":{"line":147,"column":25}},"55":{"start":{"line":148,"column":6},"end":{"line":150,"column":7}},"56":{"start":{"line":149,"column":8},"end":{"line":149,"column":38}},"57":{"start":{"line":151,"column":6},"end":{"line":155,"column":8}},"58":{"start":{"line":157,"column":6},"end":{"line":161,"column":8}},"59":{"start":{"line":165,"column":23},"end":{"line":187,"column":3}},"60":{"start":{"line":166,"column":4},"end":{"line":186,"column":5}},"61":{"start":{"line":167,"column":6},"end":{"line":171,"column":8}},"62":{"start":{"line":172,"column":11},"end":{"line":186,"column":5}},"63":{"start":{"line":173,"column":6},"end":{"line":177,"column":8}},"64":{"start":{"line":178,"column":11},"end":{"line":186,"column":5}},"65":{"start":{"line":179,"column":6},"end":{"line":183,"column":8}},"66":{"start":{"line":185,"column":6},"end":{"line":185,"column":25}},"67":{"start":{"line":188,"column":26},"end":{"line":230,"column":3}},"68":{"start":{"line":189,"column":4},"end":{"line":229,"column":6}},"69":{"start":{"line":190,"column":42},"end":{"line":190,"column":54}},"70":{"start":{"line":191,"column":6},"end":{"line":228,"column":7}},"71":{"start":{"line":192,"column":8},"end":{"line":221,"column":12}},"72":{"start":{"line":196,"column":32},"end":{"line":196,"column":44}},"73":{"start":{"line":198,"column":12},"end":{"line":213,"column":13}},"74":{"start":{"line":199,"column":14},"end":{"line":206,"column":16}},"75":{"start":{"line":200,"column":16},"end":{"line":200,"column":41}},"76":{"start":{"line":201,"column":16},"end":{"line":205,"column":18}},"77":{"start":{"line":208,"column":14},"end":{"line":212,"column":16}},"78":{"start":{"line":216,"column":12},"end":{"line":220,"column":14}},"79":{"start":{"line":223,"column":8},"end":{"line":227,"column":10}},"80":{"start":{"line":231,"column":19},"end":{"line":243,"column":3}},"81":{"start":{"line":232,"column":4},"end":{"line":242,"column":5}},"82":{"start":{"line":233,"column":6},"end":{"line":233,"column":34}},"83":{"start":{"line":234,"column":11},"end":{"line":242,"column":5}},"84":{"start":{"line":235,"column":6},"end":{"line":235,"column":34}},"85":{"start":{"line":237,"column":6},"end":{"line":241,"column":8}},"86":{"start":{"line":244,"column":25},"end":{"line":256,"column":3}},"87":{"start":{"line":245,"column":4},"end":{"line":255,"column":5}},"88":{"start":{"line":246,"column":6},"end":{"line":246,"column":47}},"89":{"start":{"line":247,"column":11},"end":{"line":255,"column":5}},"90":{"start":{"line":248,"column":6},"end":{"line":248,"column":47}},"91":{"start":{"line":250,"column":6},"end":{"line":254,"column":8}},"92":{"start":{"line":258,"column":2},"end":{"line":335,"column":3}},"93":{"start":{"line":285,"column":10},"end":{"line":285,"column":25}},"94":{"start":{"line":286,"column":10},"end":{"line":288,"column":11}},"95":{"start":{"line":287,"column":12},"end":{"line":287,"column":30}},"96":{"start":{"line":298,"column":12},"end":{"line":298,"column":30}},"97":{"start":{"line":299,"column":12},"end":{"line":299,"column":37}}},"fnMap":{"0":{"name":"(anonymous_0)","decl":{"start":{"line":45,"column":44},"end":{"line":45,"column":45}},"loc":{"start":{"line":45,"column":71},"end":{"line":336,"column":1}},"line":45},"1":{"name":"(anonymous_1)","decl":{"start":{"line":59,"column":21},"end":{"line":59,"column":22}},"loc":{"start":{"line":59,"column":59},"end":{"line":81,"column":3}},"line":59},"2":{"name":"(anonymous_2)","decl":{"start":{"line":82,"column":39},"end":{"line":82,"column":40}},"loc":{"start":{"line":82,"column":51},"end":{"line":84,"column":3}},"line":82},"3":{"name":"(anonymous_3)","decl":{"start":{"line":86,"column":12},"end":{"line":86,"column":13}},"loc":{"start":{"line":86,"column":18},"end":{"line":93,"column":3}},"line":86},"4":{"name":"(anonymous_4)","decl":{"start":{"line":87,"column":51},"end":{"line":87,"column":52}},"loc":{"start":{"line":87,"column":67},"end":{"line":92,"column":5}},"line":87},"5":{"name":"(anonymous_5)","decl":{"start":{"line":95,"column":12},"end":{"line":95,"column":13}},"loc":{"start":{"line":95,"column":18},"end":{"line":126,"column":3}},"line":95},"6":{"name":"(anonymous_6)","decl":{"start":{"line":96,"column":23},"end":{"line":96,"column":24}},"loc":{"start":{"line":96,"column":29},"end":{"line":114,"column":5}},"line":96},"7":{"name":"(anonymous_7)","decl":{"start":{"line":103,"column":21},"end":{"line":103,"column":22}},"loc":{"start":{"line":103,"column":27},"end":{"line":103,"column":31}},"line":103},"8":{"name":"(anonymous_8)","decl":{"start":{"line":108,"column":21},"end":{"line":108,"column":22}},"loc":{"start":{"line":109,"column":14},"end":{"line":109,"column":77}},"line":109},"9":{"name":"(anonymous_9)","decl":{"start":{"line":116,"column":37},"end":{"line":116,"column":38}},"loc":{"start":{"line":116,"column":43},"end":{"line":119,"column":5}},"line":116},"10":{"name":"(anonymous_10)","decl":{"start":{"line":125,"column":11},"end":{"line":125,"column":12}},"loc":{"start":{"line":125,"column":17},"end":{"line":125,"column":37}},"line":125},"11":{"name":"(anonymous_11)","decl":{"start":{"line":128,"column":25},"end":{"line":128,"column":26}},"loc":{"start":{"line":128,"column":53},"end":{"line":163,"column":3}},"line":128},"12":{"name":"(anonymous_12)","decl":{"start":{"line":165,"column":23},"end":{"line":165,"column":24}},"loc":{"start":{"line":165,"column":60},"end":{"line":187,"column":3}},"line":165},"13":{"name":"(anonymous_13)","decl":{"start":{"line":188,"column":26},"end":{"line":188,"column":27}},"loc":{"start":{"line":188,"column":32},"end":{"line":230,"column":3}},"line":188},"14":{"name":"(anonymous_14)","decl":{"start":{"line":189,"column":51},"end":{"line":189,"column":52}},"loc":{"start":{"line":189,"column":67},"end":{"line":229,"column":5}},"line":189},"15":{"name":"(anonymous_15)","decl":{"start":{"line":195,"column":16},"end":{"line":195,"column":17}},"loc":{"start":{"line":195,"column":32},"end":{"line":214,"column":11}},"line":195},"16":{"name":"(anonymous_16)","decl":{"start":{"line":199,"column":54},"end":{"line":199,"column":55}},"loc":{"start":{"line":199,"column":60},"end":{"line":206,"column":15}},"line":199},"17":{"name":"(anonymous_17)","decl":{"start":{"line":215,"column":17},"end":{"line":215,"column":18}},"loc":{"start":{"line":215,"column":23},"end":{"line":221,"column":11}},"line":215},"18":{"name":"(anonymous_18)","decl":{"start":{"line":231,"column":19},"end":{"line":231,"column":20}},"loc":{"start":{"line":231,"column":31},"end":{"line":243,"column":3}},"line":231},"19":{"name":"(anonymous_19)","decl":{"start":{"line":244,"column":25},"end":{"line":244,"column":26}},"loc":{"start":{"line":244,"column":31},"end":{"line":256,"column":3}},"line":244},"20":{"name":"(anonymous_20)","decl":{"start":{"line":284,"column":22},"end":{"line":284,"column":23}},"loc":{"start":{"line":284,"column":40},"end":{"line":289,"column":9}},"line":284},"21":{"name":"(anonymous_21)","decl":{"start":{"line":297,"column":19},"end":{"line":297,"column":20}},"loc":{"start":{"line":297,"column":25},"end":{"line":300,"column":11}},"line":297}},"branchMap":{"0":{"loc":{"start":{"line":89,"column":6},"end":{"line":91,"column":7}},"type":"if","locations":[{"start":{"line":89,"column":6},"end":{"line":91,"column":7}},{"start":{},"end":{}}],"line":89},"1":{"loc":{"start":{"line":89,"column":10},"end":{"line":89,"column":72}},"type":"binary-expr","locations":[{"start":{"line":89,"column":10},"end":{"line":89,"column":19}},{"start":{"line":89,"column":23},"end":{"line":89,"column":72}}],"line":89},"2":{"loc":{"start":{"line":122,"column":6},"end":{"line":122,"column":55}},"type":"cond-expr","locations":[{"start":{"line":122,"column":18},"end":{"line":122,"column":42}},{"start":{"line":122,"column":45},"end":{"line":122,"column":55}}],"line":122},"3":{"loc":{"start":{"line":142,"column":6},"end":{"line":145,"column":7}},"type":"if","locations":[{"start":{"line":142,"column":6},"end":{"line":145,"column":7}},{"start":{},"end":{}}],"line":142},"4":{"loc":{"start":{"line":142,"column":10},"end":{"line":142,"column":39}},"type":"binary-expr","locations":[{"start":{"line":142,"column":10},"end":{"line":142,"column":20}},{"start":{"line":142,"column":24},"end":{"line":142,"column":39}}],"line":142},"5":{"loc":{"start":{"line":148,"column":6},"end":{"line":150,"column":7}},"type":"if","locations":[{"start":{"line":148,"column":6},"end":{"line":150,"column":7}},{"start":{},"end":{}}],"line":148},"6":{"loc":{"start":{"line":166,"column":4},"end":{"line":186,"column":5}},"type":"if","locations":[{"start":{"line":166,"column":4},"end":{"line":186,"column":5}},{"start":{"line":172,"column":11},"end":{"line":186,"column":5}}],"line":166},"7":{"loc":{"start":{"line":172,"column":11},"end":{"line":186,"column":5}},"type":"if","locations":[{"start":{"line":172,"column":11},"end":{"line":186,"column":5}},{"start":{"line":178,"column":11},"end":{"line":186,"column":5}}],"line":172},"8":{"loc":{"start":{"line":178,"column":11},"end":{"line":186,"column":5}},"type":"if","locations":[{"start":{"line":178,"column":11},"end":{"line":186,"column":5}},{"start":{"line":184,"column":11},"end":{"line":186,"column":5}}],"line":178},"9":{"loc":{"start":{"line":191,"column":6},"end":{"line":228,"column":7}},"type":"if","locations":[{"start":{"line":191,"column":6},"end":{"line":228,"column":7}},{"start":{"line":222,"column":13},"end":{"line":228,"column":7}}],"line":191},"10":{"loc":{"start":{"line":191,"column":10},"end":{"line":191,"column":72}},"type":"binary-expr","locations":[{"start":{"line":191,"column":10},"end":{"line":191,"column":19}},{"start":{"line":191,"column":23},"end":{"line":191,"column":72}}],"line":191},"11":{"loc":{"start":{"line":198,"column":12},"end":{"line":213,"column":13}},"type":"if","locations":[{"start":{"line":198,"column":12},"end":{"line":213,"column":13}},{"start":{"line":207,"column":19},"end":{"line":213,"column":13}}],"line":198},"12":{"loc":{"start":{"line":232,"column":4},"end":{"line":242,"column":5}},"type":"if","locations":[{"start":{"line":232,"column":4},"end":{"line":242,"column":5}},{"start":{"line":234,"column":11},"end":{"line":242,"column":5}}],"line":232},"13":{"loc":{"start":{"line":232,"column":8},"end":{"line":232,"column":38}},"type":"binary-expr","locations":[{"start":{"line":232,"column":8},"end":{"line":232,"column":18}},{"start":{"line":232,"column":22},"end":{"line":232,"column":38}}],"line":232},"14":{"loc":{"start":{"line":234,"column":11},"end":{"line":242,"column":5}},"type":"if","locations":[{"start":{"line":234,"column":11},"end":{"line":242,"column":5}},{"start":{"line":236,"column":11},"end":{"line":242,"column":5}}],"line":234},"15":{"loc":{"start":{"line":234,"column":15},"end":{"line":234,"column":54}},"type":"binary-expr","locations":[{"start":{"line":234,"column":15},"end":{"line":234,"column":25}},{"start":{"line":234,"column":29},"end":{"line":234,"column":54}}],"line":234},"16":{"loc":{"start":{"line":245,"column":4},"end":{"line":255,"column":5}},"type":"if","locations":[{"start":{"line":245,"column":4},"end":{"line":255,"column":5}},{"start":{"line":247,"column":11},"end":{"line":255,"column":5}}],"line":245},"17":{"loc":{"start":{"line":245,"column":8},"end":{"line":245,"column":38}},"type":"binary-expr","locations":[{"start":{"line":245,"column":8},"end":{"line":245,"column":18}},{"start":{"line":245,"column":22},"end":{"line":245,"column":38}}],"line":245},"18":{"loc":{"start":{"line":247,"column":11},"end":{"line":255,"column":5}},"type":"if","locations":[{"start":{"line":247,"column":11},"end":{"line":255,"column":5}},{"start":{"line":249,"column":11},"end":{"line":255,"column":5}}],"line":247},"19":{"loc":{"start":{"line":247,"column":15},"end":{"line":247,"column":54}},"type":"binary-expr","locations":[{"start":{"line":247,"column":15},"end":{"line":247,"column":25}},{"start":{"line":247,"column":29},"end":{"line":247,"column":54}}],"line":247},"20":{"loc":{"start":{"line":286,"column":10},"end":{"line":288,"column":11}},"type":"if","locations":[{"start":{"line":286,"column":10},"end":{"line":288,"column":11}},{"start":{},"end":{}}],"line":286},"21":{"loc":{"start":{"line":290,"column":18},"end":{"line":290,"column":42}},"type":"binary-expr","locations":[{"start":{"line":290,"column":18},"end":{"line":290,"column":34}},{"start":{"line":290,"column":38},"end":{"line":290,"column":42}}],"line":290},"22":{"loc":{"start":{"line":303,"column":7},"end":{"line":333,"column":7}},"type":"binary-expr","locations":[{"start":{"line":303,"column":7},"end":{"line":303,"column":17}},{"start":{"line":304,"column":8},"end":{"line":332,"column":11}}],"line":303},"23":{"loc":{"start":{"line":306,"column":13},"end":{"line":313,"column":13}},"type":"binary-expr","locations":[{"start":{"line":306,"column":13},"end":{"line":306,"column":37}},{"start":{"line":307,"column":14},"end":{"line":312,"column":16}}],"line":306}},"s":{"0":1,"1":1,"2":1,"3":0,"4":0,"5":0,"6":0,"7":0,"8":0,"9":0,"10":0,"11":0,"12":0,"13":0,"14":0,"15":0,"16":0,"17":0,"18":0,"19":0,"20":0,"21":0,"22":0,"23":0,"24":0,"25":0,"26":0,"27":0,"28":0,"29":0,"30":0,"31":0,"32":0,"33":0,"34":0,"35":0,"36":0,"37":0,"38":0,"39":0,"40":0,"41":0,"42":0,"43":0,"44":0,"45":0,"46":0,"47":0,"48":0,"49":0,"50":0,"51":0,"52":0,"53":0,"54":0,"55":0,"56":0,"57":0,"58":0,"59":0,"60":0,"61":0,"62":0,"63":0,"64":0,"65":0,"66":0,"67":0,"68":0,"69":0,"70":0,"71":0,"72":0,"73":0,"74":0,"75":0,"76":0,"77":0,"78":0,"79":0,"80":0,"81":0,"82":0,"83":0,"84":0,"85":0,"86":0,"87":0,"88":0,"89":0,"90":0,"91":0,"92":0,"93":0,"94":0,"95":0,"96":0,"97":0},"f":{"0":1,"1":0,"2":0,"3":0,"4":0,"5":0,"6":0,"7":0,"8":0,"9":0,"10":0,"11":0,"12":0,"13":0,"14":0,"15":0,"16":0,"17":0,"18":0,"19":0,"20":0,"21":0},"b":{"0":[0,0],"1":[0,0],"2":[0,0],"3":[0,0],"4":[0,0],"5":[0,0],"6":[0,0],"7":[0,0],"8":[0,0],"9":[0,0],"10":[0,0],"11":[0,0],"12":[0,0],"13":[0,0],"14":[0,0],"15":[0,0],"16":[0,0],"17":[0,0],"18":[0,0],"19":[0,0],"20":[0,0],"21":[0,0],"22":[0,0],"23":[0,0]},"_coverageSchema":"1a1c01bbd47fc00a2c39e90264f33305004495a9","hash":"1fc8d3a5a63807db4eb79d16fb349ad69a54add9"}
,"/home/ayanworks/app/src/screens/Settings.tsx": {"path":"/home/ayanworks/app/src/screens/Settings.tsx","statementMap":{"0":{"start":{"line":14,"column":15},"end":{"line":39,"column":2}},"1":{"start":{"line":41,"column":42},"end":{"line":85,"column":1}},"2":{"start":{"line":45,"column":16},"end":{"line":45,"column":32}},"3":{"start":{"line":46,"column":17},"end":{"line":53,"column":6}},"4":{"start":{"line":47,"column":4},"end":{"line":53,"column":6}},"5":{"start":{"line":50,"column":23},"end":{"line":50,"column":46}},"6":{"start":{"line":54,"column":2},"end":{"line":84,"column":3}},"7":{"start":{"line":59,"column":23},"end":{"line":59,"column":61}},"8":{"start":{"line":63,"column":23},"end":{"line":63,"column":60}},"9":{"start":{"line":67,"column":23},"end":{"line":67,"column":64}},"10":{"start":{"line":71,"column":23},"end":{"line":71,"column":64}}},"fnMap":{"0":{"name":"(anonymous_0)","decl":{"start":{"line":41,"column":42},"end":{"line":41,"column":43}},"loc":{"start":{"line":44,"column":6},"end":{"line":85,"column":1}},"line":44},"1":{"name":"(anonymous_1)","decl":{"start":{"line":46,"column":17},"end":{"line":46,"column":18}},"loc":{"start":{"line":47,"column":4},"end":{"line":53,"column":6}},"line":47},"2":{"name":"(anonymous_2)","decl":{"start":{"line":50,"column":17},"end":{"line":50,"column":18}},"loc":{"start":{"line":50,"column":23},"end":{"line":50,"column":46}},"line":50},"3":{"name":"(anonymous_3)","decl":{"start":{"line":59,"column":17},"end":{"line":59,"column":18}},"loc":{"start":{"line":59,"column":23},"end":{"line":59,"column":61}},"line":59},"4":{"name":"(anonymous_4)","decl":{"start":{"line":63,"column":17},"end":{"line":63,"column":18}},"loc":{"start":{"line":63,"column":23},"end":{"line":63,"column":60}},"line":63},"5":{"name":"(anonymous_5)","decl":{"start":{"line":67,"column":17},"end":{"line":67,"column":18}},"loc":{"start":{"line":67,"column":23},"end":{"line":67,"column":64}},"line":67},"6":{"name":"(anonymous_6)","decl":{"start":{"line":71,"column":17},"end":{"line":71,"column":18}},"loc":{"start":{"line":71,"column":23},"end":{"line":71,"column":64}},"line":71}},"branchMap":{},"s":{"0":1,"1":1,"2":1,"3":1,"4":0,"5":0,"6":1,"7":0,"8":0,"9":0,"10":0},"f":{"0":1,"1":0,"2":0,"3":0,"4":0,"5":0,"6":0},"b":{},"_coverageSchema":"1a1c01bbd47fc00a2c39e90264f33305004495a9","hash":"e5f7d8be4b59d41707462ccc835ce6a52f2cf9ca"}
,"/home/ayanworks/app/src/screens/Splash.tsx": {"path":"/home/ayanworks/app/src/screens/Splash.tsx","statementMap":{"0":{"start":{"line":12,"column":15},"end":{"line":19,"column":2}},"1":{"start":{"line":21,"column":38},"end":{"line":46,"column":1}},"2":{"start":{"line":22,"column":21},"end":{"line":39,"column":3}},"3":{"start":{"line":23,"column":36},"end":{"line":25,"column":5}},"4":{"start":{"line":26,"column":4},"end":{"line":38,"column":5}},"5":{"start":{"line":27,"column":6},"end":{"line":27,"column":25}},"6":{"start":{"line":28,"column":6},"end":{"line":28,"column":43}},"7":{"start":{"line":29,"column":11},"end":{"line":38,"column":5}},"8":{"start":{"line":30,"column":6},"end":{"line":30,"column":25}},"9":{"start":{"line":31,"column":6},"end":{"line":31,"column":40}},"10":{"start":{"line":32,"column":11},"end":{"line":38,"column":5}},"11":{"start":{"line":33,"column":6},"end":{"line":33,"column":25}},"12":{"start":{"line":34,"column":6},"end":{"line":34,"column":69}},"13":{"start":{"line":36,"column":6},"end":{"line":36,"column":25}},"14":{"start":{"line":37,"column":6},"end":{"line":37,"column":45}},"15":{"start":{"line":41,"column":2},"end":{"line":43,"column":4}},"16":{"start":{"line":42,"column":4},"end":{"line":42,"column":16}},"17":{"start":{"line":45,"column":2},"end":{"line":45,"column":50}}},"fnMap":{"0":{"name":"(anonymous_0)","decl":{"start":{"line":21,"column":38},"end":{"line":21,"column":39}},"loc":{"start":{"line":21,"column":58},"end":{"line":46,"column":1}},"line":21},"1":{"name":"(anonymous_1)","decl":{"start":{"line":22,"column":21},"end":{"line":22,"column":22}},"loc":{"start":{"line":22,"column":33},"end":{"line":39,"column":3}},"line":22},"2":{"name":"(anonymous_2)","decl":{"start":{"line":41,"column":12},"end":{"line":41,"column":13}},"loc":{"start":{"line":41,"column":18},"end":{"line":43,"column":3}},"line":41}},"branchMap":{"0":{"loc":{"start":{"line":26,"column":4},"end":{"line":38,"column":5}},"type":"if","locations":[{"start":{"line":26,"column":4},"end":{"line":38,"column":5}},{"start":{"line":29,"column":11},"end":{"line":38,"column":5}}],"line":26},"1":{"loc":{"start":{"line":29,"column":11},"end":{"line":38,"column":5}},"type":"if","locations":[{"start":{"line":29,"column":11},"end":{"line":38,"column":5}},{"start":{"line":32,"column":11},"end":{"line":38,"column":5}}],"line":29},"2":{"loc":{"start":{"line":32,"column":11},"end":{"line":38,"column":5}},"type":"if","locations":[{"start":{"line":32,"column":11},"end":{"line":38,"column":5}},{"start":{"line":35,"column":11},"end":{"line":38,"column":5}}],"line":32}},"s":{"0":1,"1":1,"2":1,"3":0,"4":0,"5":0,"6":0,"7":0,"8":0,"9":0,"10":0,"11":0,"12":0,"13":0,"14":0,"15":1,"16":0,"17":1},"f":{"0":1,"1":0,"2":0},"b":{"0":[0,0],"1":[0,0],"2":[0,0]},"_coverageSchema":"1a1c01bbd47fc00a2c39e90264f33305004495a9","hash":"734f21827afe1778b567e563dca3b41dc614bf4e"}
,"/home/ayanworks/app/src/screens/ContactDetails/ContactDetails.tsx": {"path":"/home/ayanworks/app/src/screens/ContactDetails/ContactDetails.tsx","statementMap":{"0":{"start":{"line":18,"column":15},"end":{"line":27,"column":2}},"1":{"start":{"line":29,"column":54},"end":{"line":101,"column":1}},"2":{"start":{"line":33,"column":16},"end":{"line":33,"column":32}},"3":{"start":{"line":34,"column":20},"end":{"line":34,"column":30}},"4":{"start":{"line":35,"column":21},"end":{"line":35,"column":67}},"5":{"start":{"line":36,"column":2},"end":{"line":40,"column":30}},"6":{"start":{"line":37,"column":4},"end":{"line":39,"column":6}},"7":{"start":{"line":42,"column":36},"end":{"line":54,"column":3}},"8":{"start":{"line":43,"column":4},"end":{"line":53,"column":5}},"9":{"start":{"line":56,"column":27},"end":{"line":73,"column":3}},"10":{"start":{"line":57,"column":4},"end":{"line":72,"column":5}},"11":{"start":{"line":59,"column":6},"end":{"line":62,"column":7}},"12":{"start":{"line":60,"column":8},"end":{"line":60,"column":62}},"13":{"start":{"line":61,"column":8},"end":{"line":61,"column":14}},"14":{"start":{"line":65,"column":6},"end":{"line":65,"column":55}},"15":{"start":{"line":67,"column":6},"end":{"line":67,"column":63}},"16":{"start":{"line":68,"column":6},"end":{"line":68,"column":47}},"17":{"start":{"line":70,"column":6},"end":{"line":70,"column":33}},"18":{"start":{"line":71,"column":6},"end":{"line":71,"column":60}},"19":{"start":{"line":75,"column":2},"end":{"line":100,"column":3}}},"fnMap":{"0":{"name":"(anonymous_0)","decl":{"start":{"line":29,"column":54},"end":{"line":29,"column":55}},"loc":{"start":{"line":32,"column":6},"end":{"line":101,"column":1}},"line":32},"1":{"name":"(anonymous_1)","decl":{"start":{"line":36,"column":12},"end":{"line":36,"column":13}},"loc":{"start":{"line":36,"column":18},"end":{"line":40,"column":3}},"line":36},"2":{"name":"(anonymous_2)","decl":{"start":{"line":42,"column":36},"end":{"line":42,"column":37}},"loc":{"start":{"line":42,"column":42},"end":{"line":54,"column":3}},"line":42},"3":{"name":"(anonymous_3)","decl":{"start":{"line":56,"column":27},"end":{"line":56,"column":28}},"loc":{"start":{"line":56,"column":39},"end":{"line":73,"column":3}},"line":56}},"branchMap":{"0":{"loc":{"start":{"line":38,"column":13},"end":{"line":38,"column":56}},"type":"binary-expr","locations":[{"start":{"line":38,"column":13},"end":{"line":38,"column":30}},{"start":{"line":38,"column":34},"end":{"line":38,"column":56}}],"line":38},"1":{"loc":{"start":{"line":59,"column":6},"end":{"line":62,"column":7}},"type":"if","locations":[{"start":{"line":59,"column":6},"end":{"line":62,"column":7}},{"start":{},"end":{}}],"line":59}},"s":{"0":1,"1":1,"2":1,"3":1,"4":1,"5":1,"6":1,"7":1,"8":1,"9":1,"10":0,"11":0,"12":0,"13":0,"14":0,"15":0,"16":0,"17":0,"18":0,"19":1},"f":{"0":1,"1":1,"2":1,"3":0},"b":{"0":[1,1],"1":[0,0]},"_coverageSchema":"1a1c01bbd47fc00a2c39e90264f33305004495a9","hash":"1aed7ce08eb6b7580286e5e2ae2c6e3b8e4ed0f4"}
,"/home/ayanworks/app/src/screens/ExportWallet/ExportWallet.utils.ts": {"path":"/home/ayanworks/app/src/screens/ExportWallet/ExportWallet.utils.ts","statementMap":{"0":{"start":{"line":5,"column":39},"end":{"line":10,"column":1}},"1":{"start":{"line":6,"column":26},"end":{"line":8,"column":4}},"2":{"start":{"line":9,"column":2},"end":{"line":9,"column":24}},"3":{"start":{"line":11,"column":32},"end":{"line":17,"column":1}},"4":{"start":{"line":12,"column":14},"end":{"line":15,"column":4}},"5":{"start":{"line":13,"column":4},"end":{"line":13,"column":48}},"6":{"start":{"line":13,"column":37},"end":{"line":13,"column":48}},"7":{"start":{"line":14,"column":4},"end":{"line":14,"column":16}},"8":{"start":{"line":16,"column":2},"end":{"line":16,"column":12}}},"fnMap":{"0":{"name":"(anonymous_0)","decl":{"start":{"line":5,"column":39},"end":{"line":5,"column":40}},"loc":{"start":{"line":5,"column":51},"end":{"line":10,"column":1}},"line":5},"1":{"name":"(anonymous_1)","decl":{"start":{"line":11,"column":32},"end":{"line":11,"column":33}},"loc":{"start":{"line":11,"column":40},"end":{"line":17,"column":1}},"line":11},"2":{"name":"(anonymous_2)","decl":{"start":{"line":12,"column":26},"end":{"line":12,"column":27}},"loc":{"start":{"line":12,"column":42},"end":{"line":15,"column":3}},"line":12}},"branchMap":{"0":{"loc":{"start":{"line":13,"column":4},"end":{"line":13,"column":48}},"type":"if","locations":[{"start":{"line":13,"column":4},"end":{"line":13,"column":48}},{"start":{},"end":{}}],"line":13}},"s":{"0":1,"1":0,"2":0,"3":1,"4":2,"5":2,"6":1,"7":1,"8":2},"f":{"0":0,"1":2,"2":2},"b":{"0":[1,1]},"_coverageSchema":"1a1c01bbd47fc00a2c39e90264f33305004495a9","hash":"5dd7679124ea5cb38134a11028b72ce796657b7f"}
,"/home/ayanworks/app/src/screens/PinEnter/PinEnter.tsx": {"path":"/home/ayanworks/app/src/screens/PinEnter/PinEnter.tsx","statementMap":{"0":{"start":{"line":22,"column":14},"end":{"line":35,"column":2}},"1":{"start":{"line":37,"column":42},"end":{"line":146,"column":1}},"2":{"start":{"line":38,"column":42},"end":{"line":38,"column":54}},"3":{"start":{"line":39,"column":24},"end":{"line":39,"column":36}},"4":{"start":{"line":40,"column":54},"end":{"line":40,"column":65}},"5":{"start":{"line":41,"column":32},"end":{"line":41,"column":47}},"6":{"start":{"line":42,"column":16},"end":{"line":42,"column":32}},"7":{"start":{"line":44,"column":21},"end":{"line":61,"column":17}},"8":{"start":{"line":45,"column":42},"end":{"line":55,"column":6}},"9":{"start":{"line":47,"column":8},"end":{"line":47,"column":64}},"10":{"start":{"line":50,"column":8},"end":{"line":50,"column":69}},"11":{"start":{"line":53,"column":8},"end":{"line":53,"column":67}},"12":{"start":{"line":56,"column":4},"end":{"line":60,"column":5}},"13":{"start":{"line":57,"column":23},"end":{"line":57,"column":68}},"14":{"start":{"line":58,"column":23},"end":{"line":58,"column":56}},"15":{"start":{"line":59,"column":6},"end":{"line":59,"column":60}},"16":{"start":{"line":63,"column":34},"end":{"line":80,"column":39}},"17":{"start":{"line":64,"column":40},"end":{"line":64,"column":70}},"18":{"start":{"line":65,"column":4},"end":{"line":79,"column":5}},"19":{"start":{"line":66,"column":33},"end":{"line":66,"column":60}},"20":{"start":{"line":67,"column":6},"end":{"line":76,"column":7}},"21":{"start":{"line":68,"column":8},"end":{"line":68,"column":24}},"22":{"start":{"line":69,"column":8},"end":{"line":69,"column":26}},"23":{"start":{"line":70,"column":8},"end":{"line":70,"column":25}},"24":{"start":{"line":71,"column":8},"end":{"line":71,"column":30}},"25":{"start":{"line":72,"column":13},"end":{"line":76,"column":7}},"26":{"start":{"line":73,"column":8},"end":{"line":73,"column":27}},"27":{"start":{"line":75,"column":8},"end":{"line":75,"column":52}},"28":{"start":{"line":78,"column":6},"end":{"line":78,"column":54}},"29":{"start":{"line":82,"column":2},"end":{"line":84,"column":31}},"30":{"start":{"line":83,"column":4},"end":{"line":83,"column":29}},"31":{"start":{"line":86,"column":19},"end":{"line":106,"column":3}},"32":{"start":{"line":87,"column":23},"end":{"line":91,"column":6}},"33":{"start":{"line":89,"column":8},"end":{"line":89,"column":67}},"34":{"start":{"line":92,"column":4},"end":{"line":105,"column":5}},"35":{"start":{"line":93,"column":6},"end":{"line":93,"column":22}},"36":{"start":{"line":94,"column":6},"end":{"line":94,"column":24}},"37":{"start":{"line":95,"column":6},"end":{"line":95,"column":28}},"38":{"start":{"line":96,"column":6},"end":{"line":96,"column":23}},"39":{"start":{"line":98,"column":6},"end":{"line":98,"column":46}},"40":{"start":{"line":99,"column":6},"end":{"line":99,"column":51}},"41":{"start":{"line":100,"column":6},"end":{"line":104,"column":7}},"42":{"start":{"line":101,"column":8},"end":{"line":101,"column":52}},"43":{"start":{"line":102,"column":8},"end":{"line":102,"column":71}},"44":{"start":{"line":103,"column":8},"end":{"line":103,"column":45}},"45":{"start":{"line":108,"column":2},"end":{"line":145,"column":3}},"46":{"start":{"line":122,"column":10},"end":{"line":122,"column":44}},"47":{"start":{"line":123,"column":10},"end":{"line":125,"column":11}},"48":{"start":{"line":124,"column":12},"end":{"line":124,"column":30}},"49":{"start":{"line":131,"column":10},"end":{"line":131,"column":72}},"50":{"start":{"line":140,"column":10},"end":{"line":140,"column":28}},"51":{"start":{"line":141,"column":10},"end":{"line":141,"column":23}}},"fnMap":{"0":{"name":"(anonymous_0)","decl":{"start":{"line":37,"column":42},"end":{"line":37,"column":43}},"loc":{"start":{"line":37,"column":69},"end":{"line":146,"column":1}},"line":37},"1":{"name":"(anonymous_1)","decl":{"start":{"line":44,"column":33},"end":{"line":44,"column":34}},"loc":{"start":{"line":44,"column":45},"end":{"line":61,"column":3}},"line":44},"2":{"name":"(anonymous_2)","decl":{"start":{"line":46,"column":18},"end":{"line":46,"column":19}},"loc":{"start":{"line":46,"column":29},"end":{"line":48,"column":7}},"line":46},"3":{"name":"(anonymous_3)","decl":{"start":{"line":49,"column":18},"end":{"line":49,"column":19}},"loc":{"start":{"line":49,"column":29},"end":{"line":51,"column":7}},"line":49},"4":{"name":"(anonymous_4)","decl":{"start":{"line":52,"column":18},"end":{"line":52,"column":19}},"loc":{"start":{"line":52,"column":29},"end":{"line":54,"column":7}},"line":52},"5":{"name":"(anonymous_5)","decl":{"start":{"line":63,"column":46},"end":{"line":63,"column":47}},"loc":{"start":{"line":63,"column":58},"end":{"line":80,"column":3}},"line":63},"6":{"name":"(anonymous_6)","decl":{"start":{"line":82,"column":12},"end":{"line":82,"column":13}},"loc":{"start":{"line":82,"column":18},"end":{"line":84,"column":3}},"line":82},"7":{"name":"(anonymous_7)","decl":{"start":{"line":86,"column":19},"end":{"line":86,"column":20}},"loc":{"start":{"line":86,"column":42},"end":{"line":106,"column":3}},"line":86},"8":{"name":"(anonymous_8)","decl":{"start":{"line":88,"column":18},"end":{"line":88,"column":19}},"loc":{"start":{"line":88,"column":29},"end":{"line":90,"column":7}},"line":88},"9":{"name":"(anonymous_9)","decl":{"start":{"line":121,"column":22},"end":{"line":121,"column":23}},"loc":{"start":{"line":121,"column":39},"end":{"line":126,"column":9}},"line":121},"10":{"name":"(anonymous_10)","decl":{"start":{"line":130,"column":17},"end":{"line":130,"column":18}},"loc":{"start":{"line":131,"column":10},"end":{"line":131,"column":72}},"line":131},"11":{"name":"(anonymous_11)","decl":{"start":{"line":139,"column":17},"end":{"line":139,"column":18}},"loc":{"start":{"line":139,"column":23},"end":{"line":142,"column":9}},"line":139}},"branchMap":{"0":{"loc":{"start":{"line":56,"column":4},"end":{"line":60,"column":5}},"type":"if","locations":[{"start":{"line":56,"column":4},"end":{"line":60,"column":5}},{"start":{},"end":{}}],"line":56},"1":{"loc":{"start":{"line":56,"column":8},"end":{"line":56,"column":27}},"type":"binary-expr","locations":[{"start":{"line":56,"column":8},"end":{"line":56,"column":13}},{"start":{"line":56,"column":17},"end":{"line":56,"column":27}}],"line":56},"2":{"loc":{"start":{"line":65,"column":4},"end":{"line":79,"column":5}},"type":"if","locations":[{"start":{"line":65,"column":4},"end":{"line":79,"column":5}},{"start":{"line":77,"column":11},"end":{"line":79,"column":5}}],"line":65},"3":{"loc":{"start":{"line":65,"column":8},"end":{"line":65,"column":70}},"type":"binary-expr","locations":[{"start":{"line":65,"column":8},"end":{"line":65,"column":17}},{"start":{"line":65,"column":21},"end":{"line":65,"column":70}}],"line":65},"4":{"loc":{"start":{"line":67,"column":6},"end":{"line":76,"column":7}},"type":"if","locations":[{"start":{"line":67,"column":6},"end":{"line":76,"column":7}},{"start":{"line":72,"column":13},"end":{"line":76,"column":7}}],"line":67},"5":{"loc":{"start":{"line":72,"column":13},"end":{"line":76,"column":7}},"type":"if","locations":[{"start":{"line":72,"column":13},"end":{"line":76,"column":7}},{"start":{"line":74,"column":13},"end":{"line":76,"column":7}}],"line":72},"6":{"loc":{"start":{"line":92,"c
[...]
,"/home/ayanworks/app/src/screens/ViewMnemonic/ViewMnemonic.utils.ts": {"path":"/home/ayanworks/app/src/screens/ViewMnemonic/ViewMnemonic.utils.ts","statementMap":{"0":{"start":{"line":6,"column":36},"end":{"line":11,"column":1}},"1":{"start":{"line":7,"column":15},"end":{"line":9,"column":4}},"2":{"start":{"line":10,"column":2},"end":{"line":10,"column":13}},"3":{"start":{"line":13,"column":38},"end":{"line":16,"column":1}},"4":{"start":{"line":14,"column":17},"end":{"line":14,"column":64}},"5":{"start":{"line":15,"column":2},"end":{"line":15,"column":15}},"6":{"start":{"line":18,"column":35},"end":{"line":23,"column":1}},"7":{"start":{"line":19,"column":17},"end":{"line":21,"column":4}},"8":{"start":{"line":22,"column":2},"end":{"line":22,"column":15}},"9":{"start":{"line":25,"column":39},"end":{"line":30,"column":1}},"10":{"start":{"line":26,"column":26},"end":{"line":28,"column":4}},"11":{"start":{"line":29,"column":2},"end":{"line":29,"column":24}},"12":{"start":{"line":31,"column":32},"end":{"line":37,"column":1}},"13":{"start":{"line":32,"column":14},"end":{"line":35,"column":4}},"14":{"start":{"line":33,"column":4},"end":{"line":33,"column":34}},"15":{"start":{"line":33,"column":23},"end":{"line":33,"column":34}},"16":{"start":{"line":34,"column":4},"end":{"line":34,"column":16}},"17":{"start":{"line":36,"column":2},"end":{"line":36,"column":12}}},"fnMap":{"0":{"name":"(anonymous_0)","decl":{"start":{"line":6,"column":36},"end":{"line":6,"column":37}},"loc":{"start":{"line":6,"column":59},"end":{"line":11,"column":1}},"line":6},"1":{"name":"(anonymous_1)","decl":{"start":{"line":13,"column":38},"end":{"line":13,"column":39}},"loc":{"start":{"line":13,"column":50},"end":{"line":16,"column":1}},"line":13},"2":{"name":"(anonymous_2)","decl":{"start":{"line":18,"column":35},"end":{"line":18,"column":36}},"loc":{"start":{"line":18,"column":47},"end":{"line":23,"column":1}},"line":18},"3":{"name":"(anonymous_3)","decl":{"start":{"line":25,"column":39},"end":{"line":25,"column":40}},"loc":{"start":{"line":25,"column":51},"end":{"line":30,"column":1}},"line":25},"4":{"name":"(anonymous_4)","decl":{"start":{"line":31,"column":32},"end":{"line":31,"column":33}},"loc":{"start":{"line":31,"column":40},"end":{"line":37,"column":1}},"line":31},"5":{"name":"(anonymous_5)","decl":{"start":{"line":32,"column":26},"end":{"line":32,"column":27}},"loc":{"start":{"line":32,"column":42},"end":{"line":35,"column":3}},"line":32}},"branchMap":{"0":{"loc":{"start":{"line":33,"column":4},"end":{"line":33,"column":34}},"type":"if","locations":[{"start":{"line":33,"column":4},"end":{"line":33,"column":34}},{"start":{},"end":{}}],"line":33}},"s":{"0":1,"1":0,"2":0,"3":1,"4":0,"5":0,"6":1,"7":0,"8":0,"9":1,"10":0,"11":0,"12":1,"13":2,"14":2,"15":1,"16":1,"17":2},"f":{"0":0,"1":0,"2":0,"3":0,"4":2,"5":2},"b":{"0":[1,1]},"_coverageSchema":"1a1c01bbd47fc00a2c39e90264f33305004495a9","hash":"5d587bb18931a7e1fb162dbfda2261051a909162"}
,"/home/ayanworks/app/src/theme/theme.ts": {"path":"/home/ayanworks/app/src/theme/theme.ts","statementMap":{"0":{"start":{"line":88,"column":28},"end":{"line":88,"column":29}},"1":{"start":{"line":89,"column":28},"end":{"line":89,"column":31}},"2":{"start":{"line":90,"column":28},"end":{"line":90,"column":32}},"3":{"start":{"line":91,"column":27},"end":{"line":91,"column":30}},"4":{"start":{"line":92,"column":27},"end":{"line":92,"column":28}},"5":{"start":{"line":94,"column":33},"end":{"line":100,"column":1}},"6":{"start":{"line":102,"column":39},"end":{"line":106,"column":1}},"7":{"start":{"line":108,"column":47},"end":{"line":125,"column":1}},"8":{"start":{"line":127,"column":41},"end":{"line":135,"column":1}},"9":{"start":{"line":137,"column":41},"end":{"line":150,"column":1}},"10":{"start":{"line":152,"column":40},"end":{"line":158,"column":1}},"11":{"start":{"line":160,"column":39},"end":{"line":165,"column":1}},"12":{"start":{"line":200,"column":42},"end":{"line":204,"column":1}},"13":{"start":{"line":206,"column":36},"end":{"line":242,"column":1}},"14":{"start":{"line":244,"column":43},"end":{"line":257,"column":1}},"15":{"start":{"line":267,"column":42},"end":{"line":269,"column":1}},"16":{"start":{"line":271,"column":62},"end":{"line":273,"column":1}}},"fnMap":{},"branchMap":{},"s":{"0":13,"1":13,"2":13,"3":13,"4":13,"5":13,"6":13,"7":13,"8":13,"9":13,"10":13,"11":13,"12":13,"13":13,"14":13,"15":13,"16":13},"f":{},"b":{},"_coverageSchema":"1a1c01bbd47fc00a2c39e90264f33305004495a9","hash":"359fa3a12196b31f8b837cdb818cef45aa9db908"}
,"/home/ayanworks/app/src/types/navigators.ts": {"path":"/home/ayanworks/app/src/types/navigators.ts","statementMap":{},"fnMap":{},"branchMap":{},"s":{},"f":{},"b":{},"_coverageSchema":"1a1c01bbd47fc00a2c39e90264f33305004495a9","hash":"a7e8fdda99b0f086602442ad1f9ccd02fd6cd8a5"}
,"/home/ayanworks/app/src/utils/helpers.ts": {"path":"/home/ayanworks/app/src/utils/helpers.ts","statementMap":{"0":{"start":{"line":10,"column":38},"end":{"line":13,"column":1}},"1":{"start":{"line":11,"column":21},"end":{"line":11,"column":52}},"2":{"start":{"line":12,"column":2},"end":{"line":12,"column":19}},"3":{"start":{"line":19,"column":13},"end":{"line":19,"column":25}},"4":{"start":{"line":20,"column":16},"end":{"line":20,"column":18}},"5":{"start":{"line":21,"column":2},"end":{"line":34,"column":3}},"6":{"start":{"line":22,"column":26},"end":{"line":22,"column":77}},"7":{"start":{"line":23,"column":26},"end":{"line":23,"column":55}},"8":{"start":{"line":24,"column":4},"end":{"line":33,"column":5}},"9":{"start":{"line":25,"column":6},"end":{"line":31,"column":18}},"10":{"start":{"line":29,"column":12},"end":{"line":29,"column":76}},"11":{"start":{"line":32,"column":6},"end":{"line":32,"column":34}},"12":{"start":{"line":35,"column":2},"end":{"line":35,"column":26}},"13":{"start":{"line":41,"column":13},"end":{"line":41,"column":25}},"14":{"start":{"line":42,"column":2},"end":{"line":55,"column":3}},"15":{"start":{"line":44,"column":6},"end":{"line":44,"column":91}},"16":{"start":{"line":45,"column":25},"end":{"line":45,"column":69}},"17":{"start":{"line":46,"column":4},"end":{"line":54,"column":5}},"18":{"start":{"line":47,"column":6},"end":{"line":53,"column":18}},"19":{"start":{"line":51,"column":12},"end":{"line":51,"column":78}},"20":{"start":{"line":56,"column":2},"end":{"line":56,"column":17}},"21":{"start":{"line":62,"column":2},"end":{"line":63,"column":14}},"22":{"start":{"line":69,"column":2},"end":{"line":70,"column":28}},"23":{"start":{"line":77,"column":2},"end":{"line":77,"column":50}},"24":{"start":{"line":83,"column":2},"end":{"line":83,"column":55}},"25":{"start":{"line":87,"column":2},"end":{"line":89,"column":73}},"26":{"start":{"line":89,"column":28},"end":{"line":89,"column":69}},"27":{"start":{"line":93,"column":17},"end":{"line":93,"column":60}},"28":{"start":{"line":94,"column":2},"end":{"line":94,"column":63}},"29":{"start":{"line":97,"column":38},"end":{"line":100,"column":1}},"30":{"start":{"line":98,"column":21},"end":{"line":98,"column":52}},"31":{"start":{"line":99,"column":2},"end":{"line":99,"column":19}},"32":{"start":{"line":102,"column":32},"end":{"line":102,"column":57}},"33":{"start":{"line":104,"column":30},"end":{"line":107,"column":1}},"34":{"start":{"line":105,"column":15},"end":{"line":105,"column":48}},"35":{"start":{"line":106,"column":2},"end":{"line":106,"column":30}},"36":{"start":{"line":109,"column":41},"end":{"line":112,"column":1}},"37":{"start":{"line":110,"column":15},"end":{"line":110,"column":34}},"38":{"start":{"line":111,"column":2},"end":{"line":111,"column":30}}},"fnMap":{"0":{"name":"(anonymous_0)","decl":{"start":{"line":10,"column":38},"end":{"line":10,"column":39}},"loc":{"start":{"line":10,"column":64},"end":{"line":13,"column":1}},"line":10},"1":{"name":"parseSchema","decl":{"start":{"line":15,"column":16},"end":{"line":15,"column":27}},"loc":{"start":{"line":18,"column":2},"end":{"line":36,"column":1}},"line":18},"2":{"name":"(anonymous_2)","decl":{"start":{"line":28,"column":10},"end":{"line":28,"column":11}},"loc":{"start":{"line":29,"column":12},"end":{"line":29,"column":76}},"line":29},"3":{"name":"parseCredDef","decl":{"start":{"line":38,"column":16},"end":{"line":38,"column":28}},"loc":{"start":{"line":40,"column":2},"end":{"line":57,"column":1}},"line":40},"4":{"name":"(anonymous_4)","decl":{"start":{"line":50,"column":10},"end":{"line":50,"column":11}},"loc":{"start":{"line":51,"column":12},"end":{"line":51,"column":78}},"line":51},"5":{"name":"credentialSchema","decl":{"start":{"line":59,"column":16},"end":{"line":59,"column":32}},"loc":{"start":{"line":61,"column":22},"end":{"line":64,"column":1}},"line":61},"6":{"name":"credentialDefinition","decl":{"start":{"line":66,"column":16},"end":{"line":66,"column":36}},"loc":{"start":{"line":68,"column":22},"end":{"line":71,"column":1}},"line":68},"7":{"name":"parsedSchema","decl":{"start":{"line":73,"column":16},"end":{"line":73,"column":28}},"loc":{"start":{"line":76,"column":2},"end":{"line":78,"column":1}},"line":76},"8":{"name":"parsedCredentialDefinition","decl":{"start":{"line":80,"column":16},"end":{"line":80,"column":42}},"loc":{"start":{"line":82,"column":2},"end":{"line":84,"column":1}},"line":82},"9":{"name":"hashCode","decl":{"start":{"line":86,"column":16},"end":{"line":86,"column":24}},"loc":{"start":{"line":86,"column":44},"end":{"line":90,"column":1}},"line":86},"10":{"name":"(anonymous_10)","decl":{"start":{"line":89,"column":12},"end":{"line":89,"column":13}},"loc":{"start":{"line":89,"column":28},"end":{"line":89,"column":69}},"line":89},"11":{"name":"hashToRGBA","decl":{"start":{"line":92,"column":16},"end":{"line":92,"column":26}},"loc":{"start":{"line":92,"column":38},"end":{"line":95,"column":1}},"line":92},"12":{"name":"(anonymous_12)","decl":{"start":{"line":97,"column":38},"end":{"line":97,"column":39}},"loc":{"start":{"line":97,"column":64},"end":{"line":100,"column":1}},"line":97},"13":{"name":"(anonymous_13)","decl":{"start":{"line":104,"column":30},"end":{"line":104,"column":31}},"loc":{"start":{"line":104,"column":66},"end":{"line":107,"column":1}},"line":104},"14":{"name":"(anonymous_14)","decl":{"start":{"line":109,"column":41},"end":{"line":109,"column":42}},"loc":{"start":{"line":109,"column":63},"end":{"line":112,"column":1}},"line":109}},"branchMap":{"0":{"loc":{"start":{"line":21,"column":2},"end":{"line":34,"column":3}},"type":"if","locations":[{"start":{"line":21,"column":2},"end":{"line":34,"column":3}},{"start":{},"end":{}}],"line":21},"1":{"loc":{"start":{"line":24,"column":4},"end":{"line":33,"column":5}},"type":"if","locations":[{"start":{"line":24,"column":4},"end":{"line":33,"column":5}},{"start":{},"end":{}}],"line":24},"2":{"loc":{"start":{"line":42,"column":2},"end":{"line":55,"column":3}},"type":"if","locations":[{"start":{"line":42,"column":2},"end":{"line":55,"column":3}},{"start":{},"end":{}}],"line":42},"3":{"loc":{"start":{"line":46,"column":4},"end":{"line":54,"column":5}},"type":"if","locations":[{"start":{"line":46,"column":4},"end":{"line":54,"column":5}},{"start":{},"end":{}}],"line":46}},"s":{"0":6,"1":0,"2":0,"3":12,"4":12,"5":12,"6":4,"7":4,"8":4,"9":4,"10":8,"11":4,"12":12,"13":0,"14":0,"15":0,"16":0,"17":0,"18":0,"19":0,"20":0,"21":12,"22":0,"23":12,"24":0,"25":6,"26":74,"27":6,"28":6,"29":6,"30":0,"31":0,"32":6,"33":6,"34":0,"35":0,"36":6,"37":0,"38":0},"f":{"0":0,"1":12,"2":8,"3":0,"4":0,"5":12,"6":0,"7":12,"8":0,"9":6,"10":74,"11":6,"12":0,"13":0,"14":0},"b":{"0":[4,8],"1":[4,0],"2":[0,0],"3":[0,0]},"_coverageSchema":"1a1c01bbd47fc00a2c39e90264f33305004495a9","hash":"7690e052eaa02cbd6a1b57cfbc5b14ec27cca062"}
,"/home/ayanworks/app/src/utils/keychain.ts": {"path":"/home/ayanworks/app/src/utils/keychain.ts","statementMap":{"0":{"start":{"line":3,"column":25},"end":{"line":9,"column":1}},"1":{"start":{"line":8,"column":2},"end":{"line":8,"column":64}},"2":{"start":{"line":11,"column":25},"end":{"line":14,"column":1}},"3":{"start":{"line":12,"column":22},"end":{"line":12,"column":64}},"4":{"start":{"line":13,"column":2},"end":{"line":13,"column":20}}},"fnMap":{"0":{"name":"(anonymous_0)","decl":{"start":{"line":3,"column":25},"end":{"line":3,"column":26}},"loc":{"start":{"line":7,"column":5},"end":{"line":9,"column":1}},"line":7},"1":{"name":"(anonymous_1)","decl":{"start":{"line":11,"column":25},"end":{"line":11,"column":26}},"loc":{"start":{"line":11,"column":49},"end":{"line":14,"column":1}},"line":11}},"branchMap":{},"s":{"0":6,"1":1,"2":6,"3":0,"4":0},"f":{"0":1,"1":0},"b":{},"_coverageSchema":"1a1c01bbd47fc00a2c39e90264f33305004495a9","hash":"a1933b7b1c52277d9b7841d3515a3c084fc7e9fc"}
,"/home/ayanworks/app/src/utils/testhelpers.ts": {"path":"/home/ayanworks/app/src/utils/testhelpers.ts","statementMap":{"0":{"start":{"line":11,"column":33},"end":{"line":67,"column":1}},"1":{"start":{"line":52,"column":2},"end":{"line":66,"column":4}}},"fnMap":{"0":{"name":"(anonymous_0)","decl":{"start":{"line":11,"column":33},"end":{"line":11,"column":34}},"loc":{"start":{"line":51,"column":43},"end":{"line":67,"column":1}},"line":51}},"branchMap":{"0":{"loc":{"start":{"line":11,"column":34},"end":{"line":51,"column":38}},"type":"default-arg","locations":[{"start":{"line":51,"column":36},"end":{"line":51,"column":38}}],"line":11},"1":{"loc":{"start":{"line":12,"column":2},"end":{"line":12,"column":33}},"type":"default-arg","locations":[{"start":{"line":12,"column":10},"end":{"line":12,"column":33}}],"line":12},"2":{"loc":{"start":{"line":13,"column":2},"end":{"line":13,"column":31}},"type":"default-arg","locations":[{"start":{"line":13,"column":9},"end":{"line":13,"column":31}}],"line":13},"3":{"loc":{"start":{"line":14,"column":2},"end":{"line":14,"column":13}},"type":"default-arg","locations":[{"start":{"line":14,"column":7},"end":{"line":14,"column":13}}],"line":14},"4":{"loc":{"start":{"line":15,"column":2},"end":{"line":15,"column":18}},"type":"default-arg","locations":[{"start":{"line":15,"column":8},"end":{"line":15,"column":18}}],"line":15},"5":{"loc":{"start":{"line":16,"column":2},"end":{"line":16,"column":23}},"type":"default-arg","locations":[{"start":{"line":16,"column":13},"end":{"line":16,"column":23}}],"line":16},"6":{"loc":{"start":{"line":17,"column":2},"end":{"line":17,"column":18}},"type":"default-arg","locations":[{"start":{"line":17,"column":11},"end":{"line":17,"column":18}}],"line":17},"7":{"loc":{"start":{"line":18,"column":2},"end":{"line":29,"column":4}},"type":"default-arg","locations":[{"start":{"line":18,"column":11},"end":{"line":29,"column":4}}],"line":18},"8":{"loc":{"start":{"line":30,"column":2},"end":{"line":30,"column":11}},"type":"default-arg","locations":[{"start":{"line":30,"column":9},"end":{"line":30,"column":11}}],"line":30},"9":{"loc":{"start":{"line":32,"column":2},"end":{"line":36,"column":4}},"type":"default-arg","locations":[{"start":{"line":32,"column":15},"end":{"line":36,"column":4}}],"line":32},"10":{"loc":{"start":{"line":37,"column":2},"end":{"line":37,"column":24}},"type":"default-arg","locations":[{"start":{"line":37,"column":13},"end":{"line":37,"column":24}}],"line":37},"11":{"loc":{"start":{"line":38,"column":2},"end":{"line":49,"column":4}},"type":"default-arg","locations":[{"start":{"line":38,"column":16},"end":{"line":49,"column":4}}],"line":38},"12":{"loc":{"start":{"line":50,"column":2},"end":{"line":50,"column":28}},"type":"default-arg","locations":[{"start":{"line":50,"column":23},"end":{"line":50,"column":28}}],"line":50}},"s":{"0":1,"1":1},"f":{"0":1},"b":{"0":[0],"1":[0],"2":[1],"3":[0],"4":[0],"5":[1],"6":[1],"7":[1],"8":[1],"9":[1],"10":[1],"11":[1],"12":[1]},"_coverageSchema":"1a1c01bbd47fc00a2c39e90264f33305004495a9","hash":"571a767298dba666b4275522488ed7500c1c0575"}
,"/home/ayanworks/app/src/utils/toast.ts": {"path":"/home/ayanworks/app/src/utils/toast.ts","statementMap":{"0":{"start":{"line":5,"column":28},"end":{"line":11,"column":1}},"1":{"start":{"line":6,"column":2},"end":{"line":10,"column":4}},"2":{"start":{"line":12,"column":28},"end":{"line":18,"column":1}},"3":{"start":{"line":13,"column":2},"end":{"line":17,"column":4}},"4":{"start":{"line":19,"column":25},"end":{"line":25,"column":1}},"5":{"start":{"line":20,"column":2},"end":{"line":24,"column":4}},"6":{"start":{"line":26,"column":26},"end":{"line":32,"column":1}},"7":{"start":{"line":27,"column":2},"end":{"line":31,"column":4}}},"fnMap":{"0":{"name":"(anonymous_0)","decl":{"start":{"line":5,"column":28},"end":{"line":5,"column":29}},"loc":{"start":{"line":5,"column":65},"end":{"line":11,"column":1}},"line":5},"1":{"name":"(anonymous_1)","decl":{"start":{"line":12,"column":28},"end":{"line":12,"column":29}},"loc":{"start":{"line":12,"column":65},"end":{"line":18,"column":1}},"line":12},"2":{"name":"(anonymous_2)","decl":{"start":{"line":19,"column":25},"end":{"line":19,"column":26}},"loc":{"start":{"line":19,"column":62},"end":{"line":25,"column":1}},"line":19},"3":{"name":"(anonymous_3)","decl":{"start":{"line":26,"column":26},"end":{"line":26,"column":27}},"loc":{"start":{"line":26,"column":63},"end":{"line":32,"column":1}},"line":26}},"branchMap":{"0":{"loc":{"start":{"line":8,"column":11},"end":{"line":8,"column":47}},"type":"binary-expr","locations":[{"start":{"line":8,"column":11},"end":{"line":8,"column":16}},{"start":{"line":8,"column":20},"end":{"line":8,"column":47}}],"line":8},"1":{"loc":{"start":{"line":15,"column":11},"end":{"line":15,"column":47}},"type":"binary-expr","locations":[{"start":{"line":15,"column":11},"end":{"line":15,"column":16}},{"start":{"line":15,"column":20},"end":{"line":15,"column":47}}],"line":15},"2":{"loc":{"start":{"line":22,"column":11},"end":{"line":22,"column":44}},"type":"binary-expr","locations":[{"start":{"line":22,"column":11},"end":{"line":22,"column":16}},{"start":{"line":22,"column":20},"end":{"line":22,"column":44}}],"line":22},"3":{"loc":{"start":{"line":29,"column":11},"end":{"line":29,"column":45}},"type":"binary-expr","locations":[{"start":{"line":29,"column":11},"end":{"line":29,"column":16}},{"start":{"line":29,"column":20},"end":{"line":29,"column":45}}],"line":29}},"s":{"0":2,"1":0,"2":2,"3":0,"4":2,"5":0,"6":2,"7":0},"f":{"0":0,"1":0,"2":0,"3":0},"b":{"0":[0,0],"1":[0,0],"2":[0,0],"3":[0,0]},"_coverageSchema":"1a1c01bbd47fc00a2c39e90264f33305004495a9","hash":"de5e992bd2e5894e03d5ca9ff54a7e161a07c57c"}
,"/home/ayanworks/app/src/utils/wordsList.ts": {"path":"/home/ayanworks/app/src/utils/wordsList.ts","statementMap":{"0":{"start":{"line":1,"column":18},"end":{"line":7778,"column":1}}},"fnMap":{},"branchMap":{},"s":{"0":1},"f":{},"b":{},"_coverageSchema":"1a1c01bbd47fc00a2c39e90264f33305004495a9","hash":"5842d744316b6225613ebca84fb64092c2f1f85c"}
}
