{"/home/ayanworks/app/src/constants.ts": {"path":"/home/ayanworks/app/src/constants.ts","statementMap":{"0":{"start":{"line":1,"column":31},"end":{"line":1,"column":35}},"1":{"start":{"line":3,"column":28},"end":{"line":3,"column":41}},"2":{"start":{"line":6,"column":2},"end":{"line":6,"column":153}},"3":{"start":{"line":9,"column":2},"end":{"line":9,"column":68}},"4":{"start":{"line":26,"column":4},"end":{"line":30,"column":1}}},"fnMap":{},"branchMap":{},"s":{"0":17,"1":17,"2":17,"3":17,"4":17},"f":{},"b":{},"_coverageSchema":"1a1c01bbd47fc00a2c39e90264f33305004495a9","hash":"cdb3860cf84d8ec12004bef4fbaf516a5ed0d6c6"}
,"/home/ayanworks/app/src/api/index.ts": {"path":"/home/ayanworks/app/src/api/index.ts","statementMap":{"0":{"start":{"line":5,"column":17},"end":{"line":10,"column":2}},"1":{"start":{"line":12,"column":18},"end":{"line":14,"column":1}},"2":{"start":{"line":13,"column":2},"end":{"line":13,"column":15}},"3":{"start":{"line":16,"column":23},"end":{"line":18,"column":1}},"4":{"start":{"line":17,"column":2},"end":{"line":17,"column":14}},"5":{"start":{"line":20,"column":19},"end":{"line":22,"column":1}},"6":{"start":{"line":21,"column":2},"end":{"line":21,"column":22}},"7":{"start":{"line":24,"column":24},"end":{"line":26,"column":1}},"8":{"start":{"line":25,"column":2},"end":{"line":25,"column":14}},"9":{"start":{"line":28,"column":0},"end":{"line":28,"column":60}},"10":{"start":{"line":29,"column":0},"end":{"line":29,"column":63}}},"fnMap":{"0":{"name":"(anonymous_0)","decl":{"start":{"line":12,"column":18},"end":{"line":12,"column":19}},"loc":{"start":{"line":12,"column":70},"end":{"line":14,"column":1}},"line":12},"1":{"name":"(anonymous_1)","decl":{"start":{"line":16,"column":23},"end":{"line":16,"column":24}},"loc":{"start":{"line":16,"column":58},"end":{"line":18,"column":1}},"line":16},"2":{"name":"(anonymous_2)","decl":{"start":{"line":20,"column":19},"end":{"line":20,"column":20}},"loc":{"start":{"line":20,"column":63},"end":{"line":22,"column":1}},"line":20},"3":{"name":"(anonymous_3)","decl":{"start":{"line":24,"column":24},"end":{"line":24,"column":25}},"loc":{"start":{"line":24,"column":59},"end":{"line":26,"column":1}},"line":24}},"branchMap":{},"s":{"0":1,"1":1,"2":0,"3":1,"4":0,"5":1,"6":0,"7":1,"8":0,"9":1,"10":1},"f":{"0":0,"1":0,"2":0,"3":0},"b":{},"_coverageSchema":"1a1c01bbd47fc00a2c39e90264f33305004495a9","hash":"7707b93b3b28de3d4eaa40eff08aab49323a69f5"}
,"/home/ayanworks/app/src/api/auth/index.ts": {"path":"/home/ayanworks/app/src/api/auth/index.ts","statementMap":{"0":{"start":{"line":9,"column":13},"end":{"line":21,"column":1}},"1":{"start":{"line":10,"column":2},"end":{"line":20,"column":3}},"2":{"start":{"line":15,"column":6},"end":{"line":15,"column":67}},"3":{"start":{"line":18,"column":6},"end":{"line":18,"column":69}}},"fnMap":{"0":{"name":"(anonymous_0)","decl":{"start":{"line":9,"column":13},"end":{"line":9,"column":14}},"loc":{"start":{"line":9,"column":42},"end":{"line":21,"column":1}},"line":9},"1":{"name":"(anonymous_1)","decl":{"start":{"line":11,"column":4},"end":{"line":11,"column":5}},"loc":{"start":{"line":14,"column":37},"end":{"line":16,"column":5}},"line":14},"2":{"name":"(anonymous_2)","decl":{"start":{"line":17,"column":4},"end":{"line":17,"column":5}},"loc":{"start":{"line":17,"column":79},"end":{"line":19,"column":5}},"line":17}},"branchMap":{"0":{"loc":{"start":{"line":13,"column":6},"end":{"line":13,"column":17}},"type":"default-arg","locations":[{"start":{"line":13,"column":15},"end":{"line":13,"column":17}}],"line":13},"1":{"loc":{"start":{"line":17,"column":38},"end":{"line":17,"column":49}},"type":"default-arg","locations":[{"start":{"line":17,"column":47},"end":{"line":17,"column":49}}],"line":17}},"s":{"0":1,"1":1,"2":0,"3":0},"f":{"0":1,"1":0,"2":0},"b":{"0":[0],"1":[0]},"_coverageSchema":"1a1c01bbd47fc00a2c39e90264f33305004495a9","hash":"04371dac93c96bdbf02873baad51abbf5da8b24c"}
,"/home/ayanworks/app/src/assets/img/proof-declined.svg": {"path":"/home/ayanworks/app/src/assets/img/proof-declined.svg","statementMap":{"0":{"start":{"line":1,"column":0},"end":{"line":4,"column":6}}},"fnMap":{},"branchMap":{},"s":{"0":1},"f":{},"b":{},"inputSourceMap":null,"_coverageSchema":"1a1c01bbd47fc00a2c39e90264f33305004495a9","hash":"d8460a02d171ea5a69b5584d6248020a22a7e95b"}
,"/home/ayanworks/app/src/assets/img/proof-pending.svg": {"path":"/home/ayanworks/app/src/assets/img/proof-pending.svg","statementMap":{"0":{"start":{"line":1,"column":0},"end":{"line":4,"column":6}}},"fnMap":{},"branchMap":{},"s":{"0":1},"f":{},"b":{},"inputSourceMap":null,"_coverageSchema":"1a1c01bbd47fc00a2c39e90264f33305004495a9","hash":"c4cb24e80a086d8dcc428a7704eddb6134ba3faf"}
,"/home/ayanworks/app/src/assets/img/proof-success.svg": {"path":"/home/ayanworks/app/src/assets/img/proof-success.svg","statementMap":{"0":{"start":{"line":1,"column":0},"end":{"line":4,"column":6}}},"fnMap":{},"branchMap":{},"s":{"0":1},"f":{},"b":{},"inputSourceMap":null,"_coverageSchema":"1a1c01bbd47fc00a2c39e90264f33305004495a9","hash":"a839f1e496cbb87eb7e6090791208adb899c8948"}
,"/home/ayanworks/app/src/components/index.ts": {"path":"/home/ayanworks/app/src/components/index.ts","statementMap":{},"fnMap":{},"branchMap":{},"s":{},"f":{},"b":{},"_coverageSchema":"1a1c01bbd47fc00a2c39e90264f33305004495a9","hash":"8a8f231af3acd1515f9225988c194456d775543c"}
,"/home/ayanworks/app/src/components/button/Button.tsx": {"path":"/home/ayanworks/app/src/components/button/Button.tsx","statementMap":{"0":{"start":{"line":20,"column":38},"end":{"line":39,"column":1}},"1":{"start":{"line":27,"column":2},"end":{"line":38,"column":3}}},"fnMap":{"0":{"name":"(anonymous_0)","decl":{"start":{"line":20,"column":38},"end":{"line":20,"column":39}},"loc":{"start":{"line":26,"column":6},"end":{"line":39,"column":1}},"line":26}},"branchMap":{"0":{"loc":{"start":{"line":22,"column":2},"end":{"line":22,"column":33}},"type":"default-arg","locations":[{"start":{"line":22,"column":15},"end":{"line":22,"column":33}}],"line":22},"1":{"loc":{"start":{"line":25,"column":2},"end":{"line":25,"column":18}},"type":"default-arg","locations":[{"start":{"line":25,"column":13},"end":{"line":25,"column":18}}],"line":25}},"s":{"0":12,"1":7},"f":{"0":7},"b":{"0":[0],"1":[3]},"_coverageSchema":"1a1c01bbd47fc00a2c39e90264f33305004495a9","hash":"68ed0e419a4362705552ff094c9b978cd00e00ec"}
,"/home/ayanworks/app/src/components/checkbox/CheckBoxRow.tsx": {"path":"/home/ayanworks/app/src/components/checkbox/CheckBoxRow.tsx","statementMap":{"0":{"start":{"line":14,"column":14},"end":{"line":26,"column":2}},"1":{"start":{"line":28,"column":37},"end":{"line":58,"column":1}},"2":{"start":{"line":34,"column":21},"end":{"line":34,"column":72}},"3":{"start":{"line":36,"column":2},"end":{"line":57,"column":3}}},"fnMap":{"0":{"name":"(anonymous_0)","decl":{"start":{"line":28,"column":37},"end":{"line":28,"column":38}},"loc":{"start":{"line":33,"column":6},"end":{"line":58,"column":1}},"line":33}},"branchMap":{"0":{"loc":{"start":{"line":34,"column":24},"end":{"line":34,"column":71}},"type":"binary-expr","locations":[{"start":{"line":34,"column":24},"end":{"line":34,"column":42}},{"start":{"line":34,"column":46},"end":{"line":34,"column":71}}],"line":34},"1":{"loc":{"start":{"line":45,"column":9},"end":{"line":53,"column":9}},"type":"cond-expr","locations":[{"start":{"line":46,"column":10},"end":{"line":46,"column":79}},{"start":{"line":48,"column":10},"end":{"line":52,"column":12}}],"line":45}},"s":{"0":2,"1":2,"2":2,"3":2},"f":{"0":2},"b":{"0":[2,1],"1":[0,2]},"_coverageSchema":"1a1c01bbd47fc00a2c39e90264f33305004495a9","hash":"28a6ae3cb1ee9db7a6d6cebab32b505e45ea6a4c"}
,"/home/ayanworks/app/src/components/inputs/QRScanner.tsx": {"path":"/home/ayanworks/app/src/components/inputs/QRScanner.tsx","statementMap":{"0":{"start":{"line":24,"column":15},"end":{"line":53,"column":2}},"1":{"start":{"line":55,"column":61},"end":{"line":70,"column":1}},"2":{"start":{"line":59,"column":2},"end":{"line":69,"column":3}},"3":{"start":{"line":72,"column":35},"end":{"line":139,"column":1}},"4":{"start":{"line":77,"column":21},"end":{"line":77,"column":36}},"5":{"start":{"line":78,"column":42},"end":{"line":78,"column":56}},"6":{"start":{"line":79,"column":40},"end":{"line":79,"column":55}},"7":{"start":{"line":80,"column":28},"end":{"line":80,"column":49}},"8":{"start":{"line":81,"column":23},"end":{"line":81,"column":37}},"9":{"start":{"line":82,"column":16},"end":{"line":82,"column":32}},"10":{"start":{"line":83,"column":25},"end":{"line":83,"column":42}},"11":{"start":{"line":85,"column":2},"end":{"line":138,"column":3}},"12":{"start":{"line":104,"column":10},"end":{"line":106,"column":11}},"13":{"start":{"line":105,"column":12},"end":{"line":105,"column":18}},"14":{"start":{"line":107,"column":10},"end":{"line":112,"column":11}},"15":{"start":{"line":108,"column":12},"end":{"line":108,"column":42}},"16":{"start":{"line":109,"column":12},"end":{"line":111,"column":13}},"17":{"start":{"line":110,"column":14},"end":{"line":110,"column":35}},"18":{"start":{"line":113,"column":10},"end":{"line":117,"column":11}},"19":{"start":{"line":114,"column":12},"end":{"line":114,"column":31}},"20":{"start":{"line":115,"column":12},"end":{"line":115,"column":33}},"21":{"start":{"line":116,"column":12},"end":{"line":116,"column":34}},"22":{"start":{"line":121,"column":41},"end":{"line":121,"column":60}},"23":{"start":{"line":133,"column":27},"end":{"line":133,"column":55}}},"fnMap":{"0":{"name":"(anonymous_0)","decl":{"start":{"line":55,"column":61},"end":{"line":55,"column":62}},"loc":{"start":{"line":58,"column":6},"end":{"line":70,"column":1}},"line":58},"1":{"name":"(anonymous_1)","decl":{"start":{"line":72,"column":35},"end":{"line":72,"column":36}},"loc":{"start":{"line":76,"column":6},"end":{"line":139,"column":1}},"line":76},"2":{"name":"(anonymous_2)","decl":{"start":{"line":103,"column":23},"end":{"line":103,"column":24}},"loc":{"start":{"line":103,"column":52},"end":{"line":118,"column":9}},"line":103},"3":{"name":"(anonymous_3)","decl":{"start":{"line":121,"column":35},"end":{"line":121,"column":36}},"loc":{"start":{"line":121,"column":41},"end":{"line":121,"column":60}},"line":121},"4":{"name":"(anonymous_4)","decl":{"start":{"line":133,"column":21},"end":{"line":133,"column":22}},"loc":{"start":{"line":133,"column":27},"end":{"line":133,"column":55}},"line":133}},"branchMap":{"0":{"loc":{"start":{"line":63,"column":23},"end":{"line":63,"column":50}},"type":"cond-expr","locations":[{"start":{"line":63,"column":34},"end":{"line":63,"column":42}},{"start":{"line":63,"column":45},"end":{"line":63,"column":50}}],"line":63},"1":{"loc":{"start":{"line":91,"column":10},"end":{"line":93,"column":46}},"type":"cond-expr","locations":[{"start":{"line":92,"column":14},"end":{"line":92,"column":48}},{"start":{"line":93,"column":14},"end":{"line":93,"column":46}}],"line":91},"2":{"loc":{"start":{"line":104,"column":10},"end":{"line":106,"column":11}},"type":"if","locations":[{"start":{"line":104,"column":10},"end":{"line":106,"column":11}},{"start":{},"end":{}}],"line":104},"3":{"loc":{"start":{"line":107,"column":10},"end":{"line":112,"column":11}},"type":"if","locations":[{"start":{"line":107,"column":10},"end":{"line":112,"column":11}},{"start":{},"end":{}}],"line":107},"4":{"loc":{"start":{"line":109,"column":12},"end":{"line":111,"column":13}},"type":"if","locations":[{"start":{"line":109,"column":12},"end":{"line":111,"column":13}},{"start":{},"end":{}}],"line":109},"5":{"loc":{"start":{"line":113,"column":10},"end":{"line":117,"column":11}},"type":"if","locations":[{"start":{"line":113,"column":10},"end":{"line":117,"column":11}},{"start":{},"end":{}}],"line":113},"6":{"loc":{"start":{"line":122,"column":11},"end":{"line":127,"column":11}},"type":"binary-expr","locations":[{"start":{"line":122,"column":11},"end":{"line":122,"column":16}},{"start":{"line":123,"column":12},"end":{"line":126,"column":19}}],"line":122}},"s":{"0":1,"1":1,"2":0,"3":1,"4":1,"5":1,"6":1,"7":1,"8":1,"9":1,"10":1,"11":1,"12":0,"13":0,"14":0,"15":0,"16":0,"17":0,"18":0,"19":0,"20":0,"21":0,"22":0,"23":0},"f":{"0":0,"1":1,"2":0,"3":0,"4":0},"b":{"0":[0,0],"1":[0,1],"2":[0,0],"3":[0,0],"4":[0,0],"5":[0,0],"6":[1,0]},"_coverageSchema":"1a1c01bbd47fc00a2c39e90264f33305004495a9","hash":"9de3c785b2f953794eb7580654a0a4c676085f44"}
,"/home/ayanworks/app/src/components/inputs/SearchBar.tsx": {"path":"/home/ayanworks/app/src/components/inputs/SearchBar.tsx","statementMap":{"0":{"start":{"line":6,"column":15},"end":{"line":37,"column":2}},"1":{"start":{"line":46,"column":35},"end":{"line":108,"column":1}},"2":{"start":{"line":52,"column":2},"end":{"line":107,"column":3}},"3":{"start":{"line":76,"column":12},"end":{"line":76,"column":28}},"4":{"start":{"line":87,"column":14},"end":{"line":87,"column":33}},"5":{"start":{"line":88,"column":14},"end":{"line":88,"column":31}},"6":{"start":{"line":99,"column":14},"end":{"line":99,"column":32}},"7":{"start":{"line":100,"column":14},"end":{"line":100,"column":31}},"8":{"start":{"line":101,"column":14},"end":{"line":101,"column":33}}},"fnMap":{"0":{"name":"(anonymous_0)","decl":{"start":{"line":46,"column":35},"end":{"line":46,"column":36}},"loc":{"start":{"line":51,"column":6},"end":{"line":108,"column":1}},"line":51},"1":{"name":"(anonymous_1)","decl":{"start":{"line":75,"column":19},"end":{"line":75,"column":20}},"loc":{"start":{"line":75,"column":25},"end":{"line":77,"column":11}},"line":75},"2":{"name":"(anonymous_2)","decl":{"start":{"line":86,"column":21},"end":{"line":86,"column":22}},"loc":{"start":{"line":86,"column":27},"end":{"line":89,"column":13}},"line":86},"3":{"name":"(anonymous_3)","decl":{"start":{"line":98,"column":21},"end":{"line":98,"column":22}},"loc":{"start":{"line":98,"column":27},"end":{"line":102,"column":13}},"line":98}},"branchMap":{"0":{"loc":{"start":{"line":55,"column":15},"end":{"line":55,"column":76}},"type":"cond-expr","locations":[{"start":{"line":55,"column":25},"end":{"line":55,"column":48}},{"start":{"line":55,"column":51},"end":{"line":55,"column":76}}],"line":55},"1":{"loc":{"start":{"line":80,"column":9},"end":{"line":91,"column":9}},"type":"binary-expr","locations":[{"start":{"line":80,"column":9},"end":{"line":80,"column":16}},{"start":{"line":81,"column":10},"end":{"line":90,"column":12}}],"line":80},"2":{"loc":{"start":{"line":94,"column":7},"end":{"line":105,"column":7}},"type":"binary-expr","locations":[{"start":{"line":94,"column":7},"end":{"line":94,"column":14}},{"start":{"line":95,"column":8},"end":{"line":104,"column":15}}],"line":94}},"s":{"0":1,"1":1,"2":1,"3":0,"4":0,"5":0,"6":0,"7":0,"8":0},"f":{"0":1,"1":0,"2":0,"3":0},"b":{"0":[0,1],"1":[1,0],"2":[1,0]},"_coverageSchema":"1a1c01bbd47fc00a2c39e90264f33305004495a9","hash":"4eadfc58aa7403da7eb66b5d38c61b19538737f1"}
,"/home/ayanworks/app/src/components/inputs/SingleSelectBlock.tsx": {"path":"/home/ayanworks/app/src/components/inputs/SingleSelectBlock.tsx","statementMap":{"0":{"start":{"line":12,"column":15},"end":{"line":26,"column":2}},"1":{"start":{"line":38,"column":43},"end":{"line":66,"column":1}},"2":{"start":{"line":43,"column":34},"end":{"line":43,"column":73}},"3":{"start":{"line":45,"column":23},"end":{"line":48,"column":3}},"4":{"start":{"line":46,"column":4},"end":{"line":46,"column":25}},"5":{"start":{"line":47,"column":4},"end":{"line":47,"column":22}},"6":{"start":{"line":50,"column":2},"end":{"line":65,"column":3}},"7":{"start":{"line":53,"column":8},"end":{"line":62,"column":27}},"8":{"start":{"line":56,"column":25},"end":{"line":56,"column":43}}},"fnMap":{"0":{"name":"(anonymous_0)","decl":{"start":{"line":38,"column":43},"end":{"line":38,"column":44}},"loc":{"start":{"line":42,"column":6},"end":{"line":66,"column":1}},"line":42},"1":{"name":"(anonymous_1)","decl":{"start":{"line":45,"column":23},"end":{"line":45,"column":24}},"loc":{"start":{"line":45,"column":53},"end":{"line":48,"column":3}},"line":45},"2":{"name":"(anonymous_2)","decl":{"start":{"line":52,"column":21},"end":{"line":52,"column":22}},"loc":{"start":{"line":53,"column":8},"end":{"line":62,"column":27}},"line":53},"3":{"name":"(anonymous_3)","decl":{"start":{"line":56,"column":19},"end":{"line":56,"column":20}},"loc":{"start":{"line":56,"column":25},"end":{"line":56,"column":43}},"line":56}},"branchMap":{"0":{"loc":{"start":{"line":43,"column":43},"end":{"line":43,"column":72}},"type":"binary-expr","locations":[{"start":{"line":43,"column":43},"end":{"line":43,"column":56}},{"start":{"line":43,"column":60},"end":{"line":43,"column":72}}],"line":43},"1":{"loc":{"start":{"line":59,"column":11},"end":{"line":61,"column":18}},"type":"cond-expr","locations":[{"start":{"line":60,"column":12},"end":{"line":60,"column":77}},{"start":{"line":61,"column":14},"end":{"line":61,"column":18}}],"line":59}},"s":{"0":10,"1":10,"2":2,"3":2,"4":1,"5":1,"6":2,"7":6,"8":1},"f":{"0":2,"1":1,"2":6,"3":1},"b":{"0":[2,2],"1":[2,4]},"_coverageSchema":"1a1c01bbd47fc00a2c39e90264f33305004495a9","hash":"4d411b53e666005f41c79b47b15b3bd03b873dee"}
,"/home/ayanworks/app/src/components/inputs/TextInput.tsx": {"path":"/home/ayanworks/app/src/components/inputs/TextInput.tsx","statementMap":{"0":{"start":{"line":16,"column":15},"end":{"line":33,"column":2}},"1":{"start":{"line":35,"column":35},"end":{"line":57,"column":1}},"2":{"start":{"line":36,"column":32},"end":{"line":36,"column":47}},"3":{"start":{"line":38,"column":21},"end":{"line":38,"column":43}},"4":{"start":{"line":38,"column":27},"end":{"line":38,"column":43}},"5":{"start":{"line":40,"column":2},"end":{"line":56,"column":3}}},"fnMap":{"0":{"name":"(anonymous_0)","decl":{"start":{"line":35,"column":35},"end":{"line":35,"column":36}},"loc":{"start":{"line":35,"column":69},"end":{"line":57,"column":1}},"line":35},"1":{"name":"(anonymous_1)","decl":{"start":{"line":38,"column":21},"end":{"line":38,"column":22}},"loc":{"start":{"line":38,"column":27},"end":{"line":38,"column":43}},"line":38}},"branchMap":{"0":{"loc":{"start":{"line":48,"column":10},"end":{"line":48,"column":63}},"type":"binary-expr","locations":[{"start":{"line":48,"column":10},"end":{"line":48,"column":17}},{"start":{"line":48,"column":21},"end":{"line":48,"column":63}}],"line":48}},"s":{"0":11,"1":11,"2":2,"3":2,"4":0,"5":2},"f":{"0":2,"1":0},"b":{"0":[2,0]},"_coverageSchema":"1a1c01bbd47fc00a2c39e90264f33305004495a9","hash":"945295a452ecca7129b17a352c80f9c11f1e5619"}
,"/home/ayanworks/app/src/components/listItems/ContactListItem.tsx": {"path":"/home/ayanworks/app/src/components/listItems/ContactListItem.tsx","statementMap":{"0":{"start":{"line":17,"column":15},"end":{"line":28,"column":2}},"1":{"start":{"line":30,"column":41},"end":{"line":51,"column":1}},"2":{"start":{"line":31,"column":21},"end":{"line":31,"column":77}},"3":{"start":{"line":32,"column":2},"end":{"line":50,"column":3}},"4":{"start":{"line":36,"column":8},"end":{"line":38,"column":10}}},"fnMap":{"0":{"name":"(anonymous_0)","decl":{"start":{"line":30,"column":41},"end":{"line":30,"column":42}},"loc":{"start":{"line":30,"column":58},"end":{"line":51,"column":1}},"line":30},"1":{"name":"(anonymous_1)","decl":{"start":{"line":35,"column":15},"end":{"line":35,"column":16}},"loc":{"start":{"line":36,"column":8},"end":{"line":38,"column":10}},"line":36}},"branchMap":{"0":{"loc":{"start":{"line":43,"column":14},"end":{"line":43,"column":58}},"type":"binary-expr","locations":[{"start":{"line":43,"column":14},"end":{"line":43,"column":28}},{"start":{"line":43,"column":32},"end":{"line":43,"column":58}}],"line":43}},"s":{"0":10,"1":10,"2":1,"3":1,"4":1},"f":{"0":1,"1":1},"b":{"0":[1,1]},"_coverageSchema":"1a1c01bbd47fc00a2c39e90264f33305004495a9","hash":"859337ed950c19bf207f4450f6e66fd8ddd92428"}
,"/home/ayanworks/app/src/components/listItems/CredentialListItem.tsx": {"path":"/home/ayanworks/app/src/components/listItems/CredentialListItem.tsx","statementMap":{"0":{"start":{"line":13,"column":62},"end":{"line":30,"column":1}},"1":{"start":{"line":16,"column":21},"end":{"line":16,"column":80}},"2":{"start":{"line":18,"column":2},"end":{"line":29,"column":3}},"3":{"start":{"line":22,"column":8},"end":{"line":24,"column":10}}},"fnMap":{"0":{"name":"(anonymous_0)","decl":{"start":{"line":13,"column":62},"end":{"line":13,"column":63}},"loc":{"start":{"line":15,"column":6},"end":{"line":30,"column":1}},"line":15},"1":{"name":"(anonymous_1)","decl":{"start":{"line":21,"column":15},"end":{"line":21,"column":16}},"loc":{"start":{"line":22,"column":8},"end":{"line":24,"column":10}},"line":22}},"branchMap":{},"s":{"0":1,"1":1,"2":1,"3":1},"f":{"0":1,"1":1},"b":{},"_coverageSchema":"1a1c01bbd47fc00a2c39e90264f33305004495a9","hash":"0d1a6cd37f947f77ca2ceae0216a5f33e4561406"}
,"/home/ayanworks/app/src/components/listItems/DropDown.tsx": {"path":"/home/ayanworks/app/src/components/listItems/DropDown.tsx","statementMap":{"0":{"start":{"line":14,"column":17},"end":{"line":49,"column":1}},"1":{"start":{"line":15,"column":26},"end":{"line":15,"column":41}},"2":{"start":{"line":16,"column":28},"end":{"line":16,"column":60}},"3":{"start":{"line":18,"column":22},"end":{"line":20,"column":13}},"4":{"start":{"line":19,"column":4},"end":{"line":19,"column":28}},"5":{"start":{"line":22,"column":2},"end":{"line":24,"column":19}},"6":{"start":{"line":23,"column":4},"end":{"line":23,"column":17}},"7":{"start":{"line":26,"column":2},"end":{"line":48,"column":3}},"8":{"start":{"line":40,"column":8},"end":{"line":40,"column":59}},"9":{"start":{"line":43,"column":8},"end":{"line":43,"column":57}}},"fnMap":{"0":{"name":"(anonymous_0)","decl":{"start":{"line":14,"column":17},"end":{"line":14,"column":18}},"loc":{"start":{"line":14,"column":53},"end":{"line":49,"column":1}},"line":14},"1":{"name":"(anonymous_1)","decl":{"start":{"line":18,"column":34},"end":{"line":18,"column":35}},"loc":{"start":{"line":18,"column":40},"end":{"line":20,"column":3}},"line":18},"2":{"name":"(anonymous_2)","decl":{"start":{"line":22,"column":12},"end":{"line":22,"column":13}},"loc":{"start":{"line":22,"column":18},"end":{"line":24,"column":3}},"line":22},"3":{"name":"(anonymous_3)","decl":{"start":{"line":39,"column":30},"end":{"line":39,"column":31}},"loc":{"start":{"line":40,"column":8},"end":{"line":40,"column":59}},"line":40},"4":{"name":"(anonymous_4)","decl":{"start":{"line":42,"column":28},"end":{"line":42,"column":29}},"loc":{"start":{"line":43,"column":8},"end":{"line":43,"column":57}},"line":43}},"branchMap":{},"s":{"0":2,"1":2,"2":2,"3":2,"4":1,"5":2,"6":1,"7":2,"8":3,"9":0},"f":{"0":2,"1":1,"2":1,"3":3,"4":0},"b":{},"_coverageSchema":"1a1c01bbd47fc00a2c39e90264f33305004495a9","hash":"5d7f0bec7d4992b91dcede212b50f3996bbcbcac"}
,"/home/ayanworks/app/src/components/listItems/NotificationListItem.tsx": {"path":"/home/ayanworks/app/src/components/listItems/NotificationListItem.tsx","statementMap":{"0":{"start":{"line":24,"column":17},"end":{"line":24,"column":19}},"1":{"start":{"line":36,"column":15},"end":{"line":74,"column":2}},"2":{"start":{"line":76,"column":66},"end":{"line":174,"column":1}},"3":{"start":{"line":80,"column":21},"end":{"line":80,"column":74}},"4":{"start":{"line":81,"column":16},"end":{"line":81,"column":32}},"5":{"start":{"line":82,"column":32},"end":{"line":82,"column":44}},"6":{"start":{"line":83,"column":21},"end":{"line":85,"column":3}},"7":{"start":{"line":86,"column":20},"end":{"line":86,"column":30}},"8":{"start":{"line":88,"column":28},"end":{"line":93,"column":3}},"9":{"start":{"line":89,"column":18},"end":{"line":91,"column":5}},"10":{"start":{"line":92,"column":4},"end":{"line":92,"column":31}},"11":{"start":{"line":94,"column":31},"end":{"line":115,"column":3}},"12":{"start":{"line":96,"column":6},"end":{"line":96,"column":74}},"13":{"start":{"line":97,"column":25},"end":{"line":99,"column":5}},"14":{"start":{"line":100,"column":36},"end":{"line":102,"column":5}},"15":{"start":{"line":103,"column":4},"end":{"line":114,"column":6}},"16":{"start":{"line":104,"column":6},"end":{"line":113,"column":7}},"17":{"start":{"line":105,"column":8},"end":{"line":110,"column":10}},"18":{"start":{"line":106,"column":41},"end":{"line":108,"column":11}},"19":{"start":{"line":109,"column":10},"end":{"line":109,"column":44}},"20":{"start":{"line":112,"column":8},"end":{"line":112,"column":32}},"21":{"start":{"line":116,"column":16},"end":{"line":116,"column":45}},"22":{"start":{"line":117,"column":2},"end":{"line":117,"column":21}},"23":{"start":{"line":119,"column":4},"end":{"line":119,"column":36}},"24":{"start":{"line":120,"column":18},"end":{"line":120,"column":59}},"25":{"start":{"line":123,"column":14},"end":{"line":123,"column":16}},"26":{"start":{"line":124,"column":13},"end":{"line":124,"column":15}},"27":{"start":{"line":126,"column":2},"end":{"line":150,"column":3}},"28":{"start":{"line":128,"column":32},"end":{"line":128,"column":78}},"29":{"start":{"line":129,"column":6},"end":{"line":132,"column":10}},"30":{"start":{"line":130,"column":8},"end":{"line":132,"column":10}},"31":{"start":{"line":133,"column":6},"end":{"line":133,"column":50}},"32":{"start":{"line":134,"column":6},"end":{"line":134,"column":34}},"33":{"start":{"line":135,"column":6},"end":{"line":135,"column":11}},"34":{"start":{"line":138,"column":6},"end":{"line":138,"column":44}},"35":{"start":{"line":139,"column":6},"end":{"line":143,"column":7}},"36":{"start":{"line":140,"column":8},"end":{"line":140,"column":22}},"37":{"start":{"line":142,"column":8},"end":{"line":142,"column":43}},"38":{"start":{"line":144,"column":6},"end":{"line":145,"column":79}},"39":{"start":{"line":145,"column":8},"end":{"line":145,"column":79}},"40":{"start":{"line":146,"column":6},"end":{"line":146,"column":11}},"41":{"start":{"line":149,"column":6},"end":{"line":149,"column":64}},"42":{"start":{"line":152,"column":2},"end":{"line":173,"column":3}}},"fnMap":{"0":{"name":"(anonymous_0)","decl":{"start":{"line":76,"column":66},"end":{"line":76,"column":67}},"loc":{"start":{"line":79,"column":6},"end":{"line":174,"column":1}},"line":79},"1":{"name":"(anonymous_1)","decl":{"start":{"line":88,"column":28},"end":{"line":88,"column":29}},"loc":{"start":{"line":88,"column":40},"end":{"line":93,"column":3}},"line":88},"2":{"name":"(anonymous_2)","decl":{"start":{"line":94,"column":31},"end":{"line":94,"column":32}},"loc":{"start":{"line":94,"column":70},"end":{"line":115,"column":3}},"line":94},"3":{"name":"(anonymous_3)","decl":{"start":{"line":103,"column":36},"end":{"line":103,"column":37}},"loc":{"start":{"line":103,"column":43},"end":{"line":114,"column":5}},"line":103},"4":{"name":"(anonymous_4)","decl":{"start":{"line":105,"column":47},"end":{"line":105,"column":48}},"loc":{"start":{"line":105,"column":64},"end":{"line":110,"column":9}},"line":105},"5":{"name":"(anonymous_5)","decl":{"start":{"line":129,"column":16},"end":{"line":129,"column":17}},"loc":{"start":{"line":130,"column":8},"end":{"line":132,"column":10}},"line":130},"6":{"name":"(anonymous_6)","decl":{"start":{"line":144,"column":16},"end":{"line":144,"column":17}},"loc":{"start":{"line":145,"column":8},"end":{"line":145,"column":79}},"line":145}},"branchMap":{"0":{"loc":{"start":{"line":84,"column":4},"end":{"line":84,"column":53}},"type":"binary-expr","locations":[{"start":{"line":84,"column":4},"end":{"line":84,"column":47}},{"start":{"line":84,"column":51},"end":{"line":84,"column":53}}],"line":84},"1":{"loc":{"start":{"line":104,"column":6},"end":{"line":113,"column":7}},"type":"if","locations":[{"start":{"line":104,"column":6},"end":{"line":113,"column":7}},{"start":{"line":111,"column":13},"end":{"line":113,"column":7}}],"line":104},"2":{"loc":{"start":{"line":126,"column":2},"end":{"line":150,"column":3}},"type":"switch","locations":[{"start":{"line":127,"column":4},"end":{"line":136,"column":5}},{"start":{"line":137,"column":4},"end":{"line":147,"column":5}},{"start":{"line":148,"column":4},"end":{"line":149,"column":64}}],"line":126},"3":{"loc":{"start":{"line":139,"column":6},"end":{"line":143,"column":7}},"type":"if","locations":[{"start":{"line":139,"column":6},"end":{"line":143,"column":7}},{"start":{"line":141,"column":13},"end":{"line":143,"column":7}}],"line":139},"4":{"loc":{"start":{"line":142,"column":15},"end":{"line":142,"column":43}},"type":"binary-expr","locations":[{"start":{"line":142,"column":15},"end":{"line":142,"column":37}},{"start":{"line":142,"column":41},"end":{"line":142,"column":43}}],"line":142}},"s":{"0":10,"1":10,"2":10,"3":0,"4":0,"5":0,"6":0,"7":0,"8":0,"9":0,"10":0,"11":0,"12":0,"13":0,"14":0,"15":0,"16":0,"17":0,"18":0,"19":0,"20":0,"21":0,"22":0,"23":0,"24":0,"25":0,"26":0,"27":0,"28":0,"29":0,"30":0,"31":0,"32":0,"33":0,"34":0,"35":0,"36":0,"37":0,"38":0,"39":0,"40":0,"41":0,"42":0},"f":{"0":0,"1":0,"2":0,"3":0,"4":0,"5":0,"6":0},"b":{"0":[0,0],"1":[0,0],"2":[0,0,0],"3":[0,0],"4":[0,0]},"_coverageSchema":"1a1c01bbd47fc00a2c39e90264f33305004495a9","hash":"e95098c4750b17c87d4b3d3f1088eeebeedb17de"}
,"/home/ayanworks/app/src/components/listItems/SettingListItem.tsx": {"path":"/home/ayanworks/app/src/components/listItems/SettingListItem.tsx","statementMap":{"0":{"start":{"line":12,"column":15},"end":{"line":26,"column":2}},"1":{"start":{"line":28,"column":41},"end":{"line":39,"column":1}},"2":{"start":{"line":29,"column":2},"end":{"line":38,"column":3}}},"fnMap":{"0":{"name":"(anonymous_0)","decl":{"start":{"line":28,"column":41},"end":{"line":28,"column":42}},"loc":{"start":{"line":28,"column":65},"end":{"line":39,"column":1}},"line":28}},"branchMap":{},"s":{"0":10,"1":10,"2":1},"f":{"0":1},"b":{},"_coverageSchema":"1a1c01bbd47fc00a2c39e90264f33305004495a9","hash":"2dd4894354f9ea74575987f6b800501830b9323b"}
,"/home/ayanworks/app/src/components/loader/Loader.tsx": {"path":"/home/ayanworks/app/src/components/loader/Loader.tsx","statementMap":{"0":{"start":{"line":9,"column":15},"end":{"line":16,"column":2}},"1":{"start":{"line":18,"column":38},"end":{"line":26,"column":1}},"2":{"start":{"line":19,"column":2},"end":{"line":25,"column":3}}},"fnMap":{"0":{"name":"(anonymous_0)","decl":{"start":{"line":18,"column":38},"end":{"line":18,"column":39}},"loc":{"start":{"line":18,"column":55},"end":{"line":26,"column":1}},"line":18}},"branchMap":{},"s":{"0":10,"1":10,"2":2},"f":{"0":2},"b":{},"_coverageSchema":"1a1c01bbd47fc00a2c39e90264f33305004495a9","hash":"ef427fd042fff36654c0fbf24170324d29400cb7"}
,"/home/ayanworks/app/src/components/misc/AvatarView.tsx": {"path":"/home/ayanworks/app/src/components/misc/AvatarView.tsx","statementMap":{"0":{"start":{"line":11,"column":15},"end":{"line":22,"column":2}},"1":{"start":{"line":24,"column":46},"end":{"line":32,"column":1}},"2":{"start":{"line":25,"column":2},"end":{"line":31,"column":3}}},"fnMap":{"0":{"name":"(anonymous_0)","decl":{"start":{"line":24,"column":46},"end":{"line":24,"column":47}},"loc":{"start":{"line":24,"column":60},"end":{"line":32,"column":1}},"line":24}},"branchMap":{},"s":{"0":5,"1":5,"2":19},"f":{"0":19},"b":{},"_coverageSchema":"1a1c01bbd47fc00a2c39e90264f33305004495a9","hash":"750c890718960ff89eade29bbb1e5f43c0a192c2"}
,"/home/ayanworks/app/src/components/misc/CredentialCard.tsx": {"path":"/home/ayanworks/app/src/components/misc/CredentialCard.tsx","statementMap":{"0":{"start":{"line":18,"column":15},"end":{"line":31,"column":2}},"1":{"start":{"line":33,"column":54},"end":{"line":56,"column":1}},"2":{"start":{"line":37,"column":16},"end":{"line":37,"column":32}},"3":{"start":{"line":39,"column":2},"end":{"line":55,"column":3}}},"fnMap":{"0":{"name":"(anonymous_0)","decl":{"start":{"line":33,"column":54},"end":{"line":33,"column":55}},"loc":{"start":{"line":36,"column":6},"end":{"line":56,"column":1}},"line":36}},"branchMap":{"0":{"loc":{"start":{"line":35,"column":2},"end":{"line":35,"column":12}},"type":"default-arg","locations":[{"start":{"line":35,"column":10},"end":{"line":35,"column":12}}],"line":35}},"s":{"0":4,"1":4,"2":17,"3":17},"f":{"0":17},"b":{"0":[2]},"_coverageSchema":"1a1c01bbd47fc00a2c39e90264f33305004495a9","hash":"4f28f2e2b732990c0d0489593c4d705381d4373e"}
,"/home/ayanworks/app/src/components/misc/QRScannerClose.tsx": {"path":"/home/ayanworks/app/src/components/misc/QRScannerClose.tsx","statementMap":{"0":{"start":{"line":10,"column":15},"end":{"line":19,"column":2}},"1":{"start":{"line":21,"column":37},"end":{"line":33,"column":1}},"2":{"start":{"line":22,"column":2},"end":{"line":32,"column":3}},"3":{"start":{"line":35,"column":40},"end":{"line":37,"column":1}},"4":{"start":{"line":36,"column":2},"end":{"line":36,"column":42}}},"fnMap":{"0":{"name":"(anonymous_0)","decl":{"start":{"line":21,"column":37},"end":{"line":21,"column":38}},"loc":{"start":{"line":21,"column":54},"end":{"line":33,"column":1}},"line":21},"1":{"name":"(anonymous_1)","decl":{"start":{"line":35,"column":40},"end":{"line":35,"column":41}},"loc":{"start":{"line":35,"column":57},"end":{"line":37,"column":1}},"line":35}},"branchMap":{},"s":{"0":2,"1":2,"2":1,"3":2,"4":1},"f":{"0":1,"1":1},"b":{},"_coverageSchema":"1a1c01bbd47fc00a2c39e90264f33305004495a9","hash":"9872b38bd972ec12ea7bc386277fcbf2d7be4b96"}
,"/home/ayanworks/app/src/components/misc/QRScannerTorch.tsx": {"path":"/home/ayanworks/app/src/components/misc/QRScannerTorch.tsx","statementMap":{"0":{"start":{"line":10,"column":15},"end":{"line":25,"column":2}},"1":{"start":{"line":27,"column":37},"end":{"line":38,"column":1}},"2":{"start":{"line":28,"column":2},"end":{"line":37,"column":3}},"3":{"start":{"line":40,"column":35},"end":{"line":51,"column":1}},"4":{"start":{"line":41,"column":2},"end":{"line":50,"column":3}},"5":{"start":{"line":53,"column":40},"end":{"line":59,"column":1}},"6":{"start":{"line":54,"column":2},"end":{"line":58,"column":3}}},"fnMap":{"0":{"name":"(anonymous_0)","decl":{"start":{"line":27,"column":37},"end":{"line":27,"column":38}},"loc":{"start":{"line":27,"column":63},"end":{"line":38,"column":1}},"line":27},"1":{"name":"(anonymous_1)","decl":{"start":{"line":40,"column":35},"end":{"line":40,"column":36}},"loc":{"start":{"line":40,"column":51},"end":{"line":51,"column":1}},"line":40},"2":{"name":"(anonymous_2)","decl":{"start":{"line":53,"column":40},"end":{"line":53,"column":41}},"loc":{"start":{"line":53,"column":56},"end":{"line":59,"column":1}},"line":53}},"branchMap":{"0":{"loc":{"start":{"line":32,"column":27},"end":{"line":32,"column":76}},"type":"cond-expr","locations":[{"start":{"line":32,"column":36},"end":{"line":32,"column":64}},{"start":{"line":32,"column":67},"end":{"line":32,"column":76}}],"line":32},"1":{"loc":{"start":{"line":43,"column":12},"end":{"line":43,"column":45}},"type":"cond-expr","locations":[{"start":{"line":43,"column":21},"end":{"line":43,"column":31}},{"start":{"line":43,"column":34},"end":{"line":43,"column":45}}],"line":43},"2":{"loc":{"start":{"line":45,"column":8},"end":{"line":45,"column":76}},"type":"cond-expr","locations":[{"start":{"line":45,"column":17},"end":{"line":45,"column":45}},{"start":{"line":45,"column":48},"end":{"line":45,"column":76}}],"line":45}},"s":{"0":1,"1":1,"2":0,"3":1,"4":0,"5":1,"6":0},"f":{"0":0,"1":0,"2":0},"b":{"0":[0,0],"1":[0,0],"2":[0,0]},"_coverageSchema":"1a1c01bbd47fc00a2c39e90264f33305004495a9","hash":"5d7cbbda345518d15c8df2d9d7453a908b2d2511"}
,"/home/ayanworks/app/src/components/modals/FlowDetailModal.tsx": {"path":"/home/ayanworks/app/src/components/modals/FlowDetailModal.tsx","statementMap":{"0":{"start":{"line":13,"column":15},"end":{"line":37,"column":2}},"1":{"start":{"line":50,"column":60},"end":{"line":120,"column":1}},"2":{"start":{"line":61,"column":16},"end":{"line":61,"column":32}},"3":{"start":{"line":62,"column":21},"end":{"line":62,"column":74}},"4":{"start":{"line":63,"column":42},"end":{"line":63,"column":65}},"5":{"start":{"line":65,"column":2},"end":{"line":69,"column":15}},"6":{"start":{"line":66,"column":4},"end":{"line":68,"column":5}},"7":{"start":{"line":67,"column":6},"end":{"line":67,"column":30}},"8":{"start":{"line":71,"column":16},"end":{"line":73,"column":3}},"9":{"start":{"line":72,"column":4},"end":{"line":72,"column":26}},"10":{"start":{"line":75,"column":20},"end":{"line":78,"column":3}},"11":{"start":{"line":76,"column":4},"end":{"line":76,"column":11}},"12":{"start":{"line":77,"column":4},"end":{"line":77,"column":37}},"13":{"start":{"line":80,"column":2},"end":{"line":119,"column":3}}},"fnMap":{"0":{"name":"(anonymous_0)","decl":{"start":{"line":50,"column":60},"end":{"line":50,"column":61}},"loc":{"start":{"line":60,"column":6},"end":{"line":120,"column":1}},"line":60},"1":{"name":"(anonymous_1)","decl":{"start":{"line":65,"column":12},"end":{"line":65,"column":13}},"loc":{"start":{"line":65,"column":18},"end":{"line":69,"column":3}},"line":65},"2":{"name":"(anonymous_2)","decl":{"start":{"line":71,"column":16},"end":{"line":71,"column":17}},"loc":{"start":{"line":71,"column":22},"end":{"line":73,"column":3}},"line":71},"3":{"name":"(anonymous_3)","decl":{"start":{"line":75,"column":20},"end":{"line":75,"column":21}},"loc":{"start":{"line":75,"column":26},"end":{"line":78,"column":3}},"line":75}},"branchMap":{"0":{"loc":{"start":{"line":56,"column":2},"end":{"line":56,"column":20}},"type":"default-arg","locations":[{"start":{"line":56,"column":15},"end":{"line":56,"column":20}}],"line":56},"1":{"loc":{"start":{"line":57,"column":2},"end":{"line":57,"column":20}},"type":"default-arg","locations":[{"start":{"line":57,"column":15},"end":{"line":57,"column":20}}],"line":57},"2":{"loc":{"start":{"line":66,"column":4},"end":{"line":68,"column":5}},"type":"if","locations":[{"start":{"line":66,"column":4},"end":{"line":68,"column":5}},{"start":{},"end":{}}],"line":66},"3":{"loc":{"start":{"line":83,"column":9},"end":{"line":96,"column":9}},"type":"cond-expr","locations":[{"start":{"line":83,"column":22},"end":{"line":83,"column":26}},{"start":{"line":84,"column":10},"end":{"line":95,"column":17}}],"line":83},"4":{"loc":{"start":{"line":87,"column":23},"end":{"line":87,"column":42}},"type":"binary-expr","locations":[{"start":{"line":87,"column":23},"end":{"line":87,"column":29}},{"start":{"line":87,"column":33},"end":{"line":87,"column":42}}],"line":87},"5":{"loc":{"start":{"line":108,"column":9},"end":{"line":116,"column":9}},"type":"cond-expr","locations":[{"start":{"line":108,"column":22},"end":{"line":108,"column":26}},{"start":{"line":109,"column":10},"end":{"line":115,"column":17}}],"line":108},"6":{"loc":{"start":{"line":112,"column":21},"end":{"line":112,"column":50}},"type":"binary-expr","locations":[{"start":{"line":112,"column":21},"end":{"line":112,"column":30}},{"start":{"line":112,"column":34},"end":{"line":112,"column":50}}],"line":112},"7":{"loc":{"start":{"line":113,"column":23},"end":{"line":113,"column":38}},"type":"binary-expr","locations":[{"start":{"line":113,"column":23},"end":{"line":113,"column":29}},{"start":{"line":113,"column":33},"end":{"line":113,"column":38}}],"line":113}},"s":{"0":1,"1":1,"2":0,"3":0,"4":0,"5":0,"6":0,"7":0,"8":0,"9":0,"10":0,"11":0,"12":0,"13":0},"f":{"0":0,"1":0,"2":0,"3":0},"b":{"0":[0],"1":[0],"2":[0,0],"3":[0,0],"4":[0,0],"5":[0,0],"6":[0,0],"7":[0,0]},"_coverageSchema":"1a1c01bbd47fc00a2c39e90264f33305004495a9","hash":"11c40dc3bd1588df857cf46b81acff86ab99411b"}
,"/home/ayanworks/app/src/components/record/Record.tsx": {"path":"/home/ayanworks/app/src/components/record/Record.tsx","statementMap":{"0":{"start":{"line":25,"column":15},"end":{"line":39,"column":2}},"1":{"start":{"line":41,"column":38},"end":{"line":106,"column":1}},"2":{"start":{"line":48,"column":16},"end":{"line":48,"column":32}},"3":{"start":{"line":49,"column":28},"end":{"line":49,"column":51}},"4":{"start":{"line":51,"column":21},"end":{"line":53,"column":18}},"5":{"start":{"line":52,"column":4},"end":{"line":52,"column":41}},"6":{"start":{"line":52,"column":34},"end":{"line":52,"column":39}},"7":{"start":{"line":55,"column":2},"end":{"line":57,"column":18}},"8":{"start":{"line":56,"column":4},"end":{"line":56,"column":16}},"9":{"start":{"line":59,"column":2},"end":{"line":105,"column":3}},"10":{"start":{"line":71,"column":31},"end":{"line":71,"column":43}},"11":{"start":{"line":87,"column":34},"end":{"line":87,"column":38}},"12":{"start":{"line":89,"column":8},"end":{"line":102,"column":9}},"13":{"start":{"line":96,"column":35},"end":{"line":96,"column":45}},"14":{"start":{"line":97,"column":14},"end":{"line":97,"column":49}},"15":{"start":{"line":98,"column":14},"end":{"line":98,"column":36}}},"fnMap":{"0":{"name":"(anonymous_0)","decl":{"start":{"line":41,"column":38},"end":{"line":41,"column":39}},"loc":{"start":{"line":47,"column":6},"end":{"line":106,"column":1}},"line":47},"1":{"name":"(anonymous_1)","decl":{"start":{"line":51,"column":33},"end":{"line":51,"column":34}},"loc":{"start":{"line":51,"column":39},"end":{"line":53,"column":3}},"line":51},"2":{"name":"(anonymous_2)","decl":{"start":{"line":52,"column":28},"end":{"line":52,"column":29}},"loc":{"start":{"line":52,"column":34},"end":{"line":52,"column":39}},"line":52},"3":{"name":"(anonymous_3)","decl":{"start":{"line":55,"column":12},"end":{"line":55,"column":13}},"loc":{"start":{"line":55,"column":18},"end":{"line":57,"column":3}},"line":55},"4":{"name":"(anonymous_4)","decl":{"start":{"line":71,"column":25},"end":{"line":71,"column":26}},"loc":{"start":{"line":71,"column":31},"end":{"line":71,"column":43}},"line":71},"5":{"name":"(anonymous_5)","decl":{"start":{"line":87,"column":20},"end":{"line":87,"column":21}},"loc":{"start":{"line":87,"column":34},"end":{"line":87,"column":38}},"line":87},"6":{"name":"(anonymous_6)","decl":{"start":{"line":88,"column":18},"end":{"line":88,"column":19}},"loc":{"start":{"line":89,"column":8},"end":{"line":102,"column":9}},"line":89},"7":{"name":"(anonymous_7)","decl":{"start":{"line":95,"column":33},"end":{"line":95,"column":34}},"loc":{"start":{"line":95,"column":39},"end":{"line":99,"column":13}},"line":95}},"branchMap":{"0":{"loc":{"start":{"line":44,"column":2},"end":{"line":44,"column":17}},"type":"default-arg","locations":[{"start":{"line":44,"column":15},"end":{"line":44,"column":17}}],"line":44},"1":{"loc":{"start":{"line":45,"column":2},"end":{"line":45,"column":29}},"type":"default-arg","locations":[{"start":{"line":45,"column":24},"end":{"line":45,"column":29}}],"line":45},"2":{"loc":{"start":{"line":46,"column":2},"end":{"line":46,"column":18}},"type":"default-arg","locations":[{"start":{"line":46,"column":14},"end":{"line":46,"column":18}}],"line":46},"3":{"loc":{"start":{"line":65,"column":11},"end":{"line":82,"column":18}},"type":"cond-expr","locations":[{"start":{"line":66,"column":12},"end":{"line":81,"column":19}},{"start":{"line":82,"column":14},"end":{"line":82,"column":18}}],"line":65},"4":{"loc":{"start":{"line":89,"column":8},"end":{"line":102,"column":9}},"type":"cond-expr","locations":[{"start":{"line":90,"column":10},"end":{"line":90,"column":25}},{"start":{"line":92,"column":10},"end":{"line":101,"column":12}}],"line":89},"5":{"loc":{"start":{"line":100,"column":19},"end":{"line":100,"column":62}},"type":"cond-expr","locations":[{"start":{"line":100,"column":41},"end":{"line":100,"column":55}},{"start":{"line":100,"column":58},"end":{"line":100,"column":62}}],"line":100}},"s":{"0":2,"1":2,"2":15,"3":15,"4":15,"5":6,"6":18,"7":15,"8":5,"9":15,"10":1,"11":45,"12":45,"13":4,"14":4,"15":4},"f":{"0":15,"1":6,"2":18,"3":5,"4":1,"5":45,"6":45,"7":4},"b":{"0":[0],"1":[0],"2":[15],"3":[15,0],"4":[0,45],"5":[45,0]},"_coverageSchema":"1a1c01bbd47fc00a2c39e90264f33305004495a9","hash":"78f0ae8ae49aa144ba070e44d89a2ea9397b53f9"}
,"/home/ayanworks/app/src/components/record/RecordAttribute.tsx": {"path":"/home/ayanworks/app/src/components/record/RecordAttribute.tsx","statementMap":{"0":{"start":{"line":17,"column":15},"end":{"line":45,"column":2}},"1":{"start":{"line":47,"column":56},"end":{"line":103,"column":1}},"2":{"start":{"line":51,"column":30},"end":{"line":51,"column":39}},"3":{"start":{"line":55,"column":16},"end":{"line":55,"column":32}},"4":{"start":{"line":56,"column":20},"end":{"line":60,"column":16}},"5":{"start":{"line":57,"column":4},"end":{"line":60,"column":16}},"6":{"start":{"line":59,"column":16},"end":{"line":59,"column":65}},"7":{"start":{"line":62,"column":2},"end":{"line":102,"column":3}}},"fnMap":{"0":{"name":"(anonymous_0)","decl":{"start":{"line":47,"column":56},"end":{"line":47,"column":57}},"loc":{"start":{"line":54,"column":6},"end":{"line":103,"column":1}},"line":54},"1":{"name":"(anonymous_1)","decl":{"start":{"line":51,"column":24},"end":{"line":51,"column":25}},"loc":{"start":{"line":51,"column":30},"end":{"line":51,"column":39}},"line":51},"2":{"name":"(anonymous_2)","decl":{"start":{"line":56,"column":20},"end":{"line":56,"column":21}},"loc":{"start":{"line":57,"column":4},"end":{"line":60,"column":16}},"line":57},"3":{"name":"(anonymous_3)","decl":{"start":{"line":59,"column":11},"end":{"line":59,"column":12}},"loc":{"start":{"line":59,"column":16},"end":{"line":59,"column":65}},"line":59}},"branchMap":{"0":{"loc":{"start":{"line":49,"column":2},"end":{"line":49,"column":28}},"type":"default-arg","locations":[{"start":{"line":49,"column":23},"end":{"line":49,"column":28}}],"line":49},"1":{"loc":{"start":{"line":50,"column":2},"end":{"line":50,"column":29}},"type":"default-arg","locations":[{"start":{"line":50,"column":10},"end":{"line":50,"column":29}}],"line":50},"2":{"loc":{"start":{"line":51,"column":2},"end":{"line":51,"column":39}},"type":"default-arg","locations":[{"start":{"line":51,"column":24},"end":{"line":51,"column":39}}],"line":51},"3":{"loc":{"start":{"line":52,"column":2},"end":{"line":52,"column":23}},"type":"default-arg","locations":[{"start":{"line":52,"column":19},"end":{"line":52,"column":23}}],"line":52},"4":{"loc":{"start":{"line":53,"column":2},"end":{"line":53,"column":23}},"type":"default-arg","locations":[{"start":{"line":53,"column":19},"end":{"line":53,"column":23}}],"line":53},"5":{"loc":{"start":{"line":64,"column":7},"end":{"line":70,"column":7}},"type":"cond-expr","locations":[{"start":{"line":65,"column":8},"end":{"line":65,"column":33}},{"start":{"line":67,"column":8},"end":{"line":69,"column":15}}],"line":64},"6":{"loc":{"start":{"line":72,"column":9},"end":{"line":98,"column":9}},"type":"cond-expr","locations":[{"start":{"line":73,"column":10},"end":{"line":73,"column":35}},{"start":{"line":75,"column":10},"end":{"line":97,"column":13}}],"line":72},"7":{"loc":{"start":{"line":78,"column":17},"end":{"line":78,"column":76}},"type":"cond-expr","locations":[{"start":{"line":78,"column":25},"end":{"line":78,"column":40}},{"start":{"line":78,"column":43},"end":{"line":78,"column":76}}],"line":78},"8":{"loc":{"start":{"line":81,"column":13},"end":{"line":96,"column":20}},"type":"cond-expr","locations":[{"start":{"line":82,"column":14},"end":{"line":95,"column":33}},{"start":{"line":96,"column":16},"end":{"line":96,"column":20}}],"line":81},"9":{"loc":{"start":{"line":88,"column":36},"end":{"line":88,"column":79}},"type":"cond-expr","locations":[{"start":{"line":88,"column":44},"end":{"line":88,"column":60}},{"start":{"line":88,"column":63},"end":{"line":88,"column":79}}],"line":88},"10":{"loc":{"start":{"line":93,"column":19},"end":{"line":93,"column":62}},"type":"cond-expr","locations":[{"start":{"line":93,"column":27},"end":{"line":93,"column":43}},{"start":{"line":93,"column":46},"end":{"line":93,"column":62}}],"line":93}},"s":{"0":3,"1":3,"2":0,"3":46,"4":46,"5":46,"6":46,"7":46},"f":{"0":46,"1":0,"2":46,"3":46},"b":{"0":[1],"1":[1],"2":[1],"3":[46],"4":[46],"5":[0,46],"6":[0,46],"7":[8,38],"8":[45,1],"9":[7,38],"10":[7,38]},"_coverageSchema":"1a1c01bbd47fc00a2c39e90264f33305004495a9","hash":"cdac6f179c4a7868fafcab506aceb7a82d197781"}
,"/home/ayanworks/app/src/components/record/RecordFooter.tsx": {"path":"/home/ayanworks/app/src/components/record/RecordFooter.tsx","statementMap":{"0":{"start":{"line":5,"column":15},"end":{"line":12,"column":2}},"1":{"start":{"line":14,"column":31},"end":{"line":20,"column":1}},"2":{"start":{"line":15,"column":2},"end":{"line":19,"column":3}}},"fnMap":{"0":{"name":"(anonymous_0)","decl":{"start":{"line":14,"column":31},"end":{"line":14,"column":32}},"loc":{"start":{"line":14,"column":49},"end":{"line":20,"column":1}},"line":14}},"branchMap":{},"s":{"0":3,"1":3,"2":16},"f":{"0":16},"b":{},"_coverageSchema":"1a1c01bbd47fc00a2c39e90264f33305004495a9","hash":"b5104fdcbabd3b6d71daa62d08ef53e47a94a2c4"}
,"/home/ayanworks/app/src/components/record/RecordHeader.tsx": {"path":"/home/ayanworks/app/src/components/record/RecordHeader.tsx","statementMap":{"0":{"start":{"line":5,"column":15},"end":{"line":9,"column":2}},"1":{"start":{"line":11,"column":31},"end":{"line":17,"column":1}},"2":{"start":{"line":12,"column":2},"end":{"line":16,"column":3}}},"fnMap":{"0":{"name":"(anonymous_0)","decl":{"start":{"line":11,"column":31},"end":{"line":11,"column":32}},"loc":{"start":{"line":11,"column":49},"end":{"line":17,"column":1}},"line":11}},"branchMap":{},"s":{"0":3,"1":3,"2":16},"f":{"0":16},"b":{},"_coverageSchema":"1a1c01bbd47fc00a2c39e90264f33305004495a9","hash":"ed494274f0bd70091828bf7f27f062c2e02abee0"}
,"/home/ayanworks/app/src/components/text/HighlightTextBox.tsx": {"path":"/home/ayanworks/app/src/components/text/HighlightTextBox.tsx","statementMap":{"0":{"start":{"line":9,"column":15},"end":{"line":9,"column":17}},"1":{"start":{"line":11,"column":14},"end":{"line":28,"column":2}},"2":{"start":{"line":30,"column":49},"end":{"line":44,"column":1}},"3":{"start":{"line":31,"column":2},"end":{"line":43,"column":3}}},"fnMap":{"0":{"name":"(anonymous_0)","decl":{"start":{"line":30,"column":49},"end":{"line":30,"column":50}},"loc":{"start":{"line":30,"column":67},"end":{"line":44,"column":1}},"line":30}},"branchMap":{},"s":{"0":10,"1":10,"2":10,"3":1},"f":{"0":1},"b":{},"_coverageSchema":"1a1c01bbd47fc00a2c39e90264f33305004495a9","hash":"e07be966b5688cb2c91f4b01d1f5e207010dd64b"}
,"/home/ayanworks/app/src/components/text/InfoTextBox.tsx": {"path":"/home/ayanworks/app/src/components/text/InfoTextBox.tsx","statementMap":{"0":{"start":{"line":11,"column":17},"end":{"line":11,"column":19}},"1":{"start":{"line":12,"column":15},"end":{"line":12,"column":17}},"2":{"start":{"line":14,"column":15},"end":{"line":34,"column":2}},"3":{"start":{"line":36,"column":44},"end":{"line":49,"column":1}},"4":{"start":{"line":37,"column":2},"end":{"line":48,"column":3}}},"fnMap":{"0":{"name":"(anonymous_0)","decl":{"start":{"line":36,"column":44},"end":{"line":36,"column":45}},"loc":{"start":{"line":36,"column":62},"end":{"line":49,"column":1}},"line":36}},"branchMap":{},"s":{"0":3,"1":3,"2":3,"3":3,"4":2},"f":{"0":2},"b":{},"_coverageSchema":"1a1c01bbd47fc00a2c39e90264f33305004495a9","hash":"ff5cc1e0a046d9615d57572b26b63842e18ab2f2"}
,"/home/ayanworks/app/src/components/text/Label.tsx": {"path":"/home/ayanworks/app/src/components/text/Label.tsx","statementMap":{"0":{"start":{"line":12,"column":15},"end":{"line":35,"column":2}},"1":{"start":{"line":37,"column":31},"end":{"line":47,"column":1}},"2":{"start":{"line":38,"column":2},"end":{"line":46,"column":3}}},"fnMap":{"0":{"name":"(anonymous_0)","decl":{"start":{"line":37,"column":31},"end":{"line":37,"column":32}},"loc":{"start":{"line":37,"column":73},"end":{"line":47,"column":1}},"line":37}},"branchMap":{"0":{"loc":{"start":{"line":37,"column":41},"end":{"line":37,"column":54}},"type":"default-arg","locations":[{"start":{"line":37,"column":52},"end":{"line":37,"column":54}}],"line":37},"1":{"loc":{"start":{"line":37,"column":56},"end":{"line":37,"column":66}},"type":"default-arg","locations":[{"start":{"line":37,"column":64},"end":{"line":37,"column":66}}],"line":37}},"s":{"0":9,"1":9,"2":5},"f":{"0":5},"b":{"0":[0],"1":[5]},"_coverageSchema":"1a1c01bbd47fc00a2c39e90264f33305004495a9","hash":"1cc830c3041221b75f0cb8d5d0ffd1c0618ab32c"}
,"/home/ayanworks/app/src/components/text/Text.tsx": {"path":"/home/ayanworks/app/src/components/text/Text.tsx","statementMap":{"0":{"start":{"line":5,"column":15},"end":{"line":9,"column":2}},"1":{"start":{"line":16,"column":30},"end":{"line":18,"column":1}},"2":{"start":{"line":17,"column":2},"end":{"line":17,"column":55}}},"fnMap":{"0":{"name":"(anonymous_0)","decl":{"start":{"line":16,"column":30},"end":{"line":16,"column":31}},"loc":{"start":{"line":16,"column":55},"end":{"line":18,"column":1}},"line":16}},"branchMap":{},"s":{"0":13,"1":13,"2":25},"f":{"0":25},"b":{},"_coverageSchema":"1a1c01bbd47fc00a2c39e90264f33305004495a9","hash":"f0e7b49f10acb4e7e9b62e4f1068831ed36819a4"}
,"/home/ayanworks/app/src/components/text/Title.tsx": {"path":"/home/ayanworks/app/src/components/text/Title.tsx","statementMap":{"0":{"start":{"line":10,"column":15},"end":{"line":16,"column":2}},"1":{"start":{"line":18,"column":31},"end":{"line":20,"column":1}},"2":{"start":{"line":19,"column":2},"end":{"line":19,"column":62}}},"fnMap":{"0":{"name":"(anonymous_0)","decl":{"start":{"line":18,"column":31},"end":{"line":18,"column":32}},"loc":{"start":{"line":18,"column":56},"end":{"line":20,"column":1}},"line":18}},"branchMap":{},"s":{"0":10,"1":10,"2":37},"f":{"0":37},"b":{},"_coverageSchema":"1a1c01bbd47fc00a2c39e90264f33305004495a9","hash":"ddec2e7673f930a50b380ac4bb95e8388e5ff77c"}
,"/home/ayanworks/app/src/components/toast/BaseToast.tsx": {"path":"/home/ayanworks/app/src/components/toast/BaseToast.tsx","statementMap":{"0":{"start":{"line":25,"column":15},"end":{"line":48,"column":2}},"1":{"start":{"line":50,"column":44},"end":{"line":119,"column":1}},"2":{"start":{"line":51,"column":20},"end":{"line":51,"column":41}},"3":{"start":{"line":52,"column":19},"end":{"line":52,"column":21}},"4":{"start":{"line":53,"column":17},"end":{"line":53,"column":19}},"5":{"start":{"line":54,"column":24},"end":{"line":54,"column":26}},"6":{"start":{"line":55,"column":20},"end":{"line":55,"column":22}},"7":{"start":{"line":56,"column":18},"end":{"line":56,"column":20}},"8":{"start":{"line":57,"column":18},"end":{"line":57,"column":20}},"9":{"start":{"line":59,"column":2},"end":{"line":94,"column":3}},"10":{"start":{"line":61,"column":6},"end":{"line":61,"column":31}},"11":{"start":{"line":62,"column":6},"end":{"line":62,"column":56}},"12":{"start":{"line":63,"column":6},"end":{"line":63,"column":58}},"13":{"start":{"line":64,"column":6},"end":{"line":64,"column":54}},"14":{"start":{"line":65,"column":6},"end":{"line":65,"column":54}},"15":{"start":{"line":66,"column":6},"end":{"line":66,"column":11}},"16":{"start":{"line":69,"column":6},"end":{"line":69,"column":23}},"17":{"start":{"line":70,"column":6},"end":{"line":70,"column":53}},"18":{"start":{"line":71,"column":6},"end":{"line":71,"column":55}},"19":{"start":{"line":72,"column":6},"end":{"line":72,"column":51}},"20":{"start":{"line":73,"column":6},"end":{"line":73,"column":51}},"21":{"start":{"line":74,"column":6},"end":{"line":74,"column":11}},"22":{"start":{"line":77,"column":6},"end":{"line":77,"column":33}},"23":{"start":{"line":78,"column":6},"end":{"line":78,"column":53}},"24":{"start":{"line":79,"column":6},"end":{"line":79,"column":55}},"25":{"start":{"line":80,"column":6},"end":{"line":80,"column":51}},"26":{"start":{"line":81,"column":6},"end":{"line":81,"column":51}},"27":{"start":{"line":82,"column":6},"end":{"line":82,"column":11}},"28":{"start":{"line":85,"column":6},"end":{"line":85,"column":24}},"29":{"start":{"line":86,"column":6},"end":{"line":86,"column":54}},"30":{"start":{"line":87,"column":6},"end":{"line":87,"column":56}},"31":{"start":{"line":88,"column":6},"end":{"line":88,"column":52}},"32":{"start":{"line":89,"column":6},"end":{"line":89,"column":52}},"33":{"start":{"line":90,"column":6},"end":{"line":90,"column":11}},"34":{"start":{"line":93,"column":6},"end":{"line":93,"column":57}},"35":{"start":{"line":96,"column":2},"end":{"line":118,"column":3}}},"fnMap":{"0":{"name":"(anonymous_0)","decl":{"start":{"line":50,"column":44},"end":{"line":50,"column":45}},"loc":{"start":{"line":50,"column":76},"end":{"line":119,"column":1}},"line":50}},"branchMap":{"0":{"loc":{"start":{"line":59,"column":2},"end":{"line":94,"column":3}},"type":"switch","locations":[{"start":{"line":60,"column":4},"end":{"line":66,"column":11}},{"start":{"line":68,"column":4},"end":{"line":74,"column":11}},{"start":{"line":76,"column":4},"end":{"line":82,"column":11}},{"start":{"line":84,"column":4},"end":{"line":90,"column":11}},{"start":{"line":92,"column":4},"end":{"line":93,"column":57}}],"line":59}},"s":{"0":7,"1":7,"2":4,"3":4,"4":4,"5":4,"6":4,"7":4,"8":4,"9":4,"10":1,"11":1,"12":1,"13":1,"14":1,"15":1,"16":1,"17":1,"18":1,"19":1,"20":1,"21":1,"22":1,"23":1,"24":1,"25":1,"26":1,"27":1,"28":1,"29":1,"30":1,"31":1,"32":1,"33":1,"34":0,"35":4},"f":{"0":4},"b":{"0":[1,1,1,1,0]},"_coverageSchema":"1a1c01bbd47fc00a2c39e90264f33305004495a9","hash":"b9f522fba92052820607962e41a12d8bf15eb12a"}
,"/home/ayanworks/app/src/components/views/ProofRequestAttribute.tsx": {"path":"/home/ayanworks/app/src/components/views/ProofRequestAttribute.tsx","statementMap":{"0":{"start":{"line":10,"column":15},"end":{"line":33,"column":2}},"1":{"start":{"line":40,"column":47},"end":{"line":74,"column":1}},"2":{"start":{"line":44,"column":2},"end":{"line":73,"column":3}},"3":{"start":{"line":47,"column":8},"end":{"line":70,"column":15}},"4":{"start":{"line":49,"column":12},"end":{"line":54,"column":19}},"5":{"start":{"line":66,"column":39},"end":{"line":66,"column":68}}},"fnMap":{"0":{"name":"(anonymous_0)","decl":{"start":{"line":40,"column":47},"end":{"line":40,"column":48}},"loc":{"start":{"line":43,"column":13},"end":{"line":74,"column":1}},"line":43},"1":{"name":"(anonymous_1)","decl":{"start":{"line":46,"column":25},"end":{"line":46,"column":26}},"loc":{"start":{"line":47,"column":8},"end":{"line":70,"column":15}},"line":47},"2":{"name":"(anonymous_2)","decl":{"start":{"line":48,"column":27},"end":{"line":48,"column":28}},"loc":{"start":{"line":49,"column":12},"end":{"line":54,"column":19}},"line":49},"3":{"name":"(anonymous_3)","decl":{"start":{"line":66,"column":30},"end":{"line":66,"column":31}},"loc":{"start":{"line":66,"column":39},"end":{"line":66,"column":68}},"line":66}},"branchMap":{"0":{"loc":{"start":{"line":56,"column":11},"end":{"line":69,"column":11}},"type":"cond-expr","locations":[{"start":{"line":57,"column":12},"end":{"line":61,"column":19}},{"start":{"line":63,"column":12},"end":{"line":68,"column":19}}],"line":56}},"s":{"0":1,"1":1,"2":2,"3":0,"4":0,"5":0},"f":{"0":2,"1":0,"2":0,"3":0},"b":{"0":[0,0]},"_coverageSchema":"1a1c01bbd47fc00a2c39e90264f33305004495a9","hash":"5f9e71bfa04ac17a60a0f3407608dddee3c1ff80"}
,"/home/ayanworks/app/src/components/views/SafeAreaScrollView.tsx": {"path":"/home/ayanworks/app/src/components/views/SafeAreaScrollView.tsx","statementMap":{"0":{"start":{"line":11,"column":15},"end":{"line":19,"column":2}},"1":{"start":{"line":21,"column":44},"end":{"line":29,"column":1}},"2":{"start":{"line":22,"column":2},"end":{"line":28,"column":3}}},"fnMap":{"0":{"name":"(anonymous_0)","decl":{"start":{"line":21,"column":44},"end":{"line":21,"column":45}},"loc":{"start":{"line":21,"column":62},"end":{"line":29,"column":1}},"line":21}},"branchMap":{},"s":{"0":9,"1":9,"2":1},"f":{"0":1},"b":{},"_coverageSchema":"1a1c01bbd47fc00a2c39e90264f33305004495a9","hash":"eb969b5f284f584e46c33ebdcd7c58b1d5158a0d"}
,"/home/ayanworks/app/src/hooks/notifcations.ts": {"path":"/home/ayanworks/app/src/hooks/notifcations.ts","statementMap":{"0":{"start":{"line":17,"column":25},"end":{"line":26,"column":1}},"1":{"start":{"line":18,"column":17},"end":{"line":18,"column":68}},"2":{"start":{"line":19,"column":17},"end":{"line":19,"column":60}},"3":{"start":{"line":21,"column":24},"end":{"line":23,"column":3}},"4":{"start":{"line":22,"column":14},"end":{"line":22,"column":79}},"5":{"start":{"line":25,"column":2},"end":{"line":25,"column":76}}},"fnMap":{"0":{"name":"(anonymous_0)","decl":{"start":{"line":17,"column":25},"end":{"line":17,"column":26}},"loc":{"start":{"line":17,"column":46},"end":{"line":26,"column":1}},"line":17},"1":{"name":"(anonymous_1)","decl":{"start":{"line":22,"column":4},"end":{"line":22,"column":5}},"loc":{"start":{"line":22,"column":14},"end":{"line":22,"column":79}},"line":22}},"branchMap":{"0":{"loc":{"start":{"line":25,"column":55},"end":{"line":25,"column":74}},"type":"binary-expr","locations":[{"start":{"line":25,"column":55},"end":{"line":25,"column":68}},{"start":{"line":25,"column":72},"end":{"line":25,"column":74}}],"line":25}},"s":{"0":1,"1":1,"2":1,"3":1,"4":0,"5":1},"f":{"0":1,"1":0},"b":{"0":[1,0]},"_coverageSchema":"1a1c01bbd47fc00a2c39e90264f33305004495a9","hash":"f5cd406bcdb9a038812d96bba14e407c11c37eff"}
,"/home/ayanworks/app/src/screens/Home.tsx": {"path":"/home/ayanworks/app/src/screens/Home.tsx","statementMap":{"0":{"start":{"line":21,"column":18},"end":{"line":21,"column":42}},"1":{"start":{"line":25,"column":15},"end":{"line":25,"column":17}},"2":{"start":{"line":26,"column":22},"end":{"line":26,"column":23}},"3":{"start":{"line":28,"column":15},"end":{"line":56,"column":2}},"4":{"start":{"line":58,"column":34},"end":{"line":184,"column":1}},"5":{"start":{"line":59,"column":16},"end":{"line":59,"column":32}},"6":{"start":{"line":60,"column":28},"end":{"line":60,"column":46}},"7":{"start":{"line":61,"column":22},"end":{"line":64,"column":3}},"8":{"start":{"line":66,"column":2},"end":{"line":66,"column":52}},"9":{"start":{"line":67,"column":29},"end":{"line":73,"column":3}},"10":{"start":{"line":68,"column":4},"end":{"line":72,"column":11}},"11":{"start":{"line":75,"column":25},"end":{"line":121,"column":3}},"12":{"start":{"line":76,"column":4},"end":{"line":78,"column":5}},"13":{"start":{"line":77,"column":6},"end":{"line":77,"column":61}},"14":{"start":{"line":82,"column":4},"end":{"line":100,"column":5}},"15":{"start":{"line":83,"column":6},"end":{"line":89,"column":7}},"16":{"start":{"line":90,"column":11},"end":{"line":100,"column":5}},"17":{"start":{"line":91,"column":6},"end":{"line":97,"column":7}},"18":{"start":{"line":99,"column":6},"end":{"line":99,"column":45}},"19":{"start":{"line":102,"column":4},"end":{"line":120,"column":5}},"20":{"start":{"line":123,"column":2},"end":{"line":183,"column":3}},"21":{"start":{"line":134,"column":27},"end":{"line":134,"column":69}},"22":{"start":{"line":150,"column":16},"end":{"line":150,"column":58}},"23":{"start":{"line":157,"column":30},"end":{"line":157,"column":37}},"24":{"start":{"line":159,"column":10},"end":{"line":178,"column":17}}},"fnMap":{"0":{"name":"(anonymous_0)","decl":{"start":{"line":58,"column":34},"end":{"line":58,"column":35}},"loc":{"start":{"line":58,"column":54},"end":{"line":184,"column":1}},"line":58},"1":{"name":"(anonymous_1)","decl":{"start":{"line":67,"column":29},"end":{"line":67,"column":30}},"loc":{"start":{"line":68,"column":4},"end":{"line":72,"column":11}},"line":68},"2":{"name":"(anonymous_2)","decl":{"start":{"line":75,"column":25},"end":{"line":75,"column":26}},"loc":{"start":{"line":75,"column":54},"end":{"line":121,"column":3}},"line":75},"3":{"name":"(anonymous_3)","decl":{"start":{"line":134,"column":21},"end":{"line":134,"column":22}},"loc":{"start":{"line":134,"column":27},"end":{"line":134,"column":69}},"line":134},"4":{"name":"(anonymous_4)","decl":{"start":{"line":149,"column":14},"end":{"line":149,"column":15}},"loc":{"start":{"line":150,"column":16},"end":{"line":150,"column":58}},"line":150},"5":{"name":"(anonymous_5)","decl":{"start":{"line":157,"column":22},"end":{"line":157,"column":23}},"loc":{"start":{"line":157,"column":30},"end":{"line":157,"column":37}},"line":157},"6":{"name":"(anonymous_6)","decl":{"start":{"line":158,"column":20},"end":{"line":158,"column":21}},"loc":{"start":{"line":159,"column":10},"end":{"line":178,"column":17}},"line":159}},"branchMap":{"0":{"loc":{"start":{"line":76,"column":4},"end":{"line":78,"column":5}},"type":"if","locations":[{"start":{"line":76,"column":4},"end":{"line":78,"column":5}},{"start":{},"end":{}}],"line":76},"1":{"loc":{"start":{"line":82,"column":4},"end":{"line":100,"column":5}},"type":"if","locations":[{"start":{"line":82,"column":4},"end":{"line":100,"column":5}},{"start":{"line":90,"column":11},"end":{"line":100,"column":5}}],"line":82},"2":{"loc":{"start":{"line":90,"column":11},"end":{"line":100,"column":5}},"type":"if","locations":[{"start":{"line":90,"column":11},"end":{"line":100,"column":5}},{"start":{"line":98,"column":11},"end":{"line":100,"column":5}}],"line":90},"3":{"loc":{"start":{"line":104,"column":9},"end":{"line":113,"column":16}},"type":"cond-expr","locations":[{"start":{"line":105,"column":10},"end":{"line":112,"column":17}},{"start":{"line":113,"column":12},"end":{"line":113,"column":16}}],"line":104},"4":{"loc":{"start":{"line":128,"column":11},"end":{"line":128,"column":67}},"type":"cond-expr","locations":[{"start":{"line":128,"column":34},"end":{"line":128,"column":62}},{"start":{"line":128,"column":65},"end":{"line":128,"column":67}}],"line":128},"5":{"loc":{"start":{"line":130,"column":9},"end":{"line":138,"column":16}},"type":"cond-expr","locations":[{"start":{"line":131,"column":10},"end":{"line":137,"column":29}},{"start":{"line":138,"column":12},"end":{"line":138,"column":16}}],"line":130},"6":{"loc":{"start":{"line":162,"column":26},"end":{"line":162,"column":57}},"type":"cond-expr","locations":[{"start":{"line":162,"column":35},"end":{"line":162,"column":41}},{"start":{"line":162,"column":44},"end":{"line":162,"column":57}}],"line":162},"7":{"loc":{"start":{"line":164,"column":16},"end":{"line":164,"column":75}},"type":"cond-expr","locations":[{"start":{"line":164,"column":53},"end":{"line":164,"column":59}},{"start":{"line":164,"column":62},"end":{"line":164,"column":75}}],"line":164},"8":{"loc":{"start":{"line":167,"column":13},"end":{"line":177,"column":13}},"type":"cond-expr","locations":[{"start":{"line":168,"column":14},"end":{"line":171,"column":16}},{"start":{"line":173,"column":14},"end":{"line":176,"column":16}}],"line":167}},"s":{"0":1,"1":1,"2":1,"3":1,"4":1,"5":1,"6":1,"7":1,"8":1,"9":1,"10":1,"11":1,"12":1,"13":0,"14":1,"15":0,"16":1,"17":0,"18":1,"19":1,"20":1,"21":0,"22":0,"23":0,"24":0},"f":{"0":1,"1":1,"2":1,"3":0,"4":0,"5":0,"6":0},"b":{"0":[0,1],"1":[0,1],"2":[0,1],"3":[1,0],"4":[0,1],"5":[0,1],"6":[0,0],"7":[0,0],"8":[0,0]},"_coverageSchema":"1a1c01bbd47fc00a2c39e90264f33305004495a9","hash":"60309464c35769ae8480361192ab8ebc86d9ed6c"}
,"/home/ayanworks/app/src/screens/ProofRequest.tsx": {"path":"/home/ayanworks/app/src/screens/ProofRequest.tsx","statementMap":{"0":{"start":{"line":53,"column":15},"end":{"line":79,"column":2}},"1":{"start":{"line":81,"column":50},"end":{"line":609,"column":1}},"2":{"start":{"line":82,"column":2},"end":{"line":84,"column":3}},"3":{"start":{"line":83,"column":4},"end":{"line":83,"column":69}},"4":{"start":{"line":86,"column":22},"end":{"line":86,"column":34}},"5":{"start":{"line":87,"column":20},"end":{"line":87,"column":30}},"6":{"start":{"line":88,"column":16},"end":{"line":88,"column":32}},"7":{"start":{"line":89,"column":46},"end":{"line":89,"column":60}},"8":{"start":{"line":90,"column":56},"end":{"line":90,"column":71}},"9":{"start":{"line":91,"column":56},"end":{"line":91,"column":71}},"10":{"start":{"line":92,"column":58},"end":{"line":92,"column":73}},"11":{"start":{"line":94,"column":58},"end":{"line":96,"column":7}},"12":{"start":{"line":99,"column":4},"end":{"line":99,"column":36}},"13":{"start":{"line":100,"column":40},"end":{"line":100,"column":55}},"14":{"start":{"line":101,"column":52},"end":{"line":101,"column":74}},"15":{"start":{"line":102,"column":54},"end":{"line":104,"column":7}},"16":{"start":{"line":106,"column":16},"end":{"line":106,"column":37}},"17":{"start":{"line":107,"column":21},"end":{"line":109,"column":3}},"18":{"start":{"line":111,"column":2},"end":{"line":111,"column":33}},"19":{"start":{"line":112,"column":31},"end":{"line":297,"column":3}},"20":{"start":{"line":114,"column":6},"end":{"line":114,"column":74}},"21":{"start":{"line":115,"column":25},"end":{"line":117,"column":5}},"22":{"start":{"line":118,"column":36},"end":{"line":120,"column":5}},"23":{"start":{"line":121,"column":36},"end":{"line":123,"column":5}},"24":{"start":{"line":124,"column":47},"end":{"line":124,"column":49}},"25":{"start":{"line":126,"column":4},"end":{"line":296,"column":6}},"26":{"start":{"line":127,"column":20},"end":{"line":129,"column":54}},"27":{"start":{"line":131,"column":6},"end":{"line":202,"column":7}},"28":{"start":{"line":132,"column":49},"end":{"line":132,"column":51}},"29":{"start":{"line":133,"column":8},"end":{"line":142,"column":10}},"30":{"start":{"line":134,"column":41},"end":{"line":136,"column":11}},"31":{"start":{"line":137,"column":10},"end":{"line":141,"column":12}},"32":{"start":{"line":143,"column":36},"end":{"line":143,"column":38}},"33":{"start":{"line":144,"column":37},"end":{"line":144,"column":39}},"34":{"start":{"line":145,"column":8},"end":{"line":152,"column":10}},"35":{"start":{"line":146,"column":10},"end":{"line":146,"column":30}},"36":{"start":{"line":147,"column":10},"end":{"line":151,"column":11}},"37":{"start":{"line":153,"column":23},"end":{"line":158,"column":9}},"38":{"start":{"line":159,"column":8},"end":{"line":159,"column":34}},"39":{"start":{"line":161,"column":8},"end":{"line":161,"column":32}},"40":{"start":{"line":163,"column":8},"end":{"line":200,"column":9}},"41":{"start":{"line":165,"column":12},"end":{"line":198,"column":13}},"42":{"start":{"line":168,"column":14},"end":{"line":177,"column":16}},"43":{"start":{"line":169,"column":16},"end":{"line":172,"column":17}},"44":{"start":{"line":173,"column":16},"end":{"line":176,"column":18}},"45":{"start":{"line":173,"column":50},"end":{"line":176,"column":17}},"46":{"start":{"line":178,"column":19},"end":{"line":198,"column":13}},"47":{"start":{"line":181,"column":33},"end":{"line":183,"column":15}},"48":{"start":{"line":184,"column":14},"end":{"line":193,"column":16}},"49":{"start":{"line":185,"column":16},"end":{"line":188,"column":17}},"50":{"start":{"line":189,"column":16},"end":{"line":192,"column":18}},"51":{"start":{"line":189,"column":50},"end":{"line":192,"column":17}},"52":{"start":{"line":195,"column":14},"end":{"line":197,"column":16}},"53":{"start":{"line":196,"column":16},"end":{"line":196,"column":71}},"54":{"start":{"line":196,"column":50},"end":{"line":196,"column":70}},"55":{"start":{"line":201,"column":8},"end":{"line":201,"column":28}},"56":{"start":{"line":203,"column":6},"end":{"line":293,"column":8}},"57":{"start":{"line":204,"column":22},"end":{"line":206,"column":56}},"58":{"start":{"line":208,"column":8},"end":{"line":292,"column":9}},"59":{"start":{"line":209,"column":51},"end":{"line":209,"column":53}},"60":{"start":{"line":211,"column":10},"end":{"line":220,"column":12}},"61":{"start":{"line":212,"column":43},"end":{"line":214,"column":13}},"62":{"start":{"line":215,"column":12},"end":{"line":219,"column":14}},"63":{"start":{"line":222,"column":38},"end":{"line":222,"column":40}},"64":{"start":{"line":223,"column":39},"end":{"line":223,"column":41}},"65":{"start":{"line":225,"column":10},"end":{"line":238,"column":12}},"66":{"start":{"line":226,"column":12},"end":{"line":230,"column":13}},"67":{"start":{"line":231,"column":12},"end":{"line":237,"column":13}},"68":{"start":{"line":240,"column":25},"end":{"line":245,"column":11}},"69":{"start":{"line":246,"column":10},"end":{"line":246,"column":36}},"70":{"start":{"line":248,"column":10},"end":{"line":290,"column":11}},"71":{"start":{"line":250,"column":14},"end":{"line":288,"column":15}},"72":{"start":{"line":253,"column":16},"end":{"line":262,"column":18}},"73":{"start":{"line":254,"column":18},"end":{"line":261,"column":20}},"74":{"start":{"line":254,"column":52},"end":{"line":261,"column":19}},"75":{"start":{"line":263,"column":21},"end":{"line":288,"column":15}},"76":{"start":{"line":266,"column":35},"end":{"line":268,"column":17}},"77":{"start":{"line":269,"column":16},"end":{"line":278,"column":18}},"78":{"start":{"line":270,"column":18},"end":{"line":277,"column":20}},"79":{"start":{"line":270,"column":52},"end":{"line":277,"column":19}},"80":{"start":{"line":280,"column":16},"end":{"line":287,"column":18}},"81":{"start":{"line":281,"column":18},"end":{"line":286,"column":20}},"82":{"start":{"line":281,"column":52},"end":{"line":286,"column":19}},"83":{"start":{"line":291,"column":10},"end":{"line":291,"column":30}},"84":{"start":{"line":294,"column":6},"end":{"line":294,"column":42}},"85":{"start":{"line":299,"column":2},"end":{"line":301,"column":3}},"86":{"start":{"line":300,"column":4},"end":{"line":300,"column":53}},"87":{"start":{"line":303,"column":2},"end":{"line":305,"column":3}},"88":{"start":{"line":304,"column":4},"end":{"line":304,"column":53}},"89":{"start":{"line":307,"column":2},"end":{"line":329,"column":30}},"90":{"start":{"line":308,"column":39},"end":{"line":319,"column":5}},"91":{"start":{"line":309,"column":20},"end":{"line":311,"column":7}},"92":{"start":{"line":312,"column":6},"end":{"line":314,"column":7}},"93":{"start":{"line":313,"column":8},"end":{"line":313,"column":78}},"94":{"start":{"line":315,"column":6},"end":{"line":315,"column":33}},"95":{"start":{"line":317,"column":6},"end":{"line":317,"column":36}},"96":{"start":{"line":321,"column":4},"end":{"line":327,"column":6}},"97":{"start":{"line":322,"column":6},"end":{"line":326,"column":8}},"98":{"start":{"line":331,"column":2},"end":{"line":338,"column":34}},"99":{"start":{"line":332,"column":4},"end":{"line":337,"column":5}},"100":{"start":{"line":333,"column":6},"end":{"line":335,"column":7}},"101":{"start":{"line":334,"column":8},"end":{"line":334,"column":37}},"102":{"start":{"line":336,"column":6},"end":{"line":336,"column":34}},"103":{"start":{"line":340,"column":2},"end":{"line":344,"column":13}},"104":{"start":{"line":341,"column":4},"end":{"line":343,"column":5}},"105":{"start":{"line":342,"column":6},"end":{"line":342,"column":35}},"106":{"start":{"line":346,"column":25},"end":{"line":348,"column":64}},"107":{"start":{"line":348,"column":16},"end":{"line":348,"column":64}},"108":{"start":{"line":348,"column":48},"end":{"line":348,"column":63}},"109":{"start":{"line":350,"column":21},"end":{"line":353,"column":74}},"110":{"start":{"line":353,"column":4},"end":{"line":353,"column":74}},"111":{"start":{"line":353,"column":36},"end":{"line":353,"column":73}},"112":{"start":{"line":353,"column":59},"end":{"line":353,"column":72}},"113":{"start":{"line":355,"column":28},"end":{"line":418,"column":3}},"114":{"start":{"line":356,"column":4},"end":{"line":417,"column":5}},"115":{"start":{"line":357,"column":6},"end":{"line":357,"column":30}},"116":{"start":{"line":358,"column":6},"end":{"line":358,"column":34}},"117":{"start":{"line":359,"column":63},"end":{"line":362,"column":7}},"118":{"start":{"line":364,"column":6},"end":{"line":397,"column":8}},"119":{"start":{"line":365,"column":39},"end":{"line":367,"column":16}},"120":{"start":{"line":366,"column":24},"end":{"line":366,"column":45}},"121":{"start":{"line":368,"column":8},"end":{"line":381,"column":9}},"122":{"start":{"line":374,"column":37},"end":{"line":376,"column":72}},"123":{"start":{"line":376,"column":27},"end":{"line":376,"column":71}},"124":{"start":{"line":377,"column":25},"end":{"line":379,"column":11}},"125":{"start":{"line":380,"column":10},"end":{"line":380,"column":79}},"126":{"start":{"line":383,"column":8},"end":{"line":396,"column":9}},"127":{"start":{"line":389,"column":37},"end":{"line":391,"column":72}},"128":{"start":{"line":391,"column":27},"end":{"line":391,"column":71}},"129":{"start":{"line":392,"column":25},"end":{"line":394,"column":11}},"130":{"start":{"line":395,"column":10},"end":{"line":395,"column":79}},"131":{"start":{"line":399,"column":8},"end":{"line":402,"column":9}},"132":{"start":{"line":403,"column":6},"end":{"line":405,"column":7}},"133":{"start":{"line":404,"column":8},"end":{"line":404,"column":78}},"134":{"start":{"line":406,"column":6},"end":{"line":406,"column":73}},"135":{"start":{"line":407,"column":6},"end":{"line":407,"column":35}},"136":{"start":{"line":408,"column":6},"end":{"line":408,"column":34}},"137":{"start":{"line":410,"column":6},"end":{"line":410,"column":29}},"138":{"start":{"line":411,"column":6},"end":{"line":411,"column":35}},"139":{"start":{"line":412,"column":6},"end":{"line":416,"column":8}},"140":{"start":{"line":420,"column":29},"end":{"line":444,"column":3}},"141":{"start":{"line":421,"column":4},"end":{"line":443,"column":5}},"142":{"start":{"line":430,"column":12},"end":{"line":439,"column":13}},"143":{"start":{"line":431,"column":14},"end":{"line":431,"column":38}},"144":{"start":{"line":432,"column":14},"end":{"line":432,"column":57}},"145":{"start":{"line":434,"column":14},"end":{"line":438,"column":16}},"146":{"start":{"line":446,"column":29},"end":{"line":476,"column":3}},"147":{"start":{"line":447,"column":38},"end":{"line":447,"column":61}},"148":{"start":{"line":448,"column":23},"end":{"line":450,"column":8}},"149":{"start":{"line":449,"column":35},"end":{"line":449,"column":53}},"150":{"start":{"line":451,"column":4},"end":{"line":470,"column":5}},"151":{"start":{"line":452,"column":24},"end":{"line":454,"column":10}},"152":{"start":{"line":453,"column":18},"end":{"line":453,"column":54}},"153":{"start":{"line":455,"column":35},"end":{"line":455,"column":37}},"154":{"start":{"line":456,"column":6},"end":{"line":460,"column":8}},"155":{"start":{"line":457,"column":8},"end":{"line":459,"column":9}},"156":{"start":{"line":461,"column":6},"end":{"line":468,"column":8}},"157":{"start":{"line":462,"column":24},"end":{"line":462,"column":28}},"158":{"start":{"line":463,"column":8},"end":{"line":467,"column":9}},"159":{"start":{"line":464,"column":10},"end":{"line":464,"column":35}},"160":{"start":{"line":466,"column":10},"end":{"line":466,"column":36}},"161":{"start":{"line":469,"column":6},"end":{"line":469,"column":36}},"162":{"start":{"line":471,"column":18},"end":{"line":473,"column":5}},"163":{"start":{"line":472,"column":24},"end":{"line":472,"column":36}},"164":{"start":{"line":474,"column":4},"end":{"line":474,"column":49}},"165":{"start":{"line":475,"column":4},"end":{"line":475,"column":52}},"166":{"start":{"line":478,"column":2},"end":{"line":478,"column":45}},"167":{"start":{"line":480,"column":2},"end":{"line":608,"column":3}},"168":{"start":{"line":500,"column":14},"end":{"line":502,"column":21}},"169":{"start":{"line":532,"column":16},"end":{"line":532,"column":51}},"170":{"start":{"line":582,"column":12},"end":{"line":582,"column":41}},"171":{"start":{"line":583,"column":12},"end":{"line":583,"column":28}},"172":{"start":{"line":584,"column":12},"end":{"line":586,"column":67}},"173":{"start":{"line":597,"column":12},"end":{"line":597,"column":42}},"174":{"start":{"line":598,"column":12},"end":{"line":598,"column":28}},"175":{"start":{"line":599,"column":12},"end":{"line":601,"column":67}}},"fnMap":{"0":{"name":"(anonymous_0)","decl":{"start":{"line":81,"column":50},"end":{"line":81,"column":51}},"loc":{"start":{"line":81,"column":77},"end":{"line":609,"column":1}},"line":81},"1":{"name":"(anonymous_1)","decl":{"start":{"line":112,"column":31},"end":{"line":112,"column":32}},"loc":{"start":{"line":112,"column":70},"end":{"line":297,"column":3}},"line":112},"2":{"name":"(anonymous_2)","decl":{"start":{"line":126,"column":36},"end":{"line":126,"column":37}},"loc":{"start":{"line":126,"column":43},"end":{"line":296,"column":5}},"line":126},"3":{"name":"(anonymous_3)","decl":{"start":{"line":133,"column":47},"end":{"line":133,"column":48}},"loc":{"start":{"line":133,"column":64},"end":{"line":142,"column":9}},"line":133},"4":{"name":"(anonymous_4)","decl":{"start":{"line":145,"column":22},"end":{"line":145,"column":23}},"loc":{"start":{"line":145,"column":40},"end":{"line":152,"column":9}},"line":145},"5":{"name":"(anonymous_5)","decl":{"start":{"line":164,"column":10},"end":{"line":164,"column":11}},"loc":{"start":{"line":164,"col
[...]
,"/home/ayanworks/app/src/screens/Splash/Splash.utils.ts": {"path":"/home/ayanworks/app/src/screens/Splash/Splash.utils.ts","statementMap":{"0":{"start":{"line":5,"column":42},"end":{"line":10,"column":1}},"1":{"start":{"line":6,"column":34},"end":{"line":8,"column":3}},"2":{"start":{"line":9,"column":2},"end":{"line":9,"column":32}},"3":{"start":{"line":12,"column":38},"end":{"line":14,"column":1}},"4":{"start":{"line":13,"column":2},"end":{"line":13,"column":21}}},"fnMap":{"0":{"name":"(anonymous_0)","decl":{"start":{"line":5,"column":42},"end":{"line":5,"column":43}},"loc":{"start":{"line":5,"column":54},"end":{"line":10,"column":1}},"line":5},"1":{"name":"(anonymous_1)","decl":{"start":{"line":12,"column":38},"end":{"line":12,"column":39}},"loc":{"start":{"line":12,"column":44},"end":{"line":14,"column":1}},"line":12}},"branchMap":{},"s":{"0":2,"1":1,"2":1,"3":2,"4":0},"f":{"0":1,"1":0},"b":{},"_coverageSchema":"1a1c01bbd47fc00a2c39e90264f33305004495a9","hash":"8bea63650d4019b5fefb244a0cdcf5eb84e5bf0c"}
,"/home/ayanworks/app/src/screens/Splash/index.ts": {"path":"/home/ayanworks/app/src/screens/Splash/index.ts","statementMap":{},"fnMap":{},"branchMap":{},"s":{},"f":{},"b":{},"_coverageSchema":"1a1c01bbd47fc00a2c39e90264f33305004495a9","hash":"961df85f7bf97b83eb89280c431a0ea0dd9fc8ed"}
,"/home/ayanworks/app/src/screens/ViewMnemonic/ViewMnemonic.utils.ts": {"path":"/home/ayanworks/app/src/screens/ViewMnemonic/ViewMnemonic.utils.ts","statementMap":{"0":{"start":{"line":4,"column":38},"end":{"line":7,"column":1}},"1":{"start":{"line":5,"column":17},"end":{"line":5,"column":64}},"2":{"start":{"line":6,"column":2},"end":{"line":6,"column":15}},"3":{"start":{"line":9,"column":35},"end":{"line":14,"column":1}},"4":{"start":{"line":10,"column":17},"end":{"line":12,"column":4}},"5":{"start":{"line":13,"column":2},"end":{"line":13,"column":15}},"6":{"start":{"line":16,"column":32},"end":{"line":22,"column":1}},"7":{"start":{"line":17,"column":14},"end":{"line":20,"column":4}},"8":{"start":{"line":18,"column":4},"end":{"line":18,"column":34}},"9":{"start":{"line":18,"column":23},"end":{"line":18,"column":34}},"10":{"start":{"line":19,"column":4},"end":{"line":19,"column":16}},"11":{"start":{"line":21,"column":2},"end":{"line":21,"column":12}}},"fnMap":{"0":{"name":"(anonymous_0)","decl":{"start":{"line":4,"column":38},"end":{"line":4,"column":39}},"loc":{"start":{"line":4,"column":50},"end":{"line":7,"column":1}},"line":4},"1":{"name":"(anonymous_1)","decl":{"start":{"line":9,"column":35},"end":{"line":9,"column":36}},"loc":{"start":{"line":9,"column":47},"end":{"line":14,"column":1}},"line":9},"2":{"name":"(anonymous_2)","decl":{"start":{"line":16,"column":32},"end":{"line":16,"column":33}},"loc":{"start":{"line":16,"column":40},"end":{"line":22,"column":1}},"line":16},"3":{"name":"(anonymous_3)","decl":{"start":{"line":17,"column":26},"end":{"line":17,"column":27}},"loc":{"start":{"line":17,"column":42},"end":{"line":20,"column":3}},"line":17}},"branchMap":{"0":{"loc":{"start":{"line":18,"column":4},"end":{"line":18,"column":34}},"type":"if","locations":[{"start":{"line":18,"column":4},"end":{"line":18,"column":34}},{"start":{},"end":{}}],"line":18}},"s":{"0":1,"1":0,"2":0,"3":1,"4":0,"5":0,"6":1,"7":2,"8":2,"9":1,"10":1,"11":2},"f":{"0":0,"1":0,"2":2,"3":2},"b":{"0":[1,1]},"_coverageSchema":"1a1c01bbd47fc00a2c39e90264f33305004495a9","hash":"14ea2d35d1828439948cada10530c88ef083b823"}
,"/home/ayanworks/app/src/theme/theme.ts": {"path":"/home/ayanworks/app/src/theme/theme.ts","statementMap":{"0":{"start":{"line":88,"column":28},"end":{"line":88,"column":29}},"1":{"start":{"line":89,"column":28},"end":{"line":89,"column":31}},"2":{"start":{"line":90,"column":28},"end":{"line":90,"column":32}},"3":{"start":{"line":91,"column":27},"end":{"line":91,"column":30}},"4":{"start":{"line":92,"column":27},"end":{"line":92,"column":28}},"5":{"start":{"line":94,"column":33},"end":{"line":100,"column":1}},"6":{"start":{"line":102,"column":39},"end":{"line":106,"column":1}},"7":{"start":{"line":108,"column":47},"end":{"line":125,"column":1}},"8":{"start":{"line":127,"column":41},"end":{"line":135,"column":1}},"9":{"start":{"line":137,"column":41},"end":{"line":150,"column":1}},"10":{"start":{"line":152,"column":40},"end":{"line":158,"column":1}},"11":{"start":{"line":160,"column":39},"end":{"line":165,"column":1}},"12":{"start":{"line":200,"column":42},"end":{"line":204,"column":1}},"13":{"start":{"line":206,"column":36},"end":{"line":242,"column":1}},"14":{"start":{"line":244,"column":43},"end":{"line":257,"column":1}},"15":{"start":{"line":267,"column":42},"end":{"line":269,"column":1}},"16":{"start":{"line":271,"column":62},"end":{"line":273,"column":1}}},"fnMap":{},"branchMap":{},"s":{"0":28,"1":28,"2":28,"3":28,"4":28,"5":28,"6":28,"7":28,"8":28,"9":28,"10":28,"11":28,"12":28,"13":28,"14":28,"15":28,"16":28},"f":{},"b":{},"_coverageSchema":"1a1c01bbd47fc00a2c39e90264f33305004495a9","hash":"359fa3a12196b31f8b837cdb818cef45aa9db908"}
,"/home/ayanworks/app/src/types/navigators.ts": {"path":"/home/ayanworks/app/src/types/navigators.ts","statementMap":{},"fnMap":{},"branchMap":{},"s":{},"f":{},"b":{},"_coverageSchema":"1a1c01bbd47fc00a2c39e90264f33305004495a9","hash":"a7e8fdda99b0f086602442ad1f9ccd02fd6cd8a5"}
,"/home/ayanworks/app/src/utils/helpers.ts": {"path":"/home/ayanworks/app/src/utils/helpers.ts","statementMap":{"0":{"start":{"line":10,"column":38},"end":{"line":13,"column":1}},"1":{"start":{"line":11,"column":21},"end":{"line":11,"column":52}},"2":{"start":{"line":12,"column":2},"end":{"line":12,"column":19}},"3":{"start":{"line":19,"column":13},"end":{"line":19,"column":25}},"4":{"start":{"line":20,"column":16},"end":{"line":20,"column":18}},"5":{"start":{"line":21,"column":2},"end":{"line":34,"column":3}},"6":{"start":{"line":22,"column":26},"end":{"line":22,"column":77}},"7":{"start":{"line":23,"column":26},"end":{"line":23,"column":55}},"8":{"start":{"line":24,"column":4},"end":{"line":33,"column":5}},"9":{"start":{"line":25,"column":6},"end":{"line":31,"column":18}},"10":{"start":{"line":29,"column":12},"end":{"line":29,"column":76}},"11":{"start":{"line":32,"column":6},"end":{"line":32,"column":34}},"12":{"start":{"line":35,"column":2},"end":{"line":35,"column":26}},"13":{"start":{"line":41,"column":13},"end":{"line":41,"column":25}},"14":{"start":{"line":42,"column":2},"end":{"line":55,"column":3}},"15":{"start":{"line":44,"column":6},"end":{"line":44,"column":91}},"16":{"start":{"line":45,"column":25},"end":{"line":45,"column":69}},"17":{"start":{"line":46,"column":4},"end":{"line":54,"column":5}},"18":{"start":{"line":47,"column":6},"end":{"line":53,"column":18}},"19":{"start":{"line":51,"column":12},"end":{"line":51,"column":78}},"20":{"start":{"line":56,"column":2},"end":{"line":56,"column":17}},"21":{"start":{"line":62,"column":2},"end":{"line":63,"column":14}},"22":{"start":{"line":69,"column":2},"end":{"line":70,"column":28}},"23":{"start":{"line":77,"column":2},"end":{"line":77,"column":50}},"24":{"start":{"line":83,"column":2},"end":{"line":83,"column":55}},"25":{"start":{"line":87,"column":2},"end":{"line":89,"column":73}},"26":{"start":{"line":89,"column":28},"end":{"line":89,"column":69}},"27":{"start":{"line":93,"column":17},"end":{"line":93,"column":60}},"28":{"start":{"line":94,"column":2},"end":{"line":94,"column":63}},"29":{"start":{"line":97,"column":38},"end":{"line":100,"column":1}},"30":{"start":{"line":98,"column":21},"end":{"line":98,"column":52}},"31":{"start":{"line":99,"column":2},"end":{"line":99,"column":19}},"32":{"start":{"line":102,"column":32},"end":{"line":102,"column":57}},"33":{"start":{"line":104,"column":30},"end":{"line":107,"column":1}},"34":{"start":{"line":105,"column":15},"end":{"line":105,"column":48}},"35":{"start":{"line":106,"column":2},"end":{"line":106,"column":30}},"36":{"start":{"line":109,"column":41},"end":{"line":112,"column":1}},"37":{"start":{"line":110,"column":15},"end":{"line":110,"column":34}},"38":{"start":{"line":111,"column":2},"end":{"line":111,"column":30}}},"fnMap":{"0":{"name":"(anonymous_0)","decl":{"start":{"line":10,"column":38},"end":{"line":10,"column":39}},"loc":{"start":{"line":10,"column":64},"end":{"line":13,"column":1}},"line":10},"1":{"name":"parseSchema","decl":{"start":{"line":15,"column":16},"end":{"line":15,"column":27}},"loc":{"start":{"line":18,"column":2},"end":{"line":36,"column":1}},"line":18},"2":{"name":"(anonymous_2)","decl":{"start":{"line":28,"column":10},"end":{"line":28,"column":11}},"loc":{"start":{"line":29,"column":12},"end":{"line":29,"column":76}},"line":29},"3":{"name":"parseCredDef","decl":{"start":{"line":38,"column":16},"end":{"line":38,"column":28}},"loc":{"start":{"line":40,"column":2},"end":{"line":57,"column":1}},"line":40},"4":{"name":"(anonymous_4)","decl":{"start":{"line":50,"column":10},"end":{"line":50,"column":11}},"loc":{"start":{"line":51,"column":12},"end":{"line":51,"column":78}},"line":51},"5":{"name":"credentialSchema","decl":{"start":{"line":59,"column":16},"end":{"line":59,"column":32}},"loc":{"start":{"line":61,"column":22},"end":{"line":64,"column":1}},"line":61},"6":{"name":"credentialDefinition","decl":{"start":{"line":66,"column":16},"end":{"line":66,"column":36}},"loc":{"start":{"line":68,"column":22},"end":{"line":71,"column":1}},"line":68},"7":{"name":"parsedSchema","decl":{"start":{"line":73,"column":16},"end":{"line":73,"column":28}},"loc":{"start":{"line":76,"column":2},"end":{"line":78,"column":1}},"line":76},"8":{"name":"parsedCredentialDefinition","decl":{"start":{"line":80,"column":16},"end":{"line":80,"column":42}},"loc":{"start":{"line":82,"column":2},"end":{"line":84,"column":1}},"line":82},"9":{"name":"hashCode","decl":{"start":{"line":86,"column":16},"end":{"line":86,"column":24}},"loc":{"start":{"line":86,"column":44},"end":{"line":90,"column":1}},"line":86},"10":{"name":"(anonymous_10)","decl":{"start":{"line":89,"column":12},"end":{"line":89,"column":13}},"loc":{"start":{"line":89,"column":28},"end":{"line":89,"column":69}},"line":89},"11":{"name":"hashToRGBA","decl":{"start":{"line":92,"column":16},"end":{"line":92,"column":26}},"loc":{"start":{"line":92,"column":38},"end":{"line":95,"column":1}},"line":92},"12":{"name":"(anonymous_12)","decl":{"start":{"line":97,"column":38},"end":{"line":97,"column":39}},"loc":{"start":{"line":97,"column":64},"end":{"line":100,"column":1}},"line":97},"13":{"name":"(anonymous_13)","decl":{"start":{"line":104,"column":30},"end":{"line":104,"column":31}},"loc":{"start":{"line":104,"column":66},"end":{"line":107,"column":1}},"line":104},"14":{"name":"(anonymous_14)","decl":{"start":{"line":109,"column":41},"end":{"line":109,"column":42}},"loc":{"start":{"line":109,"column":63},"end":{"line":112,"column":1}},"line":109}},"branchMap":{"0":{"loc":{"start":{"line":21,"column":2},"end":{"line":34,"column":3}},"type":"if","locations":[{"start":{"line":21,"column":2},"end":{"line":34,"column":3}},{"start":{},"end":{}}],"line":21},"1":{"loc":{"start":{"line":24,"column":4},"end":{"line":33,"column":5}},"type":"if","locations":[{"start":{"line":24,"column":4},"end":{"line":33,"column":5}},{"start":{},"end":{}}],"line":24},"2":{"loc":{"start":{"line":42,"column":2},"end":{"line":55,"column":3}},"type":"if","locations":[{"start":{"line":42,"column":2},"end":{"line":55,"column":3}},{"start":{},"end":{}}],"line":42},"3":{"loc":{"start":{"line":46,"column":4},"end":{"line":54,"column":5}},"type":"if","locations":[{"start":{"line":46,"column":4},"end":{"line":54,"column":5}},{"start":{},"end":{}}],"line":46}},"s":{"0":12,"1":0,"2":0,"3":36,"4":36,"5":36,"6":34,"7":34,"8":34,"9":34,"10":64,"11":34,"12":36,"13":0,"14":0,"15":0,"16":0,"17":0,"18":0,"19":0,"20":0,"21":36,"22":0,"23":36,"24":0,"25":19,"26":282,"27":19,"28":19,"29":12,"30":0,"31":0,"32":12,"33":12,"34":0,"35":0,"36":12,"37":0,"38":0},"f":{"0":0,"1":36,"2":64,"3":0,"4":0,"5":36,"6":0,"7":36,"8":0,"9":19,"10":282,"11":19,"12":0,"13":0,"14":0},"b":{"0":[34,2],"1":[34,0],"2":[0,0],"3":[0,0]},"_coverageSchema":"1a1c01bbd47fc00a2c39e90264f33305004495a9","hash":"7690e052eaa02cbd6a1b57cfbc5b14ec27cca062"}
,"/home/ayanworks/app/src/utils/keychain.ts": {"path":"/home/ayanworks/app/src/utils/keychain.ts","statementMap":{"0":{"start":{"line":3,"column":25},"end":{"line":9,"column":1}},"1":{"start":{"line":8,"column":2},"end":{"line":8,"column":64}},"2":{"start":{"line":11,"column":25},"end":{"line":14,"column":1}},"3":{"start":{"line":12,"column":22},"end":{"line":12,"column":64}},"4":{"start":{"line":13,"column":2},"end":{"line":13,"column":20}}},"fnMap":{"0":{"name":"(anonymous_0)","decl":{"start":{"line":3,"column":25},"end":{"line":3,"column":26}},"loc":{"start":{"line":7,"column":5},"end":{"line":9,"column":1}},"line":7},"1":{"name":"(anonymous_1)","decl":{"start":{"line":11,"column":25},"end":{"line":11,"column":26}},"loc":{"start":{"line":11,"column":49},"end":{"line":14,"column":1}},"line":11}},"branchMap":{},"s":{"0":6,"1":2,"2":6,"3":0,"4":0},"f":{"0":2,"1":0},"b":{},"_coverageSchema":"1a1c01bbd47fc00a2c39e90264f33305004495a9","hash":"a1933b7b1c52277d9b7841d3515a3c084fc7e9fc"}
,"/home/ayanworks/app/src/utils/testhelpers.ts": {"path":"/home/ayanworks/app/src/utils/testhelpers.ts","statementMap":{"0":{"start":{"line":11,"column":33},"end":{"line":67,"column":1}},"1":{"start":{"line":52,"column":2},"end":{"line":66,"column":4}}},"fnMap":{"0":{"name":"(anonymous_0)","decl":{"start":{"line":11,"column":33},"end":{"line":11,"column":34}},"loc":{"start":{"line":51,"column":43},"end":{"line":67,"column":1}},"line":51}},"branchMap":{"0":{"loc":{"start":{"line":11,"column":34},"end":{"line":51,"column":38}},"type":"default-arg","locations":[{"start":{"line":51,"column":36},"end":{"line":51,"column":38}}],"line":11},"1":{"loc":{"start":{"line":12,"column":2},"end":{"line":12,"column":33}},"type":"default-arg","locations":[{"start":{"line":12,"column":10},"end":{"line":12,"column":33}}],"line":12},"2":{"loc":{"start":{"line":13,"column":2},"end":{"line":13,"column":31}},"type":"default-arg","locations":[{"start":{"line":13,"column":9},"end":{"line":13,"column":31}}],"line":13},"3":{"loc":{"start":{"line":14,"column":2},"end":{"line":14,"column":13}},"type":"default-arg","locations":[{"start":{"line":14,"column":7},"end":{"line":14,"column":13}}],"line":14},"4":{"loc":{"start":{"line":15,"column":2},"end":{"line":15,"column":18}},"type":"default-arg","locations":[{"start":{"line":15,"column":8},"end":{"line":15,"column":18}}],"line":15},"5":{"loc":{"start":{"line":16,"column":2},"end":{"line":16,"column":23}},"type":"default-arg","locations":[{"start":{"line":16,"column":13},"end":{"line":16,"column":23}}],"line":16},"6":{"loc":{"start":{"line":17,"column":2},"end":{"line":17,"column":18}},"type":"default-arg","locations":[{"start":{"line":17,"column":11},"end":{"line":17,"column":18}}],"line":17},"7":{"loc":{"start":{"line":18,"column":2},"end":{"line":29,"column":4}},"type":"default-arg","locations":[{"start":{"line":18,"column":11},"end":{"line":29,"column":4}}],"line":18},"8":{"loc":{"start":{"line":30,"column":2},"end":{"line":30,"column":11}},"type":"default-arg","locations":[{"start":{"line":30,"column":9},"end":{"line":30,"column":11}}],"line":30},"9":{"loc":{"start":{"line":32,"column":2},"end":{"line":36,"column":4}},"type":"default-arg","locations":[{"start":{"line":32,"column":15},"end":{"line":36,"column":4}}],"line":32},"10":{"loc":{"start":{"line":37,"column":2},"end":{"line":37,"column":24}},"type":"default-arg","locations":[{"start":{"line":37,"column":13},"end":{"line":37,"column":24}}],"line":37},"11":{"loc":{"start":{"line":38,"column":2},"end":{"line":49,"column":4}},"type":"default-arg","locations":[{"start":{"line":38,"column":16},"end":{"line":49,"column":4}}],"line":38},"12":{"loc":{"start":{"line":50,"column":2},"end":{"line":50,"column":28}},"type":"default-arg","locations":[{"start":{"line":50,"column":23},"end":{"line":50,"column":28}}],"line":50}},"s":{"0":1,"1":1},"f":{"0":1},"b":{"0":[0],"1":[0],"2":[1],"3":[0],"4":[0],"5":[1],"6":[1],"7":[1],"8":[1],"9":[1],"10":[1],"11":[1],"12":[1]},"_coverageSchema":"1a1c01bbd47fc00a2c39e90264f33305004495a9","hash":"571a767298dba666b4275522488ed7500c1c0575"}
,"/home/ayanworks/app/src/utils/toast.ts": {"path":"/home/ayanworks/app/src/utils/toast.ts","statementMap":{"0":{"start":{"line":5,"column":28},"end":{"line":11,"column":1}},"1":{"start":{"line":6,"column":2},"end":{"line":10,"column":4}},"2":{"start":{"line":12,"column":28},"end":{"line":18,"column":1}},"3":{"start":{"line":13,"column":2},"end":{"line":17,"column":4}},"4":{"start":{"line":19,"column":25},"end":{"line":25,"column":1}},"5":{"start":{"line":20,"column":2},"end":{"line":24,"column":4}},"6":{"start":{"line":26,"column":26},"end":{"line":32,"column":1}},"7":{"start":{"line":27,"column":2},"end":{"line":31,"column":4}}},"fnMap":{"0":{"name":"(anonymous_0)","decl":{"start":{"line":5,"column":28},"end":{"line":5,"column":29}},"loc":{"start":{"line":5,"column":65},"end":{"line":11,"column":1}},"line":5},"1":{"name":"(anonymous_1)","decl":{"start":{"line":12,"column":28},"end":{"line":12,"column":29}},"loc":{"start":{"line":12,"column":65},"end":{"line":18,"column":1}},"line":12},"2":{"name":"(anonymous_2)","decl":{"start":{"line":19,"column":25},"end":{"line":19,"column":26}},"loc":{"start":{"line":19,"column":62},"end":{"line":25,"column":1}},"line":19},"3":{"name":"(anonymous_3)","decl":{"start":{"line":26,"column":26},"end":{"line":26,"column":27}},"loc":{"start":{"line":26,"column":63},"end":{"line":32,"column":1}},"line":26}},"branchMap":{"0":{"loc":{"start":{"line":8,"column":11},"end":{"line":8,"column":47}},"type":"binary-expr","locations":[{"start":{"line":8,"column":11},"end":{"line":8,"column":16}},{"start":{"line":8,"column":20},"end":{"line":8,"column":47}}],"line":8},"1":{"loc":{"start":{"line":15,"column":11},"end":{"line":15,"column":47}},"type":"binary-expr","locations":[{"start":{"line":15,"column":11},"end":{"line":15,"column":16}},{"start":{"line":15,"column":20},"end":{"line":15,"column":47}}],"line":15},"2":{"loc":{"start":{"line":22,"column":11},"end":{"line":22,"column":44}},"type":"binary-expr","locations":[{"start":{"line":22,"column":11},"end":{"line":22,"column":16}},{"start":{"line":22,"column":20},"end":{"line":22,"column":44}}],"line":22},"3":{"loc":{"start":{"line":29,"column":11},"end":{"line":29,"column":45}},"type":"binary-expr","locations":[{"start":{"line":29,"column":11},"end":{"line":29,"column":16}},{"start":{"line":29,"column":20},"end":{"line":29,"column":45}}],"line":29}},"s":{"0":5,"1":0,"2":5,"3":0,"4":5,"5":0,"6":5,"7":0},"f":{"0":0,"1":0,"2":0,"3":0},"b":{"0":[0,0],"1":[0,0],"2":[0,0],"3":[0,0]},"_coverageSchema":"1a1c01bbd47fc00a2c39e90264f33305004495a9","hash":"de5e992bd2e5894e03d5ca9ff54a7e161a07c57c"}
,"/home/ayanworks/app/src/utils/wordsList.ts": {"path":"/home/ayanworks/app/src/utils/wordsList.ts","statementMap":{"0":{"start":{"line":1,"column":18},"end":{"line":7778,"column":1}}},"fnMap":{},"branchMap":{},"s":{"0":1},"f":{},"b":{},"_coverageSchema":"1a1c01bbd47fc00a2c39e90264f33305004495a9","hash":"5842d744316b6225613ebca84fb64092c2f1f85c"}
}
