TN:
SF:src/constants.ts
FNF:0
FNH:0
DA:1,17
DA:3,17
DA:6,17
DA:9,17
DA:26,17
LF:5
LH:5
BRF:0
BRH:0
end_of_record
TN:
SF:src/api/index.ts
FN:12,(anonymous_0)
FN:16,(anonymous_1)
FN:20,(anonymous_2)
FN:24,(anonymous_3)
FNF:4
FNH:0
FNDA:0,(anonymous_0)
FNDA:0,(anonymous_1)
FNDA:0,(anonymous_2)
FNDA:0,(anonymous_3)
DA:5,1
DA:12,1
DA:13,0
DA:16,1
DA:17,0
DA:20,1
DA:21,0
DA:24,1
DA:25,0
DA:28,1
DA:29,1
LF:11
LH:7
BRF:0
BRH:0
end_of_record
TN:
SF:src/api/auth/index.ts
FN:9,(anonymous_0)
FN:11,(anonymous_1)
FN:17,(anonymous_2)
FNF:3
FNH:1
FNDA:1,(anonymous_0)
FNDA:0,(anonymous_1)
FNDA:0,(anonymous_2)
DA:9,1
DA:10,1
DA:15,0
DA:18,0
LF:4
LH:2
BRDA:13,0,0,0
BRDA:17,1,0,0
BRF:2
BRH:0
end_of_record
TN:
SF:src/assets/img/proof-declined.svg
FNF:0
FNH:0
DA:1,1
LF:1
LH:1
BRF:0
BRH:0
end_of_record
TN:
SF:src/assets/img/proof-pending.svg
FNF:0
FNH:0
DA:1,1
LF:1
LH:1
BRF:0
BRH:0
end_of_record
TN:
SF:src/assets/img/proof-success.svg
FNF:0
FNH:0
DA:1,1
LF:1
LH:1
BRF:0
BRH:0
end_of_record
TN:
SF:src/components/index.ts
FNF:0
FNH:0
LF:0
LH:0
BRF:0
BRH:0
end_of_record
TN:
SF:src/components/button/Button.tsx
FN:20,(anonymous_0)
FNF:1
FNH:1
FNDA:7,(anonymous_0)
DA:20,12
DA:27,7
LF:2
LH:2
BRDA:22,0,0,0
BRDA:25,1,0,3
BRF:2
BRH:1
end_of_record
TN:
SF:src/components/checkbox/CheckBoxRow.tsx
FN:28,(anonymous_0)
FNF:1
FNH:1
FNDA:2,(anonymous_0)
DA:14,2
DA:28,2
DA:34,2
DA:36,2
LF:4
LH:4
BRDA:34,0,0,2
BRDA:34,0,1,1
BRDA:45,1,0,0
BRDA:45,1,1,2
BRF:4
BRH:3
end_of_record
TN:
SF:src/components/inputs/QRScanner.tsx
FN:55,(anonymous_0)
FN:72,(anonymous_1)
FN:103,(anonymous_2)
FN:121,(anonymous_3)
FN:133,(anonymous_4)
FNF:5
FNH:1
FNDA:0,(anonymous_0)
FNDA:1,(anonymous_1)
FNDA:0,(anonymous_2)
FNDA:0,(anonymous_3)
FNDA:0,(anonymous_4)
DA:24,1
DA:55,1
DA:59,0
DA:72,1
DA:77,1
DA:78,1
DA:79,1
DA:80,1
DA:81,1
DA:82,1
DA:83,1
DA:85,1
DA:104,0
DA:105,0
DA:107,0
DA:108,0
DA:109,0
DA:110,0
DA:113,0
DA:114,0
DA:115,0
DA:116,0
DA:121,0
DA:133,0
LF:24
LH:11
BRDA:63,0,0,0
BRDA:63,0,1,0
BRDA:91,1,0,0
BRDA:91,1,1,1
BRDA:104,2,0,0
BRDA:104,2,1,0
BRDA:107,3,0,0
BRDA:107,3,1,0
BRDA:109,4,0,0
BRDA:109,4,1,0
BRDA:113,5,0,0
BRDA:113,5,1,0
BRDA:122,6,0,1
BRDA:122,6,1,0
BRF:14
BRH:2
end_of_record
TN:
SF:src/components/inputs/SearchBar.tsx
FN:46,(anonymous_0)
FN:75,(anonymous_1)
FN:86,(anonymous_2)
FN:98,(anonymous_3)
FNF:4
FNH:1
FNDA:1,(anonymous_0)
FNDA:0,(anonymous_1)
FNDA:0,(anonymous_2)
FNDA:0,(anonymous_3)
DA:6,1
DA:46,1
DA:52,1
DA:76,0
DA:87,0
DA:88,0
DA:99,0
DA:100,0
DA:101,0
LF:9
LH:3
BRDA:55,0,0,0
BRDA:55,0,1,1
BRDA:80,1,0,1
BRDA:80,1,1,0
BRDA:94,2,0,1
BRDA:94,2,1,0
BRF:6
BRH:3
end_of_record
TN:
SF:src/components/inputs/SingleSelectBlock.tsx
FN:38,(anonymous_0)
FN:45,(anonymous_1)
FN:52,(anonymous_2)
FN:56,(anonymous_3)
FNF:4
FNH:4
FNDA:2,(anonymous_0)
FNDA:1,(anonymous_1)
FNDA:6,(anonymous_2)
FNDA:1,(anonymous_3)
DA:12,10
DA:38,10
DA:43,2
DA:45,2
DA:46,1
DA:47,1
DA:50,2
DA:53,6
DA:56,1
LF:9
LH:9
BRDA:43,0,0,2
BRDA:43,0,1,2
BRDA:59,1,0,2
BRDA:59,1,1,4
BRF:4
BRH:4
end_of_record
TN:
SF:src/components/inputs/TextInput.tsx
FN:35,(anonymous_0)
FN:38,(anonymous_1)
FNF:2
FNH:1
FNDA:2,(anonymous_0)
FNDA:0,(anonymous_1)
DA:16,11
DA:35,11
DA:36,2
DA:38,2
DA:40,2
LF:5
LH:5
BRDA:48,0,0,2
BRDA:48,0,1,0
BRF:2
BRH:1
end_of_record
TN:
SF:src/components/listItems/ContactListItem.tsx
FN:30,(anonymous_0)
FN:35,(anonymous_1)
FNF:2
FNH:2
FNDA:1,(anonymous_0)
FNDA:1,(anonymous_1)
DA:17,10
DA:30,10
DA:31,1
DA:32,1
DA:36,1
LF:5
LH:5
BRDA:43,0,0,1
BRDA:43,0,1,1
BRF:2
BRH:2
end_of_record
TN:
SF:src/components/listItems/CredentialListItem.tsx
FN:13,(anonymous_0)
FN:21,(anonymous_1)
FNF:2
FNH:2
FNDA:1,(anonymous_0)
FNDA:1,(anonymous_1)
DA:13,1
DA:16,1
DA:18,1
DA:22,1
LF:4
LH:4
BRF:0
BRH:0
end_of_record
TN:
SF:src/components/listItems/DropDown.tsx
FN:14,(anonymous_0)
FN:18,(anonymous_1)
FN:22,(anonymous_2)
FN:39,(anonymous_3)
FN:42,(anonymous_4)
FNF:5
FNH:4
FNDA:2,(anonymous_0)
FNDA:1,(anonymous_1)
FNDA:1,(anonymous_2)
FNDA:3,(anonymous_3)
FNDA:0,(anonymous_4)
DA:14,2
DA:15,2
DA:16,2
DA:18,2
DA:19,1
DA:22,2
DA:23,1
DA:26,2
DA:40,3
DA:43,0
LF:10
LH:9
BRF:0
BRH:0
end_of_record
TN:
SF:src/components/listItems/NotificationListItem.tsx
FN:76,(anonymous_0)
FN:88,(anonymous_1)
FN:94,(anonymous_2)
FN:103,(anonymous_3)
FN:105,(anonymous_4)
FN:129,(anonymous_5)
FN:144,(anonymous_6)
FNF:7
FNH:0
FNDA:0,(anonymous_0)
FNDA:0,(anonymous_1)
FNDA:0,(anonymous_2)
FNDA:0,(anonymous_3)
FNDA:0,(anonymous_4)
FNDA:0,(anonymous_5)
FNDA:0,(anonymous_6)
DA:24,10
DA:36,10
DA:76,10
DA:80,0
DA:81,0
DA:82,0
DA:83,0
DA:86,0
DA:88,0
DA:89,0
DA:92,0
DA:94,0
DA:96,0
DA:97,0
DA:100,0
DA:103,0
DA:104,0
DA:105,0
DA:106,0
DA:109,0
DA:112,0
DA:116,0
DA:117,0
DA:119,0
DA:120,0
DA:123,0
DA:124,0
DA:126,0
DA:128,0
DA:129,0
DA:130,0
DA:133,0
DA:134,0
DA:135,0
DA:138,0
DA:139,0
DA:140,0
DA:142,0
DA:144,0
DA:145,0
DA:146,0
DA:149,0
DA:152,0
LF:43
LH:3
BRDA:84,0,0,0
BRDA:84,0,1,0
BRDA:104,1,0,0
BRDA:104,1,1,0
BRDA:126,2,0,0
BRDA:126,2,1,0
BRDA:126,2,2,0
BRDA:139,3,0,0
BRDA:139,3,1,0
BRDA:142,4,0,0
BRDA:142,4,1,0
BRF:11
BRH:0
end_of_record
TN:
SF:src/components/listItems/SettingListItem.tsx
FN:28,(anonymous_0)
FNF:1
FNH:1
FNDA:1,(anonymous_0)
DA:12,10
DA:28,10
DA:29,1
LF:3
LH:3
BRF:0
BRH:0
end_of_record
TN:
SF:src/components/loader/Loader.tsx
FN:18,(anonymous_0)
FNF:1
FNH:1
FNDA:2,(anonymous_0)
DA:9,10
DA:18,10
DA:19,2
LF:3
LH:3
BRF:0
BRH:0
end_of_record
TN:
SF:src/components/misc/AvatarView.tsx
FN:24,(anonymous_0)
FNF:1
FNH:1
FNDA:19,(anonymous_0)
DA:11,5
DA:24,5
DA:25,19
LF:3
LH:3
BRF:0
BRH:0
end_of_record
TN:
SF:src/components/misc/CredentialCard.tsx
FN:33,(anonymous_0)
FNF:1
FNH:1
FNDA:17,(anonymous_0)
DA:18,4
DA:33,4
DA:37,17
DA:39,17
LF:4
LH:4
BRDA:35,0,0,2
BRF:1
BRH:1
end_of_record
TN:
SF:src/components/misc/QRScannerClose.tsx
FN:21,(anonymous_0)
FN:35,(anonymous_1)
FNF:2
FNH:2
FNDA:1,(anonymous_0)
FNDA:1,(anonymous_1)
DA:10,2
DA:21,2
DA:22,1
DA:35,2
DA:36,1
LF:5
LH:5
BRF:0
BRH:0
end_of_record
TN:
SF:src/components/misc/QRScannerTorch.tsx
FN:27,(anonymous_0)
FN:40,(anonymous_1)
FN:53,(anonymous_2)
FNF:3
FNH:0
FNDA:0,(anonymous_0)
FNDA:0,(anonymous_1)
FNDA:0,(anonymous_2)
DA:10,1
DA:27,1
DA:28,0
DA:40,1
DA:41,0
DA:53,1
DA:54,0
LF:7
LH:4
BRDA:32,0,0,0
BRDA:32,0,1,0
BRDA:43,1,0,0
BRDA:43,1,1,0
BRDA:45,2,0,0
BRDA:45,2,1,0
BRF:6
BRH:0
end_of_record
TN:
SF:src/components/modals/FlowDetailModal.tsx
FN:50,(anonymous_0)
FN:65,(anonymous_1)
FN:71,(anonymous_2)
FN:75,(anonymous_3)
FNF:4
FNH:0
FNDA:0,(anonymous_0)
FNDA:0,(anonymous_1)
FNDA:0,(anonymous_2)
FNDA:0,(anonymous_3)
DA:13,1
DA:50,1
DA:61,0
DA:62,0
DA:63,0
DA:65,0
DA:66,0
DA:67,0
DA:71,0
DA:72,0
DA:75,0
DA:76,0
DA:77,0
DA:80,0
LF:14
LH:2
BRDA:56,0,0,0
BRDA:57,1,0,0
BRDA:66,2,0,0
BRDA:66,2,1,0
BRDA:83,3,0,0
BRDA:83,3,1,0
BRDA:87,4,0,0
BRDA:87,4,1,0
BRDA:108,5,0,0
BRDA:108,5,1,0
BRDA:112,6,0,0
BRDA:112,6,1,0
BRDA:113,7,0,0
BRDA:113,7,1,0
BRF:14
BRH:0
end_of_record
TN:
SF:src/components/record/Record.tsx
FN:41,(anonymous_0)
FN:51,(anonymous_1)
FN:52,(anonymous_2)
FN:55,(anonymous_3)
FN:71,(anonymous_4)
FN:87,(anonymous_5)
FN:88,(anonymous_6)
FN:95,(anonymous_7)
FNF:8
FNH:8
FNDA:15,(anonymous_0)
FNDA:6,(anonymous_1)
FNDA:18,(anonymous_2)
FNDA:5,(anonymous_3)
FNDA:1,(anonymous_4)
FNDA:45,(anonymous_5)
FNDA:45,(anonymous_6)
FNDA:4,(anonymous_7)
DA:25,2
DA:41,2
DA:48,15
DA:49,15
DA:51,15
DA:52,18
DA:55,15
DA:56,5
DA:59,15
DA:71,1
DA:87,45
DA:89,45
DA:96,4
DA:97,4
DA:98,4
LF:15
LH:15
BRDA:44,0,0,0
BRDA:45,1,0,0
BRDA:46,2,0,15
BRDA:65,3,0,15
BRDA:65,3,1,0
BRDA:89,4,0,0
BRDA:89,4,1,45
BRDA:100,5,0,45
BRDA:100,5,1,0
BRF:9
BRH:4
end_of_record
TN:
SF:src/components/record/RecordAttribute.tsx
FN:47,(anonymous_0)
FN:51,(anonymous_1)
FN:56,(anonymous_2)
FN:59,(anonymous_3)
FNF:4
FNH:3
FNDA:46,(anonymous_0)
FNDA:0,(anonymous_1)
FNDA:46,(anonymous_2)
FNDA:46,(anonymous_3)
DA:17,3
DA:47,3
DA:51,0
DA:55,46
DA:56,46
DA:57,46
DA:59,46
DA:62,46
LF:8
LH:7
BRDA:49,0,0,1
BRDA:50,1,0,1
BRDA:51,2,0,1
BRDA:52,3,0,46
BRDA:53,4,0,46
BRDA:64,5,0,0
BRDA:64,5,1,46
BRDA:72,6,0,0
BRDA:72,6,1,46
BRDA:78,7,0,8
BRDA:78,7,1,38
BRDA:81,8,0,45
BRDA:81,8,1,1
BRDA:88,9,0,7
BRDA:88,9,1,38
BRDA:93,10,0,7
BRDA:93,10,1,38
BRF:17
BRH:15
end_of_record
TN:
SF:src/components/record/RecordFooter.tsx
FN:14,(anonymous_0)
FNF:1
FNH:1
FNDA:16,(anonymous_0)
DA:5,3
DA:14,3
DA:15,16
LF:3
LH:3
BRF:0
BRH:0
end_of_record
TN:
SF:src/components/record/RecordHeader.tsx
FN:11,(anonymous_0)
FNF:1
FNH:1
FNDA:16,(anonymous_0)
DA:5,3
DA:11,3
DA:12,16
LF:3
LH:3
BRF:0
BRH:0
end_of_record
TN:
SF:src/components/text/HighlightTextBox.tsx
FN:30,(anonymous_0)
FNF:1
FNH:1
FNDA:1,(anonymous_0)
DA:9,10
DA:11,10
DA:30,10
DA:31,1
LF:4
LH:4
BRF:0
BRH:0
end_of_record
TN:
SF:src/components/text/InfoTextBox.tsx
FN:36,(anonymous_0)
FNF:1
FNH:1
FNDA:2,(anonymous_0)
DA:11,3
DA:12,3
DA:14,3
DA:36,3
DA:37,2
LF:5
LH:5
BRF:0
BRH:0
end_of_record
TN:
SF:src/components/text/Label.tsx
FN:37,(anonymous_0)
FNF:1
FNH:1
FNDA:5,(anonymous_0)
DA:12,9
DA:37,9
DA:38,5
LF:3
LH:3
BRDA:37,0,0,0
BRDA:37,1,0,5
BRF:2
BRH:1
end_of_record
TN:
SF:src/components/text/Text.tsx
FN:16,(anonymous_0)
FNF:1
FNH:1
FNDA:25,(anonymous_0)
DA:5,13
DA:16,13
DA:17,25
LF:3
LH:3
BRF:0
BRH:0
end_of_record
TN:
SF:src/components/text/Title.tsx
FN:18,(anonymous_0)
FNF:1
FNH:1
FNDA:37,(anonymous_0)
DA:10,10
DA:18,10
DA:19,37
LF:3
LH:3
BRF:0
BRH:0
end_of_record
TN:
SF:src/components/toast/BaseToast.tsx
FN:50,(anonymous_0)
FNF:1
FNH:1
FNDA:4,(anonymous_0)
DA:25,7
DA:50,7
DA:51,4
DA:52,4
DA:53,4
DA:54,4
DA:55,4
DA:56,4
DA:57,4
DA:59,4
DA:61,1
DA:62,1
DA:63,1
DA:64,1
DA:65,1
DA:66,1
DA:69,1
DA:70,1
DA:71,1
DA:72,1
DA:73,1
DA:74,1
DA:77,1
DA:78,1
DA:79,1
DA:80,1
DA:81,1
DA:82,1
DA:85,1
DA:86,1
DA:87,1
DA:88,1
DA:89,1
DA:90,1
DA:93,0
DA:96,4
LF:36
LH:35
BRDA:59,0,0,1
BRDA:59,0,1,1
BRDA:59,0,2,1
BRDA:59,0,3,1
BRDA:59,0,4,0
BRF:5
BRH:4
end_of_record
TN:
SF:src/components/views/ProofRequestAttribute.tsx
FN:40,(anonymous_0)
FN:46,(anonymous_1)
FN:48,(anonymous_2)
FN:66,(anonymous_3)
FNF:4
FNH:1
FNDA:2,(anonymous_0)
FNDA:0,(anonymous_1)
FNDA:0,(anonymous_2)
FNDA:0,(anonymous_3)
DA:10,1
DA:40,1
DA:44,2
DA:47,0
DA:49,0
DA:66,0
LF:6
LH:3
BRDA:56,0,0,0
BRDA:56,0,1,0
BRF:2
BRH:0
end_of_record
TN:
SF:src/components/views/SafeAreaScrollView.tsx
FN:21,(anonymous_0)
FNF:1
FNH:1
FNDA:1,(anonymous_0)
DA:11,9
DA:21,9
DA:22,1
LF:3
LH:3
BRF:0
BRH:0
end_of_record
TN:
SF:src/hooks/notifcations.ts
FN:17,(anonymous_0)
FN:22,(anonymous_1)
FNF:2
FNH:1
FNDA:1,(anonymous_0)
FNDA:0,(anonymous_1)
DA:17,1
DA:18,1
DA:19,1
DA:21,1
DA:22,0
DA:25,1
LF:6
LH:5
BRDA:25,0,0,1
BRDA:25,0,1,0
BRF:2
BRH:1
end_of_record
TN:
SF:src/screens/Home.tsx
FN:58,(anonymous_0)
FN:67,(anonymous_1)
FN:75,(anonymous_2)
FN:134,(anonymous_3)
FN:149,(anonymous_4)
FN:157,(anonymous_5)
FN:158,(anonymous_6)
FNF:7
FNH:3
FNDA:1,(anonymous_0)
FNDA:1,(anonymous_1)
FNDA:1,(anonymous_2)
FNDA:0,(anonymous_3)
FNDA:0,(anonymous_4)
FNDA:0,(anonymous_5)
FNDA:0,(anonymous_6)
DA:21,1
DA:25,1
DA:26,1
DA:28,1
DA:58,1
DA:59,1
DA:60,1
DA:61,1
DA:66,1
DA:67,1
DA:68,1
DA:75,1
DA:76,1
DA:77,0
DA:82,1
DA:83,0
DA:90,1
DA:91,0
DA:99,1
DA:102,1
DA:123,1
DA:134,0
DA:150,0
DA:157,0
DA:159,0
LF:25
LH:18
BRDA:76,0,0,0
BRDA:76,0,1,1
BRDA:82,1,0,0
BRDA:82,1,1,1
BRDA:90,2,0,0
BRDA:90,2,1,1
BRDA:104,3,0,1
BRDA:104,3,1,0
BRDA:128,4,0,0
BRDA:128,4,1,1
BRDA:130,5,0,0
BRDA:130,5,1,1
BRDA:162,6,0,0
BRDA:162,6,1,0
BRDA:164,7,0,0
BRDA:164,7,1,0
BRDA:167,8,0,0
BRDA:167,8,1,0
BRF:18
BRH:6
end_of_record
TN:
SF:src/screens/ProofRequest.tsx
FN:81,(anonymous_0)
FN:112,(anonymous_1)
FN:126,(anonymous_2)
FN:133,(anonymous_3)
FN:145,(anonymous_4)
FN:164,(anonymous_5)
FN:168,(anonymous_6)
FN:173,(anonymous_7)
FN:184,(anonymous_8)
FN:189,(anonymous_9)
FN:195,(anonymous_10)
FN:196,(anonymous_11)
FN:203,(anonymous_12)
FN:211,(anonymous_13)
FN:225,(anonymous_14)
FN:249,(anonymous_15)
FN:253,(anonymous_16)
FN:254,(anonymous_17)
FN:269,(anonymous_18)
FN:270,(anonymous_19)
FN:280,(anonymous_20)
FN:281,(anonymous_21)
FN:307,(anonymous_22)
FN:308,(anonymous_23)
FN:321,(anonymous_24)
FN:331,(anonymous_25)
FN:340,(anonymous_26)
FN:346,(anonymous_27)
FN:348,(anonymous_28)
FN:350,(anonymous_29)
FN:353,(anonymous_30)
FN:353,(anonymous_31)
FN:355,(anonymous_32)
FN:364,(anonymous_33)
FN:366,(anonymous_34)
FN:376,(anonymous_35)
FN:391,(anonymous_36)
FN:420,(anonymous_37)
FN:429,(anonymous_38)
FN:446,(anonymous_39)
FN:449,(anonymous_40)
FN:453,(anonymous_41)
FN:456,(anonymous_42)
FN:461,(anonymous_43)
FN:472,(anonymous_44)
FN:499,(anonymous_45)
FN:531,(anonymous_46)
FN:581,(anonymous_47)
FN:596,(anonymous_48)
FNF:49
FNH:3
FNDA:2,(anonymous_0)
FNDA:0,(anonymous_1)
FNDA:0,(anonymous_2)
FNDA:0,(anonymous_3)
FNDA:0,(anonymous_4)
FNDA:0,(anonymous_5)
FNDA:0,(anonymous_6)
FNDA:0,(anonymous_7)
FNDA:0,(anonymous_8)
FNDA:0,(anonymous_9)
FNDA:0,(anonymous_10)
FNDA:0,(anonymous_11)
FNDA:0,(anonymous_12)
FNDA:0,(anonymous_13)
FNDA:0,(anonymous_14)
FNDA:0,(anonymous_15)
FNDA:0,(anonymous_16)
FNDA:0,(anonymous_17)
FNDA:0,(anonymous_18)
FNDA:0,(anonymous_19)
FNDA:0,(anonymous_20)
FNDA:0,(anonymous_21)
FNDA:0,(anonymous_22)
FNDA:0,(anonymous_23)
FNDA:0,(anonymous_24)
FNDA:0,(anonymous_25)
FNDA:0,(anonymous_26)
FNDA:4,(anonymous_27)
FNDA:0,(anonymous_28)
FNDA:4,(anonymous_29)
FNDA:0,(anonymous_30)
FNDA:0,(anonymous_31)
FNDA:0,(anonymous_32)
FNDA:0,(anonymous_33)
FNDA:0,(anonymous_34)
FNDA:0,(anonymous_35)
FNDA:0,(anonymous_36)
FNDA:0,(anonymous_37)
FNDA:0,(anonymous_38)
FNDA:0,(anonymous_39)
FNDA:0,(anonymous_40)
FNDA:0,(anonymous_41)
FNDA:0,(anonymous_42)
FNDA:0,(anonymous_43)
FNDA:0,(anonymous_44)
FNDA:0,(anonymous_45)
FNDA:0,(anonymous_46)
FNDA:0,(anonymous_47)
FNDA:0,(anonymous_48)
DA:53,1
DA:81,1
DA:82,2
DA:83,0
DA:86,2
DA:87,2
DA:88,2
DA:89,2
DA:90,2
DA:91,2
DA:92,2
DA:94,2
DA:99,2
DA:100,2
DA:101,2
DA:102,2
DA:106,2
DA:107,2
DA:111,2
DA:112,2
DA:114,0
DA:115,0
DA:118,0
DA:121,0
DA:124,0
DA:126,0
DA:127,0
DA:131,0
DA:132,0
DA:133,0
DA:134,0
DA:137,0
DA:143,0
DA:144,0
DA:145,0
DA:146,0
DA:147,0
DA:153,0
DA:159,0
DA:161,0
DA:163,0
DA:165,0
DA:168,0
DA:169,0
DA:173,0
DA:178,0
DA:181,0
DA:184,0
DA:185,0
DA:189,0
DA:195,0
DA:196,0
DA:201,0
DA:203,0
DA:204,0
DA:208,0
DA:209,0
DA:211,0
DA:212,0
DA:215,0
DA:222,0
DA:223,0
DA:225,0
DA:226,0
DA:231,0
DA:240,0
DA:246,0
DA:248,0
DA:250,0
DA:253,0
DA:254,0
DA:263,0
DA:266,0
DA:269,0
DA:270,0
DA:280,0
DA:281,0
DA:291,0
DA:294,0
DA:299,2
DA:300,0
DA:303,2
DA:304,0
DA:307,2
DA:308,0
DA:309,0
DA:312,0
DA:313,0
DA:315,0
DA:317,0
DA:321,0
DA:322,0
DA:331,2
DA:332,0
DA:333,0
DA:334,0
DA:336,0
DA:340,2
DA:341,0
DA:342,0
DA:346,2
DA:348,4
DA:350,2
DA:353,4
DA:355,2
DA:356,0
DA:357,0
DA:358,0
DA:359,0
DA:364,0
DA:365,0
DA:366,0
DA:368,0
DA:374,0
DA:376,0
DA:377,0
DA:380,0
DA:383,0
DA:389,0
DA:391,0
DA:392,0
DA:395,0
DA:399,0
DA:403,0
DA:404,0
DA:406,0
DA:407,0
DA:408,0
DA:410,0
DA:411,0
DA:412,0
DA:420,2
DA:421,0
DA:430,0
DA:431,0
DA:432,0
DA:434,0
DA:446,2
DA:447,0
DA:448,0
DA:449,0
DA:451,0
DA:452,0
DA:453,0
DA:455,0
DA:456,0
DA:457,0
DA:461,0
DA:462,0
DA:463,0
DA:464,0
DA:466,0
DA:469,0
DA:471,0
DA:472,0
DA:474,0
DA:475,0
DA:478,2
DA:480,2
DA:500,0
DA:532,0
DA:582,0
DA:583,0
DA:584,0
DA:597,0
DA:598,0
DA:599,0
LF:167
LH:33
BRDA:82,0,0,0
BRDA:82,0,1,2
BRDA:108,1,0,2
BRDA:108,1,1,0
BRDA:127,2,0,0
BRDA:127,2,1,0
BRDA:131,3,0,0
BRDA:131,3,1,0
BRDA:165,4,0,0
BRDA:165,4,1,0
BRDA:178,5,0,0
BRDA:178,5,1,0
BRDA:204,6,0,0
BRDA:204,6,1,0
BRDA:208,7,0,0
BRDA:208,7,1,0
BRDA:250,8,0,0
BRDA:250,8,1,0
BRDA:263,9,0,0
BRDA:263,9,1,0
BRDA:299,10,0,0
BRDA:299,10,1,2
BRDA:303,11,0,0
BRDA:303,11,1,2
BRDA:312,12,0,0
BRDA:312,12,1,0
BRDA:332,13,0,0
BRDA:332,13,1,0
BRDA:333,14,0,0
BRDA:333,14,1,0
BRDA:341,15,0,0
BRDA:341,15,1,0
BRDA:347,16,0,0
BRDA:351,17,0,0
BRDA:368,18,0,0
BRDA:368,18,1,0
BRDA:383,19,0,0
BRDA:383,19,1,0
BRDA:399,20,0,0
BRDA:399,20,1,0
BRDA:403,21,0,0
BRDA:403,21,1,0
BRDA:451,22,0,0
BRDA:451,22,1,0
BRDA:463,23,0,0
BRDA:463,23,1,0
BRDA:482,24,0,0
BRDA:482,24,1,2
BRDA:508,25,0,2
BRDA:508,25,1,2
BRDA:513,26,0,2
BRDA:513,26,1,2
BRDA:519,27,0,2
BRDA:519,27,1,2
BRDA:540,28,0,2
BRDA:540,28,1,0
BRDA:540,29,0,2
BRDA:540,29,1,2
BRDA:541,30,0,2
BRDA:541,30,1,2
BRDA:557,31,0,0
BRDA:557,31,1,2
BRDA:557,32,0,2
BRDA:557,32,1,2
BRDA:567,33,0,2
BRDA:567,33,1,0
BRDA:577,34,0,2
BRDA:577,34,1,0
BRDA:592,35,0,2
BRDA:592,35,1,0
BRF:70
BRH:22
end_of_record
TN:
SF:src/screens/ChangePin/ChangePin.utils.ts
FN:4,(anonymous_0)
FN:11,(anonymous_1)
FNF:2
FNH:1
FNDA:0,(anonymous_0)
FNDA:1,(anonymous_1)
DA:4,1
DA:5,0
DA:8,0
DA:11,1
DA:16,1
DA:17,1
DA:21,1
LF:7
LH:5
BRF:0
BRH:0
end_of_record
TN:
SF:src/screens/ContactDetails/ContactDetails.tsx
FN:29,(anonymous_0)
FN:36,(anonymous_1)
FN:42,(anonymous_2)
FN:56,(anonymous_3)
FNF:4
FNH:3
FNDA:1,(anonymous_0)
FNDA:1,(anonymous_1)
FNDA:1,(anonymous_2)
FNDA:0,(anonymous_3)
DA:18,1
DA:29,1
DA:33,1
DA:34,1
DA:35,1
DA:36,1
DA:37,1
DA:42,1
DA:43,1
DA:56,1
DA:57,0
DA:59,0
DA:60,0
DA:61,0
DA:65,0
DA:67,0
DA:68,0
DA:70,0
DA:71,0
DA:75,1
LF:20
LH:11
BRDA:38,0,0,1
BRDA:38,0,1,1
BRDA:59,1,0,0
BRDA:59,1,1,0
BRF:4
BRH:2
end_of_record
TN:
SF:src/screens/CredentialDetails/CredentialDetails.tsx
FN:17,(anonymous_0)
FN:38,(anonymous_1)
FN:44,(anonymous_2)
FNF:3
FNH:3
FNDA:6,(anonymous_0)
FNDA:15,(anonymous_1)
FNDA:15,(anonymous_2)
DA:17,2
DA:21,6
DA:22,6
DA:23,6
DA:24,6
DA:25,5
DA:26,0
DA:27,0
DA:28,0
DA:30,5
DA:31,0
DA:32,0
DA:33,0
DA:36,5
DA:39,15
DA:45,15
LF:16
LH:10
BRDA:25,0,0,0
BRDA:25,0,1,5
BRDA:30,1,0,0
BRDA:30,1,1,5
BRF:4
BRH:2
end_of_record
TN:
SF:src/screens/CredentialDetails/index.ts
FNF:0
FNH:0
LF:0
LH:0
BRF:0
BRH:0
end_of_record
TN:
SF:src/screens/ExportWallet/ExportWallet.utils.ts
FN:5,(anonymous_0)
FN:6,(anonymous_1)
FNF:2
FNH:2
FNDA:2,(anonymous_0)
FNDA:2,(anonymous_1)
DA:5,1
DA:6,2
DA:7,2
DA:8,1
DA:10,2
LF:5
LH:5
BRDA:7,0,0,1
BRDA:7,0,1,1
BRF:2
BRH:2
end_of_record
TN:
SF:src/screens/ImportWallet/ImportWallet.utils.ts
FN:5,(anonymous_0)
FN:9,(anonymous_1)
FNF:2
FNH:2
FNDA:1,(anonymous_0)
FNDA:2,(anonymous_1)
DA:5,1
DA:6,1
DA:9,1
DA:10,2
DA:11,2
LF:5
LH:5
BRF:0
BRH:0
end_of_record
TN:
SF:src/screens/ListContacts/ListContacts.constants.ts
FNF:0
FNH:0
DA:3,1
LF:1
LH:1
BRF:0
BRH:0
end_of_record
TN:
SF:src/screens/ListContacts/ListContacts.utils.ts
FN:3,(anonymous_0)
FN:7,(anonymous_1)
FNF:2
FNH:2
FNDA:2,(anonymous_0)
FNDA:8,(anonymous_1)
DA:3,1
DA:7,2
DA:8,8
DA:9,8
DA:10,8
DA:12,2
LF:6
LH:6
BRF:0
BRH:0
end_of_record
TN:
SF:src/screens/ListCredentials/ListCredentials.utils.ts
FN:4,(anonymous_0)
FN:8,(anonymous_1)
FNF:2
FNH:0
FNDA:0,(anonymous_0)
FNDA:0,(anonymous_1)
DA:4,1
DA:8,0
DA:9,0
DA:10,0
DA:11,0
DA:13,0
LF:6
LH:1
BRF:0
BRH:0
end_of_record
TN:
SF:src/screens/Onboarding/Onboarding.utils.ts
FN:4,(anonymous_0)
FNF:1
FNH:1
FNDA:1,(anonymous_0)
DA:4,1
DA:5,1
LF:2
LH:2
BRF:0
BRH:0
end_of_record
TN:
SF:src/screens/PinCreate/PinCreate.tsx
FN:50,(anonymous_0)
FN:63,(anonymous_1)
FN:86,(anonymous_2)
FN:93,(anonymous_3)
FN:97,(anonymous_4)
FN:98,(anonymous_5)
FN:105,(anonymous_6)
FN:110,(anonymous_7)
FN:118,(anonymous_8)
FN:127,(anonymous_9)
FN:130,(anonymous_10)
FN:133,(anonymous_11)
FN:136,(anonymous_12)
FN:139,(anonymous_13)
FN:164,(anonymous_14)
FN:176,(anonymous_15)
FN:192,(anonymous_16)
FN:202,(anonymous_17)
FN:238,(anonymous_18)
FN:251,(anonymous_19)
FNF:20
FNH:1
FNDA:1,(anonymous_0)
FNDA:0,(anonymous_1)
FNDA:0,(anonymous_2)
FNDA:0,(anonymous_3)
FNDA:0,(anonymous_4)
FNDA:0,(anonymous_5)
FNDA:0,(anonymous_6)
FNDA:0,(anonymous_7)
FNDA:0,(anonymous_8)
FNDA:0,(anonymous_9)
FNDA:0,(anonymous_10)
FNDA:0,(anonymous_11)
FNDA:0,(anonymous_12)
FNDA:0,(anonymous_13)
FNDA:0,(anonymous_14)
FNDA:0,(anonymous_15)
FNDA:0,(anonymous_16)
FNDA:0,(anonymous_17)
FNDA:0,(anonymous_18)
FNDA:0,(anonymous_19)
DA:34,1
DA:50,1
DA:51,1
DA:52,0
DA:53,0
DA:55,0
DA:56,0
DA:57,0
DA:58,0
DA:59,0
DA:60,0
DA:61,0
DA:63,0
DA:64,0
DA:65,0
DA:66,0
DA:69,0
DA:70,0
DA:71,0
DA:73,0
DA:74,0
DA:75,0
DA:76,0
DA:77,0
DA:80,0
DA:81,0
DA:82,0
DA:86,0
DA:87,0
DA:88,0
DA:89,0
DA:93,0
DA:94,0
DA:97,0
DA:98,0
DA:99,0
DA:105,0
DA:111,0
DA:115,0
DA:118,0
DA:119,0
DA:120,0
DA:122,0
DA:127,0
DA:130,0
DA:131,0
DA:132,0
DA:134,0
DA:137,0
DA:140,0
DA:150,0
DA:151,0
DA:152,0
DA:154,0
DA:155,0
DA:156,0
DA:158,0
DA:160,0
DA:164,0
DA:165,0
DA:166,0
DA:167,0
DA:168,0
DA:169,0
DA:170,0
DA:172,0
DA:176,0
DA:177,0
DA:178,0
DA:179,0
DA:180,0
DA:181,0
DA:182,0
DA:183,0
DA:185,0
DA:188,0
DA:192,0
DA:193,0
DA:194,0
DA:195,0
DA:196,0
DA:198,0
DA:202,0
DA:203,0
DA:204,0
DA:205,0
DA:206,0
DA:208,0
DA:212,0
DA:239,0
DA:240,0
DA:241,0
DA:252,0
DA:253,0
LF:94
LH:3
BRDA:88,0,0,0
BRDA:88,0,1,0
BRDA:88,1,0,0
BRDA:88,1,1,0
BRDA:124,2,0,0
BRDA:124,2,1,0
BRDA:150,3,0,0
BRDA:150,3,1,0
BRDA:150,4,0,0
BRDA:150,4,1,0
BRDA:155,5,0,0
BRDA:155,5,1,0
BRDA:165,6,0,0
BRDA:165,6,1,0
BRDA:167,7,0,0
BRDA:167,7,1,0
BRDA:169,8,0,0
BRDA:169,8,1,0
BRDA:178,9,0,0
BRDA:178,9,1,0
BRDA:178,10,0,0
BRDA:178,10,1,0
BRDA:180,11,0,0
BRDA:180,11,1,0
BRDA:193,12,0,0
BRDA:193,12,1,0
BRDA:193,13,0,0
BRDA:193,13,1,0
BRDA:195,14,0,0
BRDA:195,14,1,0
BRDA:195,15,0,0
BRDA:195,15,1,0
BRDA:203,16,0,0
BRDA:203,16,1,0
BRDA:203,17,0,0
BRDA:203,17,1,0
BRDA:205,18,0,0
BRDA:205,18,1,0
BRDA:205,19,0,0
BRDA:205,19,1,0
BRDA:240,20,0,0
BRDA:240,20,1,0
BRDA:244,21,0,0
BRDA:244,21,1,0
BRDA:257,22,0,0
BRDA:257,22,1,0
BRDA:260,23,0,0
BRDA:260,23,1,0
BRF:48
BRH:0
end_of_record
TN:
SF:src/screens/PinCreate/PinCreate.utils.ts
FN:9,(anonymous_0)
FN:13,(anonymous_1)
FN:20,(anonymous_2)
FN:34,(anonymous_3)
FN:39,(anonymous_4)
FN:46,(anonymous_5)
FN:51,(anonymous_6)
FNF:7
FNH:2
FNDA:1,(anonymous_0)
FNDA:0,(anonymous_1)
FNDA:0,(anonymous_2)
FNDA:0,(anonymous_3)
FNDA:0,(anonymous_4)
FNDA:0,(anonymous_5)
FNDA:2,(anonymous_6)
DA:9,2
DA:10,1
DA:13,2
DA:14,0
DA:17,0
DA:20,2
DA:25,0
DA:26,0
DA:30,0
DA:34,2
DA:35,0
DA:36,0
DA:39,2
DA:40,0
DA:43,0
DA:46,2
DA:47,0
DA:48,0
DA:51,2
DA:52,2
DA:53,2
LF:21
LH:10
BRF:0
BRH:0
end_of_record
TN:
SF:src/screens/PinCreate/index.ts
FNF:0
FNH:0
LF:0
LH:0
BRF:0
BRH:0
end_of_record
TN:
SF:src/screens/PinEnter/PinEnter.tsx
FN:37,(anonymous_0)
FN:44,(anonymous_1)
FN:46,(anonymous_2)
FN:49,(anonymous_3)
FN:52,(anonymous_4)
FN:63,(anonymous_5)
FN:82,(anonymous_6)
FN:86,(anonymous_7)
FN:88,(anonymous_8)
FN:121,(anonymous_9)
FN:130,(anonymous_10)
FN:139,(anonymous_11)
FNF:12
FNH:1
FNDA:1,(anonymous_0)
FNDA:0,(anonymous_1)
FNDA:0,(anonymous_2)
FNDA:0,(anonymous_3)
FNDA:0,(anonymous_4)
FNDA:0,(anonymous_5)
FNDA:0,(anonymous_6)
FNDA:0,(anonymous_7)
FNDA:0,(anonymous_8)
FNDA:0,(anonymous_9)
FNDA:0,(anonymous_10)
FNDA:0,(anonymous_11)
DA:22,1
DA:37,1
DA:38,1
DA:39,0
DA:40,0
DA:41,0
DA:42,0
DA:44,0
DA:45,0
DA:47,0
DA:50,0
DA:53,0
DA:56,0
DA:57,0
DA:58,0
DA:59,0
DA:63,0
DA:64,0
DA:65,0
DA:66,0
DA:67,0
DA:68,0
DA:69,0
DA:70,0
DA:71,0
DA:72,0
DA:73,0
DA:75,0
DA:78,0
DA:82,0
DA:83,0
DA:86,0
DA:87,0
DA:89,0
DA:92,0
DA:93,0
DA:94,0
DA:95,0
DA:96,0
DA:98,0
DA:99,0
DA:100,0
DA:101,0
DA:102,0
DA:103,0
DA:108,0
DA:122,0
DA:123,0
DA:124,0
DA:131,0
DA:140,0
DA:141,0
LF:52
LH:3
BRDA:56,0,0,0
BRDA:56,0,1,0
BRDA:56,1,0,0
BRDA:56,1,1,0
BRDA:65,2,0,0
BRDA:65,2,1,0
BRDA:65,3,0,0
BRDA:65,3,1,0
BRDA:67,4,0,0
BRDA:67,4,1,0
BRDA:72,5,0,0
BRDA:72,5,1,0
BRDA:92,6,0,0
BRDA:92,6,1,0
BRDA:100,7,0,0
BRDA:100,7,1,0
BRDA:123,8,0,0
BRDA:123,8,1,0
BRF:18
BRH:0
end_of_record
TN:
SF:src/screens/PinEnter/PinEnter.utils.ts
FN:8,(anonymous_0)
FN:15,(anonymous_1)
FN:20,(anonymous_2)
FN:27,(anonymous_3)
FN:32,(anonymous_4)
FNF:5
FNH:2
FNDA:0,(anonymous_0)
FNDA:0,(anonymous_1)
FNDA:0,(anonymous_2)
FNDA:2,(anonymous_3)
FNDA:1,(anonymous_4)
DA:8,2
DA:9,0
DA:12,0
DA:15,2
DA:16,0
DA:17,0
DA:20,2
DA:21,0
DA:24,0
DA:27,2
DA:28,2
DA:29,2
DA:32,2
DA:33,1
LF:14
LH:8
BRF:0
BRH:0
end_of_record
TN:
SF:src/screens/PinEnter/index.ts
FNF:0
FNH:0
LF:0
LH:0
BRF:0
BRH:0
end_of_record
TN:
SF:src/screens/Registration/Registration.utils.ts
FN:8,(anonymous_0)
FN:22,(anonymous_1)
FN:36,(anonymous_2)
FN:44,(anonymous_3)
FN:48,(anonymous_4)
FNF:5
FNH:3
FNDA:4,(anonymous_0)
FNDA:1,(anonymous_1)
FNDA:0,(anonymous_2)
FNDA:8,(anonymous_3)
FNDA:0,(anonymous_4)
DA:8,1
DA:9,4
DA:10,4
DA:11,16
DA:12,16
DA:13,80
DA:14,80
DA:16,16
DA:17,16
DA:19,4
DA:22,1
DA:27,1
DA:28,1
DA:32,1
DA:36,1
DA:37,0
DA:41,0
DA:44,1
DA:45,8
DA:48,1
DA:49,0
LF:21
LH:18
BRF:0
BRH:0
end_of_record
TN:
SF:src/screens/Splash/Splash.tsx
FN:22,(anonymous_0)
FN:23,(anonymous_1)
FN:41,(anonymous_2)
FNF:3
FNH:1
FNDA:1,(anonymous_0)
FNDA:0,(anonymous_1)
FNDA:0,(anonymous_2)
DA:13,1
DA:22,1
DA:23,1
DA:24,0
DA:25,0
DA:26,0
DA:28,0
DA:29,0
DA:31,0
DA:32,0
DA:34,0
DA:35,0
DA:37,0
DA:41,1
DA:42,0
DA:45,1
LF:16
LH:5
BRDA:26,0,0,0
BRDA:26,0,1,0
BRDA:26,0,2,0
BRDA:26,0,3,0
BRF:4
BRH:0
end_of_record
TN:
SF:src/screens/Splash/Splash.utils.ts
FN:5,(anonymous_0)
FN:12,(anonymous_1)
FNF:2
FNH:1
FNDA:1,(anonymous_0)
FNDA:0,(anonymous_1)
DA:5,2
DA:6,1
DA:9,1
DA:12,2
DA:13,0
LF:5
LH:4
BRF:0
BRH:0
end_of_record
TN:
SF:src/screens/Splash/index.ts
FNF:0
FNH:0
LF:0
LH:0
BRF:0
BRH:0
end_of_record
TN:
SF:src/screens/ViewMnemonic/ViewMnemonic.utils.ts
FN:4,(anonymous_0)
FN:9,(anonymous_1)
FN:16,(anonymous_2)
FN:17,(anonymous_3)
FNF:4
FNH:2
FNDA:0,(anonymous_0)
FNDA:0,(anonymous_1)
FNDA:2,(anonymous_2)
FNDA:2,(anonymous_3)
DA:4,1
DA:5,0
DA:6,0
DA:9,1
DA:10,0
DA:13,0
DA:16,1
DA:17,2
DA:18,2
DA:19,1
DA:21,2
LF:11
LH:7
BRDA:18,0,0,1
BRDA:18,0,1,1
BRF:2
BRH:2
end_of_record
TN:
SF:src/theme/theme.ts
FNF:0
FNH:0
DA:88,28
DA:89,28
DA:90,28
DA:91,28
DA:92,28
DA:94,28
DA:102,28
DA:108,28
DA:127,28
DA:137,28
DA:152,28
DA:160,28
DA:200,28
DA:206,28
DA:244,28
DA:267,28
DA:271,28
LF:17
LH:17
BRF:0
BRH:0
end_of_record
TN:
SF:src/types/navigators.ts
FNF:0
FNH:0
LF:0
LH:0
BRF:0
BRH:0
end_of_record
TN:
SF:src/utils/helpers.ts
FN:10,(anonymous_0)
FN:15,parseSchema
FN:28,(anonymous_2)
FN:38,parseCredDef
FN:50,(anonymous_4)
FN:59,credentialSchema
FN:66,credentialDefinition
FN:73,parsedSchema
FN:80,parsedCredentialDefinition
FN:86,hashCode
FN:89,(anonymous_10)
FN:92,hashToRGBA
FN:97,(anonymous_12)
FN:104,(anonymous_13)
FN:109,(anonymous_14)
FNF:15
FNH:7
FNDA:0,(anonymous_0)
FNDA:36,parseSchema
FNDA:64,(anonymous_2)
FNDA:0,parseCredDef
FNDA:0,(anonymous_4)
FNDA:36,credentialSchema
FNDA:0,credentialDefinition
FNDA:36,parsedSchema
FNDA:0,parsedCredentialDefinition
FNDA:19,hashCode
FNDA:282,(anonymous_10)
FNDA:19,hashToRGBA
FNDA:0,(anonymous_12)
FNDA:0,(anonymous_13)
FNDA:0,(anonymous_14)
DA:10,12
DA:11,0
DA:12,0
DA:19,36
DA:20,36
DA:21,36
DA:22,34
DA:23,34
DA:24,34
DA:25,34
DA:29,64
DA:32,34
DA:35,36
DA:41,0
DA:42,0
DA:44,0
DA:45,0
DA:46,0
DA:47,0
DA:51,0
DA:56,0
DA:62,36
DA:69,0
DA:77,36
DA:83,0
DA:87,19
DA:89,282
DA:93,19
DA:94,19
DA:97,12
DA:98,0
DA:99,0
DA:102,12
DA:104,12
DA:105,0
DA:106,0
DA:109,12
DA:110,0
DA:111,0
LF:39
LH:21
BRDA:21,0,0,34
BRDA:21,0,1,2
BRDA:24,1,0,34
BRDA:24,1,1,0
BRDA:42,2,0,0
BRDA:42,2,1,0
BRDA:46,3,0,0
BRDA:46,3,1,0
BRF:8
BRH:3
end_of_record
TN:
SF:src/utils/keychain.ts
FN:3,(anonymous_0)
FN:11,(anonymous_1)
FNF:2
FNH:1
FNDA:2,(anonymous_0)
FNDA:0,(anonymous_1)
DA:3,6
DA:8,2
DA:11,6
DA:12,0
DA:13,0
LF:5
LH:3
BRF:0
BRH:0
end_of_record
TN:
SF:src/utils/testhelpers.ts
FN:11,(anonymous_0)
FNF:1
FNH:1
FNDA:1,(anonymous_0)
DA:11,1
DA:52,1
LF:2
LH:2
BRDA:11,0,0,0
BRDA:12,1,0,0
BRDA:13,2,0,1
BRDA:14,3,0,0
BRDA:15,4,0,0
BRDA:16,5,0,1
BRDA:17,6,0,1
BRDA:18,7,0,1
BRDA:30,8,0,1
BRDA:32,9,0,1
BRDA:37,10,0,1
BRDA:38,11,0,1
BRDA:50,12,0,1
BRF:13
BRH:9
end_of_record
TN:
SF:src/utils/toast.ts
FN:5,(anonymous_0)
FN:12,(anonymous_1)
FN:19,(anonymous_2)
FN:26,(anonymous_3)
FNF:4
FNH:0
FNDA:0,(anonymous_0)
FNDA:0,(anonymous_1)
FNDA:0,(anonymous_2)
FNDA:0,(anonymous_3)
DA:5,5
DA:6,0
DA:12,5
DA:13,0
DA:19,5
DA:20,0
DA:26,5
DA:27,0
LF:8
LH:4
BRDA:8,0,0,0
BRDA:8,0,1,0
BRDA:15,1,0,0
BRDA:15,1,1,0
BRDA:22,2,0,0
BRDA:22,2,1,0
BRDA:29,3,0,0
BRDA:29,3,1,0
BRF:8
BRH:0
end_of_record
TN:
SF:src/utils/wordsList.ts
FNF:0
FNH:0
DA:1,1
LF:1
LH:1
BRF:0
BRH:0
end_of_record
