TN:
SF:src/constants.ts
FNF:0
FNH:0
DA:1,8
DA:3,8
DA:6,8
DA:9,8
DA:26,8
LF:5
LH:5
BRF:0
BRH:0
end_of_record
TN:
SF:src/api/index.ts
FN:12,(anonymous_0)
FN:16,(anonymous_1)
FN:20,(anonymous_2)
FN:24,(anonymous_3)
FNF:4
FNH:0
FNDA:0,(anonymous_0)
FNDA:0,(anonymous_1)
FNDA:0,(anonymous_2)
FNDA:0,(anonymous_3)
DA:5,1
DA:12,1
DA:13,0
DA:16,1
DA:17,0
DA:20,1
DA:21,0
DA:24,1
DA:25,0
DA:28,1
DA:29,1
LF:11
LH:7
BRF:0
BRH:0
end_of_record
TN:
SF:src/api/auth/index.ts
FN:9,(anonymous_0)
FN:11,(anonymous_1)
FN:17,(anonymous_2)
FNF:3
FNH:1
FNDA:1,(anonymous_0)
FNDA:0,(anonymous_1)
FNDA:0,(anonymous_2)
DA:9,1
DA:10,1
DA:15,0
DA:18,0
LF:4
LH:2
BRDA:13,0,0,0
BRDA:17,1,0,0
BRF:2
BRH:0
end_of_record
TN:
SF:src/components/index.ts
FNF:0
FNH:0
LF:0
LH:0
BRF:0
BRH:0
end_of_record
TN:
SF:src/components/button/Button.tsx
FN:20,(anonymous_0)
FNF:1
FNH:1
FNDA:1,(anonymous_0)
DA:20,4
DA:27,1
LF:2
LH:2
BRDA:22,0,0,0
BRDA:25,1,0,1
BRF:2
BRH:1
end_of_record
TN:
SF:src/components/checkbox/CheckBoxRow.tsx
FN:28,(anonymous_0)
FNF:1
FNH:1
FNDA:1,(anonymous_0)
DA:14,1
DA:28,1
DA:34,1
DA:36,1
LF:4
LH:4
BRDA:34,0,0,1
BRDA:34,0,1,0
BRDA:44,1,0,0
BRDA:44,1,1,1
BRF:4
BRH:2
end_of_record
TN:
SF:src/components/inputs/SearchBar.tsx
FN:45,(anonymous_0)
FN:75,(anonymous_1)
FN:86,(anonymous_2)
FN:98,(anonymous_3)
FNF:4
FNH:0
FNDA:0,(anonymous_0)
FNDA:0,(anonymous_1)
FNDA:0,(anonymous_2)
FNDA:0,(anonymous_3)
DA:6,1
DA:45,1
DA:51,0
DA:76,0
DA:87,0
DA:88,0
DA:99,0
DA:100,0
DA:101,0
LF:9
LH:2
BRDA:54,0,0,0
BRDA:54,0,1,0
BRDA:80,1,0,0
BRDA:80,1,1,0
BRDA:94,2,0,0
BRDA:94,2,1,0
BRF:6
BRH:0
end_of_record
TN:
SF:src/components/inputs/SingleSelectBlock.tsx
FN:38,(anonymous_0)
FN:45,(anonymous_1)
FN:52,(anonymous_2)
FN:56,(anonymous_3)
FNF:4
FNH:0
FNDA:0,(anonymous_0)
FNDA:0,(anonymous_1)
FNDA:0,(anonymous_2)
FNDA:0,(anonymous_3)
DA:12,3
DA:38,3
DA:43,0
DA:45,0
DA:46,0
DA:47,0
DA:50,0
DA:53,0
DA:56,0
LF:9
LH:2
BRDA:43,0,0,0
BRDA:43,0,1,0
BRDA:59,1,0,0
BRDA:59,1,1,0
BRF:4
BRH:0
end_of_record
TN:
SF:src/components/inputs/TextInput.tsx
FN:35,(anonymous_0)
FN:47,(anonymous_1)
FN:48,(anonymous_2)
FNF:3
FNH:1
FNDA:1,(anonymous_0)
FNDA:0,(anonymous_1)
FNDA:0,(anonymous_2)
DA:16,4
DA:35,4
DA:36,1
DA:38,1
DA:47,0
DA:48,0
LF:6
LH:4
BRDA:44,0,0,1
BRDA:44,0,1,0
BRF:2
BRH:1
end_of_record
TN:
SF:src/components/listItems/ContactListItem.tsx
FN:30,(anonymous_0)
FN:35,(anonymous_1)
FNF:2
FNH:0
FNDA:0,(anonymous_0)
FNDA:0,(anonymous_1)
DA:17,3
DA:30,3
DA:31,0
DA:33,0
DA:36,0
LF:5
LH:2
BRDA:43,0,0,0
BRDA:43,0,1,0
BRF:2
BRH:0
end_of_record
TN:
SF:src/components/listItems/CredentialListItem.tsx
FN:13,(anonymous_0)
FN:20,(anonymous_1)
FNF:2
FNH:0
FNDA:0,(anonymous_0)
FNDA:0,(anonymous_1)
DA:13,1
DA:16,0
DA:18,0
DA:21,0
LF:4
LH:1
BRF:0
BRH:0
end_of_record
TN:
SF:src/components/listItems/NotificationListItem.tsx
FN:76,(anonymous_0)
FN:88,(anonymous_1)
FN:94,(anonymous_2)
FN:103,(anonymous_3)
FN:105,(anonymous_4)
FN:130,(anonymous_5)
FN:147,(anonymous_6)
FNF:7
FNH:0
FNDA:0,(anonymous_0)
FNDA:0,(anonymous_1)
FNDA:0,(anonymous_2)
FNDA:0,(anonymous_3)
FNDA:0,(anonymous_4)
FNDA:0,(anonymous_5)
FNDA:0,(anonymous_6)
DA:24,3
DA:36,3
DA:76,3
DA:80,0
DA:81,0
DA:82,0
DA:83,0
DA:86,0
DA:88,0
DA:89,0
DA:92,0
DA:94,0
DA:96,0
DA:97,0
DA:100,0
DA:103,0
DA:104,0
DA:105,0
DA:106,0
DA:109,0
DA:110,0
DA:113,0
DA:117,0
DA:118,0
DA:120,0
DA:121,0
DA:124,0
DA:125,0
DA:127,0
DA:129,0
DA:130,0
DA:131,0
DA:134,0
DA:135,0
DA:136,0
DA:139,0
DA:140,0
DA:141,0
DA:143,0
DA:145,0
DA:146,0
DA:147,0
DA:148,0
DA:149,0
DA:152,0
DA:155,0
LF:46
LH:3
BRDA:84,0,0,0
BRDA:84,0,1,0
BRDA:104,1,0,0
BRDA:104,1,1,0
BRDA:127,2,0,0
BRDA:127,2,1,0
BRDA:127,2,2,0
BRDA:140,3,0,0
BRDA:140,3,1,0
BRDA:143,4,0,0
BRDA:143,4,1,0
BRF:11
BRH:0
end_of_record
TN:
SF:src/components/listItems/SettingListItem.tsx
FN:28,(anonymous_0)
FNF:1
FNH:0
FNDA:0,(anonymous_0)
DA:12,3
DA:28,3
DA:29,0
LF:3
LH:2
BRF:0
BRH:0
end_of_record
TN:
SF:src/components/loader/Loader.tsx
FN:18,(anonymous_0)
FNF:1
FNH:1
FNDA:1,(anonymous_0)
DA:9,4
DA:18,4
DA:19,1
LF:3
LH:3
BRF:0
BRH:0
end_of_record
TN:
SF:src/components/misc/AvatarView.tsx
FN:24,(anonymous_0)
FNF:1
FNH:0
FNDA:0,(anonymous_0)
DA:11,1
DA:24,1
DA:25,0
LF:3
LH:2
BRF:0
BRH:0
end_of_record
TN:
SF:src/components/misc/CredentialCard.tsx
FN:32,(anonymous_0)
FNF:1
FNH:0
FNDA:0,(anonymous_0)
DA:17,1
DA:32,1
DA:36,0
DA:38,0
LF:4
LH:2
BRDA:34,0,0,0
BRF:1
BRH:0
end_of_record
TN:
SF:src/components/text/HighlightTextBox.tsx
FN:30,(anonymous_0)
FNF:1
FNH:1
FNDA:1,(anonymous_0)
DA:9,4
DA:11,4
DA:30,4
DA:31,1
LF:4
LH:4
BRF:0
BRH:0
end_of_record
TN:
SF:src/components/text/InfoTextBox.tsx
FN:36,(anonymous_0)
FNF:1
FNH:1
FNDA:1,(anonymous_0)
DA:11,2
DA:12,2
DA:14,2
DA:36,2
DA:37,1
LF:5
LH:5
BRF:0
BRH:0
end_of_record
TN:
SF:src/components/text/Label.tsx
FN:37,(anonymous_0)
FNF:1
FNH:0
FNDA:0,(anonymous_0)
DA:12,3
DA:37,3
DA:38,0
LF:3
LH:2
BRDA:37,0,0,0
BRDA:37,1,0,0
BRF:2
BRH:0
end_of_record
TN:
SF:src/components/text/Text.tsx
FN:16,(anonymous_0)
FNF:1
FNH:0
FNDA:0,(anonymous_0)
DA:5,3
DA:16,3
DA:17,0
LF:3
LH:2
BRF:0
BRH:0
end_of_record
TN:
SF:src/components/text/Title.tsx
FN:18,(anonymous_0)
FNF:1
FNH:0
FNDA:0,(anonymous_0)
DA:10,3
DA:18,3
DA:19,0
LF:3
LH:2
BRF:0
BRH:0
end_of_record
TN:
SF:src/components/toast/BaseToast.tsx
FN:50,(anonymous_0)
FNF:1
FNH:1
FNDA:4,(anonymous_0)
DA:25,1
DA:50,1
DA:51,4
DA:52,4
DA:53,4
DA:54,4
DA:55,4
DA:56,4
DA:57,4
DA:59,4
DA:61,1
DA:62,1
DA:63,1
DA:64,1
DA:65,1
DA:66,1
DA:69,1
DA:70,1
DA:71,1
DA:72,1
DA:73,1
DA:74,1
DA:77,1
DA:78,1
DA:79,1
DA:80,1
DA:81,1
DA:82,1
DA:85,1
DA:86,1
DA:87,1
DA:88,1
DA:89,1
DA:90,1
DA:93,0
DA:96,4
LF:36
LH:35
BRDA:59,0,0,1
BRDA:59,0,1,1
BRDA:59,0,2,1
BRDA:59,0,3,1
BRDA:59,0,4,0
BRF:5
BRH:4
end_of_record
TN:
SF:src/components/views/SafeAreaScrollView.tsx
FN:21,(anonymous_0)
FNF:1
FNH:0
FNDA:0,(anonymous_0)
DA:11,3
DA:21,3
DA:22,0
LF:3
LH:2
BRF:0
BRH:0
end_of_record
TN:
SF:src/hooks/notifcations.ts
FN:17,(anonymous_0)
FN:22,(anonymous_1)
FNF:2
FNH:0
FNDA:0,(anonymous_0)
FNDA:0,(anonymous_1)
DA:17,1
DA:18,0
DA:19,0
DA:21,0
DA:22,0
DA:25,0
LF:6
LH:1
BRDA:25,0,0,0
BRDA:25,0,1,0
BRF:2
BRH:0
end_of_record
TN:
SF:src/screens/Home.tsx
FN:58,(anonymous_0)
FN:67,(anonymous_1)
FN:75,(anonymous_2)
FN:134,(anonymous_3)
FN:149,(anonymous_4)
FN:157,(anonymous_5)
FN:158,(anonymous_6)
FNF:7
FNH:1
FNDA:1,(anonymous_0)
FNDA:0,(anonymous_1)
FNDA:0,(anonymous_2)
FNDA:0,(anonymous_3)
FNDA:0,(anonymous_4)
FNDA:0,(anonymous_5)
FNDA:0,(anonymous_6)
DA:21,1
DA:25,1
DA:26,1
DA:28,1
DA:58,1
DA:59,1
DA:60,0
DA:61,0
DA:66,0
DA:67,0
DA:68,0
DA:75,0
DA:76,0
DA:77,0
DA:82,0
DA:83,0
DA:90,0
DA:91,0
DA:99,0
DA:102,0
DA:123,0
DA:134,0
DA:150,0
DA:157,0
DA:159,0
LF:25
LH:6
BRDA:76,0,0,0
BRDA:76,0,1,0
BRDA:82,1,0,0
BRDA:82,1,1,0
BRDA:90,2,0,0
BRDA:90,2,1,0
BRDA:104,3,0,0
BRDA:104,3,1,0
BRDA:128,4,0,0
BRDA:128,4,1,0
BRDA:130,5,0,0
BRDA:130,5,1,0
BRDA:162,6,0,0
BRDA:162,6,1,0
BRDA:164,7,0,0
BRDA:164,7,1,0
BRDA:167,8,0,0
BRDA:167,8,1,0
BRF:18
BRH:0
end_of_record
TN:
SF:src/screens/ListCredentials.tsx
FN:29,(anonymous_0)
FN:42,(anonymous_1)
FN:46,(anonymous_2)
FN:52,(anonymous_3)
FN:53,(anonymous_4)
FN:63,(anonymous_5)
FN:73,(anonymous_6)
FN:80,(anonymous_7)
FN:82,(anonymous_8)
FNF:9
FNH:1
FNDA:2,(anonymous_0)
FNDA:0,(anonymous_1)
FNDA:0,(anonymous_2)
FNDA:0,(anonymous_3)
FNDA:0,(anonymous_4)
FNDA:0,(anonymous_5)
FNDA:0,(anonymous_6)
FNDA:0,(anonymous_7)
FNDA:0,(anonymous_8)
DA:15,1
DA:29,1
DA:35,2
DA:37,0
DA:38,0
DA:39,0
DA:40,0
DA:42,0
DA:43,0
DA:46,0
DA:47,0
DA:48,0
DA:52,0
DA:53,0
DA:54,0
DA:55,0
DA:56,0
DA:59,0
DA:60,0
DA:63,0
DA:64,0
DA:69,0
DA:73,0
DA:80,0
DA:83,0
LF:25
LH:3
BRDA:47,0,0,0
BRDA:47,0,1,0
BRDA:80,1,0,0
BRDA:80,1,1,0
BRDA:87,2,0,0
BRDA:87,2,1,0
BRF:6
BRH:0
end_of_record
TN:
SF:src/screens/Settings.tsx
FN:41,(anonymous_0)
FN:46,(anonymous_1)
FN:50,(anonymous_2)
FN:59,(anonymous_3)
FN:63,(anonymous_4)
FN:67,(anonymous_5)
FN:71,(anonymous_6)
FNF:7
FNH:1
FNDA:1,(anonymous_0)
FNDA:0,(anonymous_1)
FNDA:0,(anonymous_2)
FNDA:0,(anonymous_3)
FNDA:0,(anonymous_4)
FNDA:0,(anonymous_5)
FNDA:0,(anonymous_6)
DA:14,1
DA:41,1
DA:45,1
DA:46,0
DA:47,0
DA:50,0
DA:54,0
DA:59,0
DA:63,0
DA:67,0
DA:71,0
LF:11
LH:3
BRF:0
BRH:0
end_of_record
TN:
SF:src/screens/Splash.tsx
FN:21,(anonymous_0)
FN:22,(anonymous_1)
FN:41,(anonymous_2)
FNF:3
FNH:1
FNDA:1,(anonymous_0)
FNDA:0,(anonymous_1)
FNDA:0,(anonymous_2)
DA:12,1
DA:21,1
DA:22,1
DA:23,0
DA:26,0
DA:27,0
DA:28,0
DA:29,0
DA:30,0
DA:31,0
DA:32,0
DA:33,0
DA:34,0
DA:36,0
DA:37,0
DA:41,1
DA:42,0
DA:45,1
LF:18
LH:5
BRDA:26,0,0,0
BRDA:26,0,1,0
BRDA:29,1,0,0
BRDA:29,1,1,0
BRDA:32,2,0,0
BRDA:32,2,1,0
BRF:6
BRH:0
end_of_record
TN:
SF:src/screens/ExportWallet/ExportWallet.utils.ts
FN:5,(anonymous_0)
FN:11,(anonymous_1)
FN:12,(anonymous_2)
FNF:3
FNH:2
FNDA:0,(anonymous_0)
FNDA:2,(anonymous_1)
FNDA:2,(anonymous_2)
DA:5,1
DA:6,0
DA:9,0
DA:11,1
DA:12,2
DA:13,2
DA:14,1
DA:16,2
LF:8
LH:6
BRDA:13,0,0,1
BRDA:13,0,1,1
BRF:2
BRH:2
end_of_record
TN:
SF:src/screens/PinEnter/PinEnter.utils.ts
FN:8,(anonymous_0)
FN:15,(anonymous_1)
FN:20,(anonymous_2)
FN:27,(anonymous_3)
FN:32,(anonymous_4)
FNF:5
FNH:2
FNDA:0,(anonymous_0)
FNDA:0,(anonymous_1)
FNDA:0,(anonymous_2)
FNDA:2,(anonymous_3)
FNDA:1,(anonymous_4)
DA:8,1
DA:9,0
DA:12,0
DA:15,1
DA:16,0
DA:17,0
DA:20,1
DA:21,0
DA:24,0
DA:27,1
DA:28,2
DA:29,2
DA:32,1
DA:33,1
LF:14
LH:8
BRF:0
BRH:0
end_of_record
TN:
SF:src/screens/Registration/Registration.utils.ts
FN:8,(anonymous_0)
FN:22,(anonymous_1)
FN:36,(anonymous_2)
FN:44,(anonymous_3)
FN:48,(anonymous_4)
FNF:5
FNH:3
FNDA:4,(anonymous_0)
FNDA:1,(anonymous_1)
FNDA:0,(anonymous_2)
FNDA:8,(anonymous_3)
FNDA:0,(anonymous_4)
DA:8,1
DA:9,4
DA:10,4
DA:11,16
DA:12,16
DA:13,80
DA:14,80
DA:16,16
DA:17,16
DA:19,4
DA:22,1
DA:27,1
DA:28,1
DA:32,1
DA:36,1
DA:37,0
DA:41,0
DA:44,1
DA:45,8
DA:48,1
DA:49,0
LF:21
LH:18
BRF:0
BRH:0
end_of_record
TN:
SF:src/screens/ViewMnemonic/ViewMnemonic.utils.ts
FN:6,(anonymous_0)
FN:13,(anonymous_1)
FN:18,(anonymous_2)
FN:25,(anonymous_3)
FN:31,(anonymous_4)
FN:32,(anonymous_5)
FNF:6
FNH:2
FNDA:0,(anonymous_0)
FNDA:0,(anonymous_1)
FNDA:0,(anonymous_2)
FNDA:0,(anonymous_3)
FNDA:2,(anonymous_4)
FNDA:2,(anonymous_5)
DA:6,1
DA:7,0
DA:10,0
DA:13,1
DA:14,0
DA:15,0
DA:18,1
DA:19,0
DA:22,0
DA:25,1
DA:26,0
DA:29,0
DA:31,1
DA:32,2
DA:33,2
DA:34,1
DA:36,2
LF:17
LH:9
BRDA:33,0,0,1
BRDA:33,0,1,1
BRF:2
BRH:2
end_of_record
TN:
SF:src/theme/theme.ts
FNF:0
FNH:0
DA:88,10
DA:89,10
DA:90,10
DA:91,10
DA:92,10
DA:94,10
DA:102,10
DA:108,10
DA:127,10
DA:137,10
DA:152,10
DA:160,10
DA:200,10
DA:206,10
DA:244,10
DA:267,10
DA:271,10
LF:17
LH:17
BRF:0
BRH:0
end_of_record
TN:
SF:src/types/navigators.ts
FNF:0
FNH:0
LF:0
LH:0
BRF:0
BRH:0
end_of_record
TN:
SF:src/utils/helpers.ts
FN:10,(anonymous_0)
FN:15,parseSchema
FN:28,(anonymous_2)
FN:38,parseCredDef
FN:50,(anonymous_4)
FN:59,credentialSchema
FN:66,credentialDefinition
FN:73,parsedSchema
FN:80,parsedCredentialDefinition
FN:86,hashCode
FN:89,(anonymous_10)
FN:92,hashToRGBA
FN:97,(anonymous_12)
FN:104,(anonymous_13)
FN:109,(anonymous_14)
FNF:15
FNH:0
FNDA:0,(anonymous_0)
FNDA:0,parseSchema
FNDA:0,(anonymous_2)
FNDA:0,parseCredDef
FNDA:0,(anonymous_4)
FNDA:0,credentialSchema
FNDA:0,credentialDefinition
FNDA:0,parsedSchema
FNDA:0,parsedCredentialDefinition
FNDA:0,hashCode
FNDA:0,(anonymous_10)
FNDA:0,hashToRGBA
FNDA:0,(anonymous_12)
FNDA:0,(anonymous_13)
FNDA:0,(anonymous_14)
DA:10,3
DA:11,0
DA:12,0
DA:19,0
DA:20,0
DA:21,0
DA:22,0
DA:23,0
DA:24,0
DA:25,0
DA:29,0
DA:32,0
DA:35,0
DA:41,0
DA:42,0
DA:44,0
DA:45,0
DA:46,0
DA:47,0
DA:51,0
DA:56,0
DA:62,0
DA:69,0
DA:77,0
DA:83,0
DA:87,0
DA:89,0
DA:93,0
DA:94,0
DA:97,3
DA:98,0
DA:99,0
DA:102,3
DA:104,3
DA:105,0
DA:106,0
DA:109,3
DA:110,0
DA:111,0
LF:39
LH:5
BRDA:21,0,0,0
BRDA:21,0,1,0
BRDA:24,1,0,0
BRDA:24,1,1,0
BRDA:42,2,0,0
BRDA:42,2,1,0
BRDA:46,3,0,0
BRDA:46,3,1,0
BRF:8
BRH:0
end_of_record
TN:
SF:src/utils/keychain.ts
FN:3,(anonymous_0)
FN:11,(anonymous_1)
FNF:2
FNH:1
FNDA:1,(anonymous_0)
FNDA:0,(anonymous_1)
DA:3,4
DA:8,1
DA:11,4
DA:12,0
DA:13,0
LF:5
LH:3
BRF:0
BRH:0
end_of_record
TN:
SF:src/utils/wordsList.ts
FNF:0
FNH:0
DA:1,1
LF:1
LH:1
BRF:0
BRH:0
end_of_record
